INFO  time: initialize in 0.26s
WARN  no build target: /Users/abyssparanoia/workspace/other/scala-playground/akka-slick/build.sbt
WARN  no build target: /Users/abyssparanoia/workspace/other/scala-playground/akka-slick/src/main/scala/Sample.scala
INFO  running '/Library/Java/JavaVirtualMachines/amazon-corretto-8.jdk/Contents/Home/bin/java -Djline.terminal=jline.UnsupportedTerminal -Dsbt.log.noformat=true -Dfile.encoding=UTF-8 -jar /var/folders/mp/xq7jcdg54rz3v6m1kjp7nt3c0000gn/T/metals29668426319573696/sbt-launch.jar metalsEnable bloopInstall'
INFO  [info] Loading settings for project global-plugins from plugins.sbt,metals.sbt ...
INFO  [info] Loading global plugins from /Users/abyssparanoia/.sbt/1.0/plugins
INFO  [info] Updating ProjectRef(uri("file:/Users/abyssparanoia/.sbt/1.0/plugins/"), "global-plugins")...
INFO  [info] downloading https://repo1.maven.org/maven2/io/circe/circe-parser_2.12/0.9.3/circe-parser_2.12-0.9.3.jar ...
INFO  [info] downloading https://repo1.maven.org/maven2/ch/epfl/scala/bloop-config_2.12/1.3.2/bloop-config_2.12-1.3.2.jar ...
INFO  [info] downloading https://repo1.maven.org/maven2/io/circe/circe-derivation_2.12/0.9.0-M3/circe-derivation_2.12-0.9.0-M3.jar ...
INFO  [info] downloading https://repo1.maven.org/maven2/io/circe/circe-jawn_2.12/0.9.3/circe-jawn_2.12-0.9.3.jar ...
INFO  [info] downloading https://repo1.maven.org/maven2/ch/epfl/scala/sbt-bloop_2.12_1.0/1.3.2/sbt-bloop-1.3.2.jar ...
INFO  [info] downloading https://repo1.maven.org/maven2/org/scalameta/sbt-metals_2.12_1.0/0.7.6/sbt-metals-0.7.6.jar ...
INFO  [info] 	[SUCCESSFUL ] ch.epfl.scala#sbt-bloop;1.3.2!sbt-bloop.jar (940ms)
INFO  [info] downloading https://repo1.maven.org/maven2/io/circe/circe-core_2.12/0.9.3/circe-core_2.12-0.9.3.jar ...
INFO  [info] 	[SUCCESSFUL ] io.circe#circe-jawn_2.12;0.9.3!circe-jawn_2.12.jar (918ms)
INFO  [info] downloading https://repo1.maven.org/maven2/org/spire-math/jawn-parser_2.12/0.11.1/jawn-parser_2.12-0.11.1.jar ...
INFO  [info] 	[SUCCESSFUL ] io.circe#circe-parser_2.12;0.9.3!circe-parser_2.12.jar (991ms)
INFO  [info] downloading https://repo1.maven.org/maven2/io/circe/circe-numbers_2.12/0.9.3/circe-numbers_2.12-0.9.3.jar ...
INFO  [info] 	[SUCCESSFUL ] org.scalameta#sbt-metals;0.7.6!sbt-metals.jar (1190ms)
INFO  [info] downloading https://repo1.maven.org/maven2/org/typelevel/cats-core_2.12/1.0.1/cats-core_2.12-1.0.1.jar ...
INFO  [info] 	[SUCCESSFUL ] io.circe#circe-derivation_2.12;0.9.0-M3!circe-derivation_2.12.jar (1206ms)
INFO  [info] downloading https://repo1.maven.org/maven2/org/typelevel/cats-macros_2.12/1.0.1/cats-macros_2.12-1.0.1.jar ...
INFO  [info] 	[SUCCESSFUL ] ch.epfl.scala#bloop-config_2.12;1.3.2!bloop-config_2.12.jar (1337ms)
INFO  [info] downloading https://repo1.maven.org/maven2/org/typelevel/cats-kernel_2.12/1.0.1/cats-kernel_2.12-1.0.1.jar ...
INFO  [info] 	[SUCCESSFUL ] org.spire-math#jawn-parser_2.12;0.11.1!jawn-parser_2.12.jar (627ms)
INFO  [info] downloading https://repo1.maven.org/maven2/org/typelevel/machinist_2.12/0.6.2/machinist_2.12-0.6.2.jar ...
INFO  [info] 	[SUCCESSFUL ] io.circe#circe-numbers_2.12;0.9.3!circe-numbers_2.12.jar (644ms)
INFO  [info] 	[SUCCESSFUL ] org.typelevel#cats-macros_2.12;1.0.1!cats-macros_2.12.jar (512ms)
INFO  [info] 	[SUCCESSFUL ] org.typelevel#machinist_2.12;0.6.2!machinist_2.12.jar (501ms)
INFO  [info] 	[SUCCESSFUL ] io.circe#circe-core_2.12;0.9.3!circe-core_2.12.jar (1605ms)
INFO  [info] 	[SUCCESSFUL ] org.typelevel#cats-kernel_2.12;1.0.1!cats-kernel_2.12.jar (3456ms)
INFO  [info] 	[SUCCESSFUL ] org.typelevel#cats-core_2.12;1.0.1!cats-core_2.12.jar (8560ms)
INFO  [info] Done updating.
INFO  [info] Loading project definition from /Users/abyssparanoia/workspace/other/scala-playground/akka-slick/project
INFO  [info] Updating ProjectRef(uri("file:/Users/abyssparanoia/workspace/other/scala-playground/akka-slick/project/"), "akka-slick-build")...
INFO  [info] Done updating.
INFO  [success] Generated .bloop/akka-slick-build.json
INFO  [success] Total time: 1 s, completed Sep 30, 2019 1:06:45 AM
INFO  [info] Updating ProjectRef(uri("file:/Users/abyssparanoia/workspace/other/scala-playground/akka-slick/project/"), "akka-slick-build")...
INFO  [info] Done updating.
INFO  [info] Loading settings for project akka-slick from build.sbt ...
INFO  [info] Set current project to akka-slick (in build file:/Users/abyssparanoia/workspace/other/scala-playground/akka-slick/)
INFO  [info] Set current project to akka-slick (in build file:/Users/abyssparanoia/workspace/other/scala-playground/akka-slick/)
INFO  [info] semanticdb-scalac is enabled
INFO  [info] downloading https://repo1.maven.org/maven2/org/scala-lang/modules/scala-java8-compat_2.11/0.7.0/scala-java8-compat_2.11-0.7.0-sources.jar ...
INFO  [info] downloading https://repo1.maven.org/maven2/com/typesafe/akka/akka-parsing_2.11/2.4.10/akka-parsing_2.11-2.4.10-sources.jar ...
INFO  [info] downloading https://repo1.maven.org/maven2/org/scala-lang/scala-library/2.11.8/scala-library-2.11.8-sources.jar ...
INFO  [info] downloading https://repo1.maven.org/maven2/org/scala-lang/modules/scala-parser-combinators_2.11/1.0.4/scala-parser-combinators_2.11-1.0.4-sources.jar ...
INFO  [info] downloading https://repo1.maven.org/maven2/com/typesafe/akka/akka-http-experimental_2.11/2.4.10/akka-http-experimental_2.11-2.4.10-sources.jar ...
INFO  [info] 	[SUCCESSFUL ] com.typesafe.akka#akka-parsing_2.11;2.4.10!akka-parsing_2.11.jar(src) (627ms)
INFO  [info] 	[SUCCESSFUL ] org.scala-lang.modules#scala-java8-compat_2.11;0.7.0!scala-java8-compat_2.11.jar(src) (628ms)
INFO  [info] downloading https://repo1.maven.org/maven2/com/typesafe/ssl-config-akka_2.11/0.2.1/ssl-config-akka_2.11-0.2.1-sources.jar ...
INFO  [info] downloading https://repo1.maven.org/maven2/com/typesafe/ssl-config-core_2.11/0.2.1/ssl-config-core_2.11-0.2.1-sources.jar ...
INFO  [info] downloading https://repo1.maven.org/maven2/com/typesafe/akka/akka-http-core_2.11/2.4.10/akka-http-core_2.11-2.4.10-sources.jar ...
INFO  [info] 	[SUCCESSFUL ] com.typesafe.akka#akka-http-experimental_2.11;2.4.10!akka-http-experimental_2.11.jar(src) (903ms)
INFO  [info] 	[SUCCESSFUL ] org.scala-lang.modules#scala-parser-combinators_2.11;1.0.4!scala-parser-combinators_2.11.jar(src) (990ms)
INFO  [info] downloading https://repo1.maven.org/maven2/com/typesafe/config/1.3.0/config-1.3.0-sources.jar ...
INFO  [info] downloading https://repo1.maven.org/maven2/com/typesafe/akka/akka-actor_2.11/2.4.10/akka-actor_2.11-2.4.10-sources.jar ...
INFO  [info] 	[SUCCESSFUL ] com.typesafe#ssl-config-akka_2.11;0.2.1!ssl-config-akka_2.11.jar(src) (1189ms)
INFO  [info] 	[SUCCESSFUL ] org.scala-lang#scala-library;2.11.8!scala-library.jar(src) (1243ms)
INFO  [info] 	[SUCCESSFUL ] com.typesafe#ssl-config-core_2.11;0.2.1!ssl-config-core_2.11.jar(src) (620ms)
INFO  [info] downloading https://repo1.maven.org/maven2/com/typesafe/akka/akka-stream_2.11/2.4.10/akka-stream_2.11-2.4.10-sources.jar ...
INFO  [info] downloading https://repo1.maven.org/maven2/org/reactivestreams/reactive-streams/1.0.0/reactive-streams-1.0.0-sources.jar ...
INFO  [info] downloading https://repo1.maven.org/maven2/org/scala-lang/scala-compiler/2.11.8/scala-compiler-2.11.8-sources.jar ...
INFO  [info] 	[SUCCESSFUL ] com.typesafe#config;1.3.0!config.jar(src) (766ms)
INFO  [info] downloading https://repo1.maven.org/maven2/org/scala-lang/modules/scala-xml_2.11/1.0.4/scala-xml_2.11-1.0.4-sources.jar ...
INFO  [info] 	[SUCCESSFUL ] org.reactivestreams#reactive-streams;1.0.0!reactive-streams.jar(src) (619ms)
INFO  [info] 	[SUCCESSFUL ] com.typesafe.akka#akka-http-core_2.11;2.4.10!akka-http-core_2.11.jar(src) (1235ms)
INFO  [info] downloading https://repo1.maven.org/maven2/jline/jline/2.12.1/jline-2.12.1-sources.jar ...
INFO  [info] downloading https://repo1.maven.org/maven2/org/scala-lang/scala-reflect/2.11.8/scala-reflect-2.11.8-sources.jar ...
INFO  [info] 	[SUCCESSFUL ] org.scala-lang.modules#scala-xml_2.11;1.0.4!scala-xml_2.11.jar(src) (655ms)
INFO  [info] 	[SUCCESSFUL ] com.typesafe.akka#akka-stream_2.11;2.4.10!akka-stream_2.11.jar(src) (1253ms)
INFO  [info] 	[SUCCESSFUL ] jline#jline;2.12.1!jline.jar(src) (744ms)
INFO  [info] 	[SUCCESSFUL ] com.typesafe.akka#akka-actor_2.11;2.4.10!akka-actor_2.11.jar(src) (1721ms)
INFO  [info] 	[SUCCESSFUL ] org.scala-lang#scala-reflect;2.11.8!scala-reflect.jar(src) (878ms)
INFO  [info] 	[SUCCESSFUL ] org.scala-lang#scala-compiler;2.11.8!scala-compiler.jar(src) (2735ms)
INFO  [success] Generated .bloop/akka-slick.json
INFO  [success] Generated .bloop/akka-slick-test.json
INFO  [success] Total time: 4 s, completed Sep 30, 2019 1:06:51 AM
INFO  build tool exit: 0
INFO  time: ran 'sbt bloopInstall' in 55s
INFO  running embedded 'bloop bsp --protocol local --socket /var/folders/mp/xq7jcdg54rz3v6m1kjp7nt3c0000gn/T/bsp1711431367861997140/1306xw9ty2aei.socket'
Downloading https://repo1.maven.org/maven2/ch/epfl/scala/bloop-frontend_2.12/1.3.2/bloop-frontend_2.12-1.3.2.pom
Downloading https://repo1.maven.org/maven2/ch/epfl/scala/bloop-frontend_2.12/1.3.2/bloop-frontend_2.12-1.3.2.pom.sha1
Downloaded https://repo1.maven.org/maven2/ch/epfl/scala/bloop-frontend_2.12/1.3.2/bloop-frontend_2.12-1.3.2.pom.sha1
Downloaded https://repo1.maven.org/maven2/ch/epfl/scala/bloop-frontend_2.12/1.3.2/bloop-frontend_2.12-1.3.2.pom
Downloading https://repo1.maven.org/maven2/ch/epfl/scala/bloop-frontend_2.12/1.3.2/
Downloaded https://repo1.maven.org/maven2/ch/epfl/scala/bloop-frontend_2.12/1.3.2/
Downloading https://repo1.maven.org/maven2/ch/epfl/scala/sockets/1.3.2/sockets-1.3.2.pom
Downloading https://repo1.maven.org/maven2/ch/epfl/scala/sockets/1.3.2/sockets-1.3.2.pom.sha1
Downloading https://repo1.maven.org/maven2/ch/epfl/scala/case-app_2.12/1.2.0-faster-compile-time/case-app_2.12-1.2.0-faster-compile-time.pom
Downloading https://repo1.maven.org/maven2/ch/epfl/scala/case-app_2.12/1.2.0-faster-compile-time/case-app_2.12-1.2.0-faster-compile-time.pom.sha1
Downloading https://repo1.maven.org/maven2/ch/epfl/scala/bloop-backend_2.12/1.3.2/bloop-backend_2.12-1.3.2.pom
Downloading https://repo1.maven.org/maven2/ch/epfl/scala/bloop-backend_2.12/1.3.2/bloop-backend_2.12-1.3.2.pom.sha1
Downloaded https://repo1.maven.org/maven2/ch/epfl/scala/sockets/1.3.2/sockets-1.3.2.pom
Downloading https://repo1.maven.org/maven2/org/scalaz/scalaz-core_2.12/7.2.20/scalaz-core_2.12-7.2.20.pom
Downloaded https://repo1.maven.org/maven2/org/scalaz/scalaz-core_2.12/7.2.20/scalaz-core_2.12-7.2.20.pom
Downloading https://repo1.maven.org/maven2/org/scalaz/scalaz-core_2.12/7.2.20/scalaz-core_2.12-7.2.20.pom.sha1
Downloaded https://repo1.maven.org/maven2/ch/epfl/scala/sockets/1.3.2/sockets-1.3.2.pom.sha1
Downloading https://repo1.maven.org/maven2/io/monix/monix_2.12/2.3.3/monix_2.12-2.3.3.pom.sha1
Downloaded https://repo1.maven.org/maven2/ch/epfl/scala/case-app_2.12/1.2.0-faster-compile-time/case-app_2.12-1.2.0-faster-compile-time.pom
Downloading https://repo1.maven.org/maven2/io/monix/monix_2.12/2.3.3/monix_2.12-2.3.3.pom
Downloaded https://repo1.maven.org/maven2/ch/epfl/scala/case-app_2.12/1.2.0-faster-compile-time/case-app_2.12-1.2.0-faster-compile-time.pom.sha1
Downloading https://repo1.maven.org/maven2/ch/epfl/scala/bloop-config_2.12/1.3.2/bloop-config_2.12-1.3.2.pom.sha1
Downloaded https://repo1.maven.org/maven2/ch/epfl/scala/bloop-backend_2.12/1.3.2/bloop-backend_2.12-1.3.2.pom.sha1
Downloading https://repo1.maven.org/maven2/ch/epfl/scala/bloop-config_2.12/1.3.2/bloop-config_2.12-1.3.2.pom
Downloaded https://repo1.maven.org/maven2/org/scalaz/scalaz-core_2.12/7.2.20/scalaz-core_2.12-7.2.20.pom.sha1
Downloading https://repo1.maven.org/maven2/org/scala-lang/scala-library/2.12.10/
Downloaded https://repo1.maven.org/maven2/io/monix/monix_2.12/2.3.3/monix_2.12-2.3.3.pom.sha1
Downloading https://repo1.maven.org/maven2/com/zaxxer/nuprocess/1.2.4/
Downloaded https://repo1.maven.org/maven2/io/monix/monix_2.12/2.3.3/monix_2.12-2.3.3.pom
Downloading https://repo1.maven.org/maven2/ch/epfl/scala/sockets/1.3.2/
Downloaded https://repo1.maven.org/maven2/ch/epfl/scala/bloop-config_2.12/1.3.2/bloop-config_2.12-1.3.2.pom.sha1
Downloading https://repo1.maven.org/maven2/ch/epfl/scala/case-app_2.12/1.2.0-faster-compile-time/
Downloaded https://repo1.maven.org/maven2/ch/epfl/scala/bloop-config_2.12/1.3.2/bloop-config_2.12-1.3.2.pom
Downloading https://repo1.maven.org/maven2/org/scalaz/scalaz-core_2.12/7.2.20/
Downloaded https://repo1.maven.org/maven2/ch/epfl/scala/bloop-backend_2.12/1.3.2/bloop-backend_2.12-1.3.2.pom
Downloading https://repo1.maven.org/maven2/io/monix/monix_2.12/2.3.3/
Downloaded https://repo1.maven.org/maven2/org/scala-lang/scala-library/2.12.10/
Downloading https://repo1.maven.org/maven2/ch/epfl/scala/bloop-backend_2.12/1.3.2/
Downloaded https://repo1.maven.org/maven2/com/zaxxer/nuprocess/1.2.4/
Downloading https://repo1.maven.org/maven2/ch/epfl/scala/bloop-config_2.12/1.3.2/
Downloaded https://repo1.maven.org/maven2/ch/epfl/scala/sockets/1.3.2/
Downloaded https://repo1.maven.org/maven2/ch/epfl/scala/case-app_2.12/1.2.0-faster-compile-time/
Downloaded https://repo1.maven.org/maven2/org/scalaz/scalaz-core_2.12/7.2.20/
Downloaded https://repo1.maven.org/maven2/ch/epfl/scala/bloop-backend_2.12/1.3.2/
Downloaded https://repo1.maven.org/maven2/io/monix/monix_2.12/2.3.3/
Downloaded https://repo1.maven.org/maven2/ch/epfl/scala/bloop-config_2.12/1.3.2/
Downloading https://repo1.maven.org/maven2/io/circe/circe-parser_2.12/0.9.3/circe-parser_2.12-0.9.3.pom
Downloading https://repo1.maven.org/maven2/io/circe/circe-parser_2.12/0.9.3/circe-parser_2.12-0.9.3.pom.sha1
Downloading https://repo1.maven.org/maven2/io/monix/monix-execution_2.12/2.3.3/monix-execution_2.12-2.3.3.pom
Downloading https://repo1.maven.org/maven2/io/monix/monix-execution_2.12/2.3.3/monix-execution_2.12-2.3.3.pom.sha1
Downloading https://repo1.maven.org/maven2/io/monix/monix-eval_2.12/2.3.3/monix-eval_2.12-2.3.3.pom
Downloading https://repo1.maven.org/maven2/io/monix/monix-eval_2.12/2.3.3/monix-eval_2.12-2.3.3.pom.sha1
Downloaded https://repo1.maven.org/maven2/io/circe/circe-parser_2.12/0.9.3/circe-parser_2.12-0.9.3.pom.sha1
Downloading https://repo1.maven.org/maven2/io/monix/monix-reactive_2.12/2.3.3/monix-reactive_2.12-2.3.3.pom.sha1
Downloaded https://repo1.maven.org/maven2/io/monix/monix-eval_2.12/2.3.3/monix-eval_2.12-2.3.3.pom
Downloading https://repo1.maven.org/maven2/io/monix/monix-reactive_2.12/2.3.3/monix-reactive_2.12-2.3.3.pom
Downloaded https://repo1.maven.org/maven2/io/circe/circe-parser_2.12/0.9.3/circe-parser_2.12-0.9.3.pom
Downloading https://repo1.maven.org/maven2/io/zipkin/reporter2/zipkin-sender-urlconnection/2.7.15/zipkin-sender-urlconnection-2.7.15.pom
Downloaded https://repo1.maven.org/maven2/io/monix/monix-execution_2.12/2.3.3/monix-execution_2.12-2.3.3.pom.sha1
Downloading https://repo1.maven.org/maven2/io/zipkin/reporter2/zipkin-sender-urlconnection/2.7.15/zipkin-sender-urlconnection-2.7.15.pom.sha1
Downloaded https://repo1.maven.org/maven2/io/monix/monix-execution_2.12/2.3.3/monix-execution_2.12-2.3.3.pom
Downloading https://repo1.maven.org/maven2/ch/epfl/scala/case-app-annotations_2.12/1.2.0-faster-compile-time/case-app-annotations_2.12-1.2.0-faster-compile-time.pom
Downloaded https://repo1.maven.org/maven2/ch/epfl/scala/case-app-annotations_2.12/1.2.0-faster-compile-time/case-app-annotations_2.12-1.2.0-faster-compile-time.pom
Downloading https://repo1.maven.org/maven2/ch/epfl/scala/case-app-annotations_2.12/1.2.0-faster-compile-time/case-app-annotations_2.12-1.2.0-faster-compile-time.pom.sha1
Downloaded https://repo1.maven.org/maven2/io/monix/monix-reactive_2.12/2.3.3/monix-reactive_2.12-2.3.3.pom.sha1
Downloading https://repo1.maven.org/maven2/org/scalaz/scalaz-concurrent_2.12/7.2.20/scalaz-concurrent_2.12-7.2.20.pom
Downloaded https://repo1.maven.org/maven2/io/monix/monix-reactive_2.12/2.3.3/monix-reactive_2.12-2.3.3.pom
Downloading https://repo1.maven.org/maven2/org/scalaz/scalaz-concurrent_2.12/7.2.20/scalaz-concurrent_2.12-7.2.20.pom.sha1
Downloaded https://repo1.maven.org/maven2/io/zipkin/reporter2/zipkin-sender-urlconnection/2.7.15/zipkin-sender-urlconnection-2.7.15.pom
Downloading https://repo1.maven.org/maven2/io/zipkin/brave/brave/5.6.1/brave-5.6.1.pom
Downloaded https://repo1.maven.org/maven2/io/zipkin/reporter2/zipkin-sender-urlconnection/2.7.15/zipkin-sender-urlconnection-2.7.15.pom.sha1
Downloading https://repo1.maven.org/maven2/io/zipkin/brave/brave/5.6.1/brave-5.6.1.pom.sha1
Downloaded https://repo1.maven.org/maven2/io/monix/monix-eval_2.12/2.3.3/monix-eval_2.12-2.3.3.pom.sha1
Downloading https://repo1.maven.org/maven2/ch/epfl/scala/zinc_2.12/1.3.0-M4+22-4704d479/zinc_2.12-1.3.0-M4+22-4704d479.pom
Downloaded https://repo1.maven.org/maven2/ch/epfl/scala/case-app-annotations_2.12/1.2.0-faster-compile-time/case-app-annotations_2.12-1.2.0-faster-compile-time.pom.sha1
Downloading https://repo1.maven.org/maven2/ch/epfl/scala/zinc_2.12/1.3.0-M4+22-4704d479/zinc_2.12-1.3.0-M4+22-4704d479.pom.sha1
Downloaded https://repo1.maven.org/maven2/org/scalaz/scalaz-concurrent_2.12/7.2.20/scalaz-concurrent_2.12-7.2.20.pom.sha1
Downloading https://repo1.maven.org/maven2/ch/epfl/scala/bsp4s_2.12/2.0.0-M4/bsp4s_2.12-2.0.0-M4.pom
Downloaded https://repo1.maven.org/maven2/org/scalaz/scalaz-concurrent_2.12/7.2.20/scalaz-concurrent_2.12-7.2.20.pom
Downloading https://repo1.maven.org/maven2/ch/epfl/scala/bsp4s_2.12/2.0.0-M4/bsp4s_2.12-2.0.0-M4.pom.sha1
Downloaded https://repo1.maven.org/maven2/io/zipkin/brave/brave/5.6.1/brave-5.6.1.pom
Downloading https://repo1.maven.org/maven2/io/get-coursier/coursier_2.12/1.1.0-M14-4/coursier_2.12-1.1.0-M14-4.pom
Downloaded https://repo1.maven.org/maven2/io/zipkin/brave/brave/5.6.1/brave-5.6.1.pom.sha1
Downloading https://repo1.maven.org/maven2/io/get-coursier/coursier_2.12/1.1.0-M14-4/coursier_2.12-1.1.0-M14-4.pom.sha1
Downloaded https://repo1.maven.org/maven2/ch/epfl/scala/zinc_2.12/1.3.0-M4+22-4704d479/zinc_2.12-1.3.0-M4+22-4704d479.pom
Downloading https://repo1.maven.org/maven2/net/jpountz/lz4/lz4/1.3.0/lz4-1.3.0.pom.sha1
Downloaded https://repo1.maven.org/maven2/ch/epfl/scala/zinc_2.12/1.3.0-M4+22-4704d479/zinc_2.12-1.3.0-M4+22-4704d479.pom.sha1
Downloading https://repo1.maven.org/maven2/net/jpountz/lz4/lz4/1.3.0/lz4-1.3.0.pom
Downloaded https://repo1.maven.org/maven2/ch/epfl/scala/bsp4s_2.12/2.0.0-M4/bsp4s_2.12-2.0.0-M4.pom
Downloading https://repo1.maven.org/maven2/ch/epfl/scala/directory-watcher/0.8.0+6-f651bd93/directory-watcher-0.8.0+6-f651bd93.pom
Downloaded https://repo1.maven.org/maven2/ch/epfl/scala/bsp4s_2.12/2.0.0-M4/bsp4s_2.12-2.0.0-M4.pom.sha1
Downloading https://repo1.maven.org/maven2/ch/epfl/scala/directory-watcher/0.8.0+6-f651bd93/directory-watcher-0.8.0+6-f651bd93.pom.sha1
Downloaded https://repo1.maven.org/maven2/io/get-coursier/coursier_2.12/1.1.0-M14-4/coursier_2.12-1.1.0-M14-4.pom
Downloading https://repo1.maven.org/maven2/io/get-coursier/coursier-cache_2.12/1.1.0-M14-4/coursier-cache_2.12-1.1.0-M14-4.pom.sha1
Downloaded https://repo1.maven.org/maven2/io/get-coursier/coursier_2.12/1.1.0-M14-4/coursier_2.12-1.1.0-M14-4.pom.sha1
Downloading https://repo1.maven.org/maven2/org/scala-sbt/librarymanagement-ivy_2.12/1.0.0/librarymanagement-ivy_2.12-1.0.0.pom.sha1
Downloaded https://repo1.maven.org/maven2/net/jpountz/lz4/lz4/1.3.0/lz4-1.3.0.pom.sha1
Downloading https://repo1.maven.org/maven2/org/scala-sbt/librarymanagement-ivy_2.12/1.0.0/librarymanagement-ivy_2.12-1.0.0.pom
Downloaded https://repo1.maven.org/maven2/net/jpountz/lz4/lz4/1.3.0/lz4-1.3.0.pom
Downloading https://repo1.maven.org/maven2/io/get-coursier/coursier-cache_2.12/1.1.0-M14-4/coursier-cache_2.12-1.1.0-M14-4.pom
Downloaded https://repo1.maven.org/maven2/ch/epfl/scala/directory-watcher/0.8.0+6-f651bd93/directory-watcher-0.8.0+6-f651bd93.pom.sha1
Downloading https://repo1.maven.org/maven2/net/java/dev/jna/jna/4.5.1/
Downloaded https://repo1.maven.org/maven2/ch/epfl/scala/directory-watcher/0.8.0+6-f651bd93/directory-watcher-0.8.0+6-f651bd93.pom
Downloading https://repo1.maven.org/maven2/org/ow2/asm/asm-util/6.0/asm-util-6.0.pom.sha1
Downloaded https://repo1.maven.org/maven2/io/get-coursier/coursier-cache_2.12/1.1.0-M14-4/coursier-cache_2.12-1.1.0-M14-4.pom.sha1
Downloading https://repo1.maven.org/maven2/io/github/soc/directories/10/directories-10.pom
Downloaded https://repo1.maven.org/maven2/org/scala-sbt/librarymanagement-ivy_2.12/1.0.0/librarymanagement-ivy_2.12-1.0.0.pom.sha1
Downloading https://repo1.maven.org/maven2/io/github/soc/directories/10/directories-10.pom.sha1
Downloaded https://repo1.maven.org/maven2/io/get-coursier/coursier-cache_2.12/1.1.0-M14-4/coursier-cache_2.12-1.1.0-M14-4.pom
Downloading https://repo1.maven.org/maven2/ch/epfl/scala/nailgun-server/ee3c4343/nailgun-server-ee3c4343.pom
Downloaded https://repo1.maven.org/maven2/org/scala-sbt/librarymanagement-ivy_2.12/1.0.0/librarymanagement-ivy_2.12-1.0.0.pom
Downloading https://repo1.maven.org/maven2/org/ow2/asm/asm-util/6.0/asm-util-6.0.pom
Downloaded https://repo1.maven.org/maven2/net/java/dev/jna/jna/4.5.1/
Downloading https://repo1.maven.org/maven2/ch/epfl/scala/nailgun-server/ee3c4343/nailgun-server-ee3c4343.pom.sha1
Downloaded https://repo1.maven.org/maven2/org/ow2/asm/asm-util/6.0/asm-util-6.0.pom.sha1
Downloaded https://repo1.maven.org/maven2/io/github/soc/directories/10/directories-10.pom.sha1
Downloading https://repo1.maven.org/maven2/ch/epfl/scala/case-app-util_2.12/1.2.0-faster-compile-time/case-app-util_2.12-1.2.0-faster-compile-time.pom
Downloading https://repo1.maven.org/maven2/com/lihaoyi/pprint_2.12/0.5.3/pprint_2.12-0.5.3.pom
Downloaded https://repo1.maven.org/maven2/io/github/soc/directories/10/directories-10.pom
Downloading https://repo1.maven.org/maven2/com/lihaoyi/pprint_2.12/0.5.3/pprint_2.12-0.5.3.pom.sha1
Downloaded https://repo1.maven.org/maven2/org/ow2/asm/asm-util/6.0/asm-util-6.0.pom
Downloading https://repo1.maven.org/maven2/ch/epfl/scala/case-app-util_2.12/1.2.0-faster-compile-time/case-app-util_2.12-1.2.0-faster-compile-time.pom.sha1
Downloaded https://repo1.maven.org/maven2/ch/epfl/scala/nailgun-server/ee3c4343/nailgun-server-ee3c4343.pom
Downloading https://repo1.maven.org/maven2/io/circe/circe-derivation_2.12/0.9.0-M3/circe-derivation_2.12-0.9.0-M3.pom
Downloaded https://repo1.maven.org/maven2/com/lihaoyi/pprint_2.12/0.5.3/pprint_2.12-0.5.3.pom.sha1
Downloading https://repo1.maven.org/maven2/org/scala-sbt/test-agent/1.0.4/test-agent-1.0.4.pom.sha1
Downloaded https://repo1.maven.org/maven2/ch/epfl/scala/nailgun-server/ee3c4343/nailgun-server-ee3c4343.pom.sha1
Downloading https://repo1.maven.org/maven2/io/circe/circe-derivation_2.12/0.9.0-M3/circe-derivation_2.12-0.9.0-M3.pom.sha1
Downloaded https://repo1.maven.org/maven2/com/lihaoyi/pprint_2.12/0.5.3/pprint_2.12-0.5.3.pom
Downloading https://repo1.maven.org/maven2/org/scala-sbt/test-interface/1.0/test-interface-1.0.pom.sha1
Downloaded https://repo1.maven.org/maven2/ch/epfl/scala/case-app-util_2.12/1.2.0-faster-compile-time/case-app-util_2.12-1.2.0-faster-compile-time.pom
Downloading https://repo1.maven.org/maven2/org/scala-sbt/test-agent/1.0.4/test-agent-1.0.4.pom
Downloaded https://repo1.maven.org/maven2/ch/epfl/scala/case-app-util_2.12/1.2.0-faster-compile-time/case-app-util_2.12-1.2.0-faster-compile-time.pom.sha1
Downloading https://repo1.maven.org/maven2/org/scala-sbt/test-interface/1.0/test-interface-1.0.pom
Downloaded https://repo1.maven.org/maven2/io/circe/circe-derivation_2.12/0.9.0-M3/circe-derivation_2.12-0.9.0-M3.pom
Downloading https://repo1.maven.org/maven2/org/zeroturnaround/zt-zip/1.13/zt-zip-1.13.pom
Downloaded https://repo1.maven.org/maven2/org/scala-sbt/test-agent/1.0.4/test-agent-1.0.4.pom.sha1
Downloading https://repo1.maven.org/maven2/io/monix/monix-execution_2.12/2.3.3/
Downloaded https://repo1.maven.org/maven2/io/circe/circe-derivation_2.12/0.9.0-M3/circe-derivation_2.12-0.9.0-M3.pom.sha1
Downloading https://repo1.maven.org/maven2/org/zeroturnaround/zt-zip/1.13/zt-zip-1.13.pom.sha1
Downloaded https://repo1.maven.org/maven2/org/scala-sbt/test-interface/1.0/test-interface-1.0.pom.sha1
Downloading https://repo1.maven.org/maven2/io/circe/circe-parser_2.12/0.9.3/
Downloaded https://repo1.maven.org/maven2/org/scala-sbt/test-agent/1.0.4/test-agent-1.0.4.pom
Downloading https://repo1.maven.org/maven2/org/ow2/asm/asm/6.0/asm-6.0.pom
Downloaded https://repo1.maven.org/maven2/org/scala-sbt/test-interface/1.0/test-interface-1.0.pom
Downloading https://repo1.maven.org/maven2/org/ow2/asm/asm/6.0/asm-6.0.pom.sha1
Downloaded https://repo1.maven.org/maven2/org/zeroturnaround/zt-zip/1.13/zt-zip-1.13.pom
Downloaded https://repo1.maven.org/maven2/io/monix/monix-execution_2.12/2.3.3/
Downloaded https://repo1.maven.org/maven2/org/zeroturnaround/zt-zip/1.13/zt-zip-1.13.pom.sha1
Downloading https://repo1.maven.org/maven2/io/monix/monix-reactive_2.12/2.3.3/
Downloading https://repo1.maven.org/maven2/io/zipkin/reporter2/zipkin-sender-urlconnection/2.7.15/
Downloading https://repo1.maven.org/maven2/io/monix/monix-eval_2.12/2.3.3/
Downloaded https://repo1.maven.org/maven2/io/circe/circe-parser_2.12/0.9.3/
Downloading https://repo1.maven.org/maven2/ch/epfl/scala/case-app-annotations_2.12/1.2.0-faster-compile-time/
Downloaded https://repo1.maven.org/maven2/org/ow2/asm/asm/6.0/asm-6.0.pom
Downloading https://repo1.maven.org/maven2/org/scalaz/scalaz-concurrent_2.12/7.2.20/
Downloaded https://repo1.maven.org/maven2/org/ow2/asm/asm/6.0/asm-6.0.pom.sha1
Downloading https://repo1.maven.org/maven2/io/monix/monix-types_2.12/2.3.3/monix-types_2.12-2.3.3.pom
Downloaded https://repo1.maven.org/maven2/io/monix/monix-eval_2.12/2.3.3/
Downloading https://repo1.maven.org/maven2/io/monix/monix-types_2.12/2.3.3/monix-types_2.12-2.3.3.pom.sha1
Downloaded https://repo1.maven.org/maven2/io/monix/monix-reactive_2.12/2.3.3/
Downloading https://repo1.maven.org/maven2/io/zipkin/brave/brave/5.6.1/
Downloaded https://repo1.maven.org/maven2/ch/epfl/scala/case-app-annotations_2.12/1.2.0-faster-compile-time/
Downloaded https://repo1.maven.org/maven2/io/zipkin/reporter2/zipkin-sender-urlconnection/2.7.15/
Downloading https://repo1.maven.org/maven2/ch/epfl/scala/bsp4s_2.12/2.0.0-M4/
Downloaded https://repo1.maven.org/maven2/org/scalaz/scalaz-concurrent_2.12/7.2.20/
Downloading https://repo1.maven.org/maven2/io/get-coursier/coursier_2.12/1.1.0-M14-4/
Downloading https://repo1.maven.org/maven2/ch/epfl/scala/zinc_2.12/1.3.0-M4+22-4704d479/
Downloaded https://repo1.maven.org/maven2/io/monix/monix-types_2.12/2.3.3/monix-types_2.12-2.3.3.pom
Downloading https://repo1.maven.org/maven2/net/jpountz/lz4/lz4/1.3.0/
Downloaded https://repo1.maven.org/maven2/io/monix/monix-types_2.12/2.3.3/monix-types_2.12-2.3.3.pom.sha1
Downloading https://repo1.maven.org/maven2/ch/epfl/scala/directory-watcher/0.8.0+6-f651bd93/
Downloaded https://repo1.maven.org/maven2/io/zipkin/brave/brave/5.6.1/
Downloading https://repo1.maven.org/maven2/org/scala-sbt/librarymanagement-ivy_2.12/1.0.0/
Downloaded https://repo1.maven.org/maven2/io/get-coursier/coursier_2.12/1.1.0-M14-4/
Downloading https://repo1.maven.org/maven2/io/github/soc/directories/10/
Downloaded https://repo1.maven.org/maven2/ch/epfl/scala/bsp4s_2.12/2.0.0-M4/
Downloading https://repo1.maven.org/maven2/io/get-coursier/coursier-cache_2.12/1.1.0-M14-4/
Downloaded https://repo1.maven.org/maven2/ch/epfl/scala/zinc_2.12/1.3.0-M4+22-4704d479/
Downloading https://repo1.maven.org/maven2/org/ow2/asm/asm-util/6.0/
Downloaded https://repo1.maven.org/maven2/net/jpountz/lz4/lz4/1.3.0/
Downloading https://repo1.maven.org/maven2/com/lihaoyi/pprint_2.12/0.5.3/
Downloaded https://repo1.maven.org/maven2/ch/epfl/scala/directory-watcher/0.8.0+6-f651bd93/
Downloading https://repo1.maven.org/maven2/ch/epfl/scala/nailgun-server/ee3c4343/
Downloaded https://repo1.maven.org/maven2/org/ow2/asm/asm-util/6.0/
Downloading https://repo1.maven.org/maven2/ch/epfl/scala/case-app-util_2.12/1.2.0-faster-compile-time/
Downloaded https://repo1.maven.org/maven2/org/scala-sbt/librarymanagement-ivy_2.12/1.0.0/
Downloaded https://repo1.maven.org/maven2/io/github/soc/directories/10/
Downloading https://repo1.maven.org/maven2/io/circe/circe-derivation_2.12/0.9.0-M3/
Downloading https://repo1.maven.org/maven2/org/scala-sbt/test-agent/1.0.4/
Downloaded https://repo1.maven.org/maven2/io/get-coursier/coursier-cache_2.12/1.1.0-M14-4/
Downloading https://repo1.maven.org/maven2/org/scala-sbt/test-interface/1.0/
Downloaded https://repo1.maven.org/maven2/com/lihaoyi/pprint_2.12/0.5.3/
Downloading https://repo1.maven.org/maven2/org/zeroturnaround/zt-zip/1.13/
Downloaded https://repo1.maven.org/maven2/ch/epfl/scala/nailgun-server/ee3c4343/
Downloading https://repo1.maven.org/maven2/io/monix/monix-types_2.12/2.3.3/
Downloaded https://repo1.maven.org/maven2/org/scala-sbt/test-agent/1.0.4/
Downloading https://repo1.maven.org/maven2/org/ow2/asm/asm/6.0/
Downloaded https://repo1.maven.org/maven2/io/circe/circe-derivation_2.12/0.9.0-M3/
Downloaded https://repo1.maven.org/maven2/ch/epfl/scala/case-app-util_2.12/1.2.0-faster-compile-time/
Downloaded https://repo1.maven.org/maven2/org/scala-sbt/test-interface/1.0/
Downloaded https://repo1.maven.org/maven2/org/zeroturnaround/zt-zip/1.13/
Downloaded https://repo1.maven.org/maven2/io/monix/monix-types_2.12/2.3.3/
Downloaded https://repo1.maven.org/maven2/org/ow2/asm/asm/6.0/
Downloading https://repo1.maven.org/maven2/io/zipkin/brave/brave-parent/5.6.1/brave-parent-5.6.1.pom.sha1
Downloading https://repo1.maven.org/maven2/io/zipkin/brave/brave-parent/5.6.1/brave-parent-5.6.1.pom
Downloading https://repo1.maven.org/maven2/io/zipkin/reporter2/zipkin-reporter-parent/2.7.15/zipkin-reporter-parent-2.7.15.pom.sha1
Downloading https://repo1.maven.org/maven2/org/ow2/asm/asm-parent/6.0/asm-parent-6.0.pom
Downloading https://repo1.maven.org/maven2/org/ow2/asm/asm-parent/6.0/asm-parent-6.0.pom.sha1
Downloading https://repo1.maven.org/maven2/io/zipkin/reporter2/zipkin-reporter-parent/2.7.15/zipkin-reporter-parent-2.7.15.pom
Downloaded https://repo1.maven.org/maven2/io/zipkin/brave/brave-parent/5.6.1/brave-parent-5.6.1.pom.sha1
Downloaded https://repo1.maven.org/maven2/org/ow2/asm/asm-parent/6.0/asm-parent-6.0.pom
Downloaded https://repo1.maven.org/maven2/io/zipkin/reporter2/zipkin-reporter-parent/2.7.15/zipkin-reporter-parent-2.7.15.pom.sha1
Downloaded https://repo1.maven.org/maven2/org/ow2/asm/asm-parent/6.0/asm-parent-6.0.pom.sha1
Downloading https://repo1.maven.org/maven2/org/ow2/asm/asm-parent/6.0/
Downloaded https://repo1.maven.org/maven2/io/zipkin/reporter2/zipkin-reporter-parent/2.7.15/zipkin-reporter-parent-2.7.15.pom
Downloaded https://repo1.maven.org/maven2/org/ow2/asm/asm-parent/6.0/
Downloading https://repo1.maven.org/maven2/io/zipkin/reporter2/zipkin-reporter-parent/2.7.15/
Downloaded https://repo1.maven.org/maven2/io/zipkin/reporter2/zipkin-reporter-parent/2.7.15/
Downloaded https://repo1.maven.org/maven2/io/zipkin/brave/brave-parent/5.6.1/brave-parent-5.6.1.pom
Downloading https://repo1.maven.org/maven2/io/zipkin/brave/brave-parent/5.6.1/
Downloaded https://repo1.maven.org/maven2/io/zipkin/brave/brave-parent/5.6.1/
Downloading https://repo1.maven.org/maven2/org/ow2/ow2/1.3/ow2-1.3.pom
Downloading https://repo1.maven.org/maven2/org/ow2/ow2/1.3/ow2-1.3.pom.sha1
Downloaded https://repo1.maven.org/maven2/org/ow2/ow2/1.3/ow2-1.3.pom.sha1
Downloaded https://repo1.maven.org/maven2/org/ow2/ow2/1.3/ow2-1.3.pom
Downloading https://repo1.maven.org/maven2/org/ow2/ow2/1.3/
Downloaded https://repo1.maven.org/maven2/org/ow2/ow2/1.3/
Downloading https://repo1.maven.org/maven2/ch/epfl/scala/zinc-compile-core_2.12/1.3.0-M4+22-4704d479/zinc-compile-core_2.12-1.3.0-M4+22-4704d479.pom
Downloading https://repo1.maven.org/maven2/ch/epfl/scala/zinc-compile-core_2.12/1.3.0-M4+22-4704d479/zinc-compile-core_2.12-1.3.0-M4+22-4704d479.pom.sha1
Downloading https://repo1.maven.org/maven2/io/circe/circe-core_2.12/0.9.3/circe-core_2.12-0.9.3.pom
Downloading https://repo1.maven.org/maven2/io/circe/circe-core_2.12/0.9.3/circe-core_2.12-0.9.3.pom.sha1
Downloading https://repo1.maven.org/maven2/org/jctools/jctools-core/2.0.1/jctools-core-2.0.1.pom
Downloading https://repo1.maven.org/maven2/org/jctools/jctools-core/2.0.1/jctools-core-2.0.1.pom.sha1
Downloaded https://repo1.maven.org/maven2/io/circe/circe-core_2.12/0.9.3/circe-core_2.12-0.9.3.pom.sha1
Downloading https://repo1.maven.org/maven2/org/reactivestreams/reactive-streams/1.0.0/reactive-streams-1.0.0.pom
Downloaded https://repo1.maven.org/maven2/io/circe/circe-core_2.12/0.9.3/circe-core_2.12-0.9.3.pom
Downloading https://repo1.maven.org/maven2/org/reactivestreams/reactive-streams/1.0.0/reactive-streams-1.0.0.pom.sha1
Downloaded https://repo1.maven.org/maven2/ch/epfl/scala/zinc-compile-core_2.12/1.3.0-M4+22-4704d479/zinc-compile-core_2.12-1.3.0-M4+22-4704d479.pom
Downloading https://repo1.maven.org/maven2/com/eed3si9n/sjson-new-core_2.12/0.8.0/sjson-new-core_2.12-0.8.0.pom.sha1
Downloaded https://repo1.maven.org/maven2/org/jctools/jctools-core/2.0.1/jctools-core-2.0.1.pom.sha1
Downloading https://repo1.maven.org/maven2/org/scalameta/lsp4s_2.12/0.2.0/lsp4s_2.12-0.2.0.pom.sha1
Downloaded https://repo1.maven.org/maven2/org/jctools/jctools-core/2.0.1/jctools-core-2.0.1.pom
Downloading https://repo1.maven.org/maven2/com/eed3si9n/sjson-new-core_2.12/0.8.0/sjson-new-core_2.12-0.8.0.pom
Downloaded https://repo1.maven.org/maven2/com/eed3si9n/sjson-new-core_2.12/0.8.0/sjson-new-core_2.12-0.8.0.pom.sha1
Downloading https://repo1.maven.org/maven2/io/zipkin/zipkin2/zipkin/2.12.1/zipkin-2.12.1.pom
Downloaded https://repo1.maven.org/maven2/org/reactivestreams/reactive-streams/1.0.0/reactive-streams-1.0.0.pom.sha1
Downloading https://repo1.maven.org/maven2/org/scalameta/lsp4s_2.12/0.2.0/lsp4s_2.12-0.2.0.pom
Downloaded https://repo1.maven.org/maven2/org/reactivestreams/reactive-streams/1.0.0/reactive-streams-1.0.0.pom
Downloading https://repo1.maven.org/maven2/io/zipkin/zipkin2/zipkin/2.12.1/zipkin-2.12.1.pom.sha1
Downloaded https://repo1.maven.org/maven2/org/scalameta/lsp4s_2.12/0.2.0/lsp4s_2.12-0.2.0.pom.sha1
Downloading https://repo1.maven.org/maven2/com/google/protobuf/protobuf-java/3.7.0/protobuf-java-3.7.0.pom.sha1
Downloaded https://repo1.maven.org/maven2/com/eed3si9n/sjson-new-core_2.12/0.8.0/sjson-new-core_2.12-0.8.0.pom
Downloading https://repo1.maven.org/maven2/com/google/protobuf/protobuf-java/3.7.0/protobuf-java-3.7.0.pom
Downloaded https://repo1.maven.org/maven2/io/zipkin/zipkin2/zipkin/2.12.1/zipkin-2.12.1.pom
Downloading https://repo1.maven.org/maven2/io/circe/circe-derivation_2.12/0.9.0-M4/circe-derivation_2.12-0.9.0-M4.pom
Downloaded https://repo1.maven.org/maven2/com/google/protobuf/protobuf-java/3.7.0/protobuf-java-3.7.0.pom.sha1
Downloading https://repo1.maven.org/maven2/io/circe/circe-derivation_2.12/0.9.0-M4/circe-derivation_2.12-0.9.0-M4.pom.sha1
Downloaded https://repo1.maven.org/maven2/ch/epfl/scala/zinc-compile-core_2.12/1.3.0-M4+22-4704d479/zinc-compile-core_2.12-1.3.0-M4+22-4704d479.pom.sha1
Downloading https://repo1.maven.org/maven2/io/zipkin/reporter2/zipkin-reporter/2.7.15/zipkin-reporter-2.7.15.pom.sha1
Downloaded https://repo1.maven.org/maven2/io/zipkin/zipkin2/zipkin/2.12.1/zipkin-2.12.1.pom.sha1
Downloading https://repo1.maven.org/maven2/io/zipkin/reporter2/zipkin-reporter/2.7.15/zipkin-reporter-2.7.15.pom
Downloaded https://repo1.maven.org/maven2/org/scalameta/lsp4s_2.12/0.2.0/lsp4s_2.12-0.2.0.pom
Downloading https://repo1.maven.org/maven2/io/get-coursier/coursier-core_2.12/1.1.0-M14-4/coursier-core_2.12-1.1.0-M14-4.pom
Downloaded https://repo1.maven.org/maven2/com/google/protobuf/protobuf-java/3.7.0/protobuf-java-3.7.0.pom
Downloading https://repo1.maven.org/maven2/io/get-coursier/coursier-core_2.12/1.1.0-M14-4/coursier-core_2.12-1.1.0-M14-4.pom.sha1
Downloaded https://repo1.maven.org/maven2/io/zipkin/reporter2/zipkin-reporter/2.7.15/zipkin-reporter-2.7.15.pom.sha1
Downloading https://repo1.maven.org/maven2/com/lihaoyi/fansi_2.12/0.2.5/fansi_2.12-0.2.5.pom.sha1
Downloaded https://repo1.maven.org/maven2/io/circe/circe-derivation_2.12/0.9.0-M4/circe-derivation_2.12-0.9.0-M4.pom
Downloading https://repo1.maven.org/maven2/com/lihaoyi/fansi_2.12/0.2.5/fansi_2.12-0.2.5.pom
Downloaded https://repo1.maven.org/maven2/io/circe/circe-derivation_2.12/0.9.0-M4/circe-derivation_2.12-0.9.0-M4.pom.sha1
Downloading https://repo1.maven.org/maven2/io/circe/circe-jawn_2.12/0.9.3/circe-jawn_2.12-0.9.3.pom.sha1
Downloaded https://repo1.maven.org/maven2/io/get-coursier/coursier-core_2.12/1.1.0-M14-4/coursier-core_2.12-1.1.0-M14-4.pom
Downloading https://repo1.maven.org/maven2/io/circe/circe-jawn_2.12/0.9.3/circe-jawn_2.12-0.9.3.pom
Downloaded https://repo1.maven.org/maven2/io/zipkin/reporter2/zipkin-reporter/2.7.15/zipkin-reporter-2.7.15.pom
Downloading https://repo1.maven.org/maven2/net/java/dev/jna/jna/4.5.2/jna-4.5.2.pom
Downloaded https://repo1.maven.org/maven2/io/get-coursier/coursier-core_2.12/1.1.0-M14-4/coursier-core_2.12-1.1.0-M14-4.pom.sha1
Downloading https://repo1.maven.org/maven2/net/java/dev/jna/jna/4.5.2/jna-4.5.2.pom.sha1
Downloaded https://repo1.maven.org/maven2/com/lihaoyi/fansi_2.12/0.2.5/fansi_2.12-0.2.5.pom.sha1
Downloading https://repo1.maven.org/maven2/org/ow2/asm/asm-tree/6.0/asm-tree-6.0.pom
Downloaded https://repo1.maven.org/maven2/com/lihaoyi/fansi_2.12/0.2.5/fansi_2.12-0.2.5.pom
Downloading https://repo1.maven.org/maven2/com/github/alexarchambault/argonaut-shapeless_6.2_2.12/1.2.0-M11/argonaut-shapeless_6.2_2.12-1.2.0-M11.pom.sha1
Downloaded https://repo1.maven.org/maven2/io/circe/circe-jawn_2.12/0.9.3/circe-jawn_2.12-0.9.3.pom.sha1
Downloading https://repo1.maven.org/maven2/ch/epfl/scala/zinc-persist_2.12/1.3.0-M4+22-4704d479/zinc-persist_2.12-1.3.0-M4+22-4704d479.pom
Downloaded https://repo1.maven.org/maven2/io/circe/circe-jawn_2.12/0.9.3/circe-jawn_2.12-0.9.3.pom
Downloading https://repo1.maven.org/maven2/ch/epfl/scala/zinc-persist_2.12/1.3.0-M4+22-4704d479/zinc-persist_2.12-1.3.0-M4+22-4704d479.pom.sha1
Downloaded https://repo1.maven.org/maven2/net/java/dev/jna/jna/4.5.2/jna-4.5.2.pom
Downloading https://repo1.maven.org/maven2/com/github/alexarchambault/argonaut-shapeless_6.2_2.12/1.2.0-M11/argonaut-shapeless_6.2_2.12-1.2.0-M11.pom
Downloaded https://repo1.maven.org/maven2/net/java/dev/jna/jna/4.5.2/jna-4.5.2.pom.sha1
Downloading https://repo1.maven.org/maven2/org/scala-sbt/librarymanagement-core_2.12/1.0.0/librarymanagement-core_2.12-1.0.0.pom.sha1
Downloaded https://repo1.maven.org/maven2/ch/epfl/scala/zinc-persist_2.12/1.3.0-M4+22-4704d479/zinc-persist_2.12-1.3.0-M4+22-4704d479.pom
Downloading https://repo1.maven.org/maven2/org/ow2/asm/asm-tree/6.0/asm-tree-6.0.pom.sha1
Downloaded https://repo1.maven.org/maven2/com/github/alexarchambault/argonaut-shapeless_6.2_2.12/1.2.0-M11/argonaut-shapeless_6.2_2.12-1.2.0-M11.pom.sha1
Downloading https://repo1.maven.org/maven2/org/slf4j/slf4j-api/1.7.26/slf4j-api-1.7.26.pom
Downloaded https://repo1.maven.org/maven2/org/ow2/asm/asm-tree/6.0/asm-tree-6.0.pom
Downloading https://repo1.maven.org/maven2/org/scala-sbt/ivy/ivy/2.3.0-sbt-a3314352b638afbf0dca19f127e8263ed6f898bd/ivy-2.3.0-sbt-a3314352b638afbf0dca19f127e8263ed6f898bd.pom
Downloaded https://repo1.maven.org/maven2/ch/epfl/scala/zinc-persist_2.12/1.3.0-M4+22-4704d479/zinc-persist_2.12-1.3.0-M4+22-4704d479.pom.sha1
Downloading https://repo1.maven.org/maven2/org/scala-sbt/ivy/ivy/2.3.0-sbt-a3314352b638afbf0dca19f127e8263ed6f898bd/ivy-2.3.0-sbt-a3314352b638afbf0dca19f127e8263ed6f898bd.pom.sha1
Downloaded https://repo1.maven.org/maven2/com/github/alexarchambault/argonaut-shapeless_6.2_2.12/1.2.0-M11/argonaut-shapeless_6.2_2.12-1.2.0-M11.pom
Downloading https://repo1.maven.org/maven2/org/slf4j/slf4j-api/1.7.26/slf4j-api-1.7.26.pom.sha1
Downloaded https://repo1.maven.org/maven2/org/scala-sbt/librarymanagement-core_2.12/1.0.0/librarymanagement-core_2.12-1.0.0.pom.sha1
Downloading https://repo1.maven.org/maven2/org/scala-sbt/librarymanagement-core_2.12/1.0.0/librarymanagement-core_2.12-1.0.0.pom
Downloaded https://repo1.maven.org/maven2/org/scala-sbt/ivy/ivy/2.3.0-sbt-a3314352b638afbf0dca19f127e8263ed6f898bd/ivy-2.3.0-sbt-a3314352b638afbf0dca19f127e8263ed6f898bd.pom
Downloading https://repo1.maven.org/maven2/io/circe/circe-core_2.12/0.9.3/
Downloaded https://repo1.maven.org/maven2/org/ow2/asm/asm-tree/6.0/asm-tree-6.0.pom.sha1
Downloading https://repo1.maven.org/maven2/ch/epfl/scala/zinc-classfile_2.12/1.3.0-M4+22-4704d479/zinc-classfile_2.12-1.3.0-M4+22-4704d479.pom.sha1
Downloaded https://repo1.maven.org/maven2/org/slf4j/slf4j-api/1.7.26/slf4j-api-1.7.26.pom
Downloading https://repo1.maven.org/maven2/org/scalaz/scalaz-effect_2.12/7.2.20/scalaz-effect_2.12-7.2.20.pom
Downloaded https://repo1.maven.org/maven2/org/slf4j/slf4j-api/1.7.26/slf4j-api-1.7.26.pom.sha1
Downloading https://repo1.maven.org/maven2/org/scalaz/scalaz-effect_2.12/7.2.20/scalaz-effect_2.12-7.2.20.pom.sha1
Downloaded https://repo1.maven.org/maven2/org/scala-sbt/ivy/ivy/2.3.0-sbt-a3314352b638afbf0dca19f127e8263ed6f898bd/ivy-2.3.0-sbt-a3314352b638afbf0dca19f127e8263ed6f898bd.pom.sha1
Downloading https://repo1.maven.org/maven2/ch/epfl/scala/zinc-classfile_2.12/1.3.0-M4+22-4704d479/zinc-classfile_2.12-1.3.0-M4+22-4704d479.pom
Downloaded https://repo1.maven.org/maven2/org/scala-sbt/librarymanagement-core_2.12/1.0.0/librarymanagement-core_2.12-1.0.0.pom
Downloading https://repo1.maven.org/maven2/org/jctools/jctools-core/2.0.1/
Downloaded https://repo1.maven.org/maven2/io/circe/circe-core_2.12/0.9.3/
Downloading https://repo1.maven.org/maven2/ch/epfl/scala/zinc-core_2.12/1.3.0-M4+22-4704d479/zinc-core_2.12-1.3.0-M4+22-4704d479.pom
Downloaded https://repo1.maven.org/maven2/ch/epfl/scala/zinc-classfile_2.12/1.3.0-M4+22-4704d479/zinc-classfile_2.12-1.3.0-M4+22-4704d479.pom.sha1
Downloading https://repo1.maven.org/maven2/ch/epfl/scala/zinc-core_2.12/1.3.0-M4+22-4704d479/zinc-core_2.12-1.3.0-M4+22-4704d479.pom.sha1
Downloaded https://repo1.maven.org/maven2/org/scalaz/scalaz-effect_2.12/7.2.20/scalaz-effect_2.12-7.2.20.pom
Downloading https://repo1.maven.org/maven2/com/eed3si9n/sjson-new-core_2.12/0.8.0/
Downloaded https://repo1.maven.org/maven2/org/scalaz/scalaz-effect_2.12/7.2.20/scalaz-effect_2.12-7.2.20.pom.sha1
Downloading https://repo1.maven.org/maven2/ch/epfl/scala/zinc-compile-core_2.12/1.3.0-M4+22-4704d479/
Downloaded https://repo1.maven.org/maven2/ch/epfl/scala/zinc-classfile_2.12/1.3.0-M4+22-4704d479/zinc-classfile_2.12-1.3.0-M4+22-4704d479.pom
Downloading https://repo1.maven.org/maven2/io/zipkin/zipkin2/zipkin/2.12.1/
Downloaded https://repo1.maven.org/maven2/org/jctools/jctools-core/2.0.1/
Downloading https://repo1.maven.org/maven2/org/reactivestreams/reactive-streams/1.0.0/
Downloaded https://repo1.maven.org/maven2/ch/epfl/scala/zinc-core_2.12/1.3.0-M4+22-4704d479/zinc-core_2.12-1.3.0-M4+22-4704d479.pom
Downloading https://repo1.maven.org/maven2/com/google/protobuf/protobuf-java/3.7.0/
Downloaded https://repo1.maven.org/maven2/ch/epfl/scala/zinc-core_2.12/1.3.0-M4+22-4704d479/zinc-core_2.12-1.3.0-M4+22-4704d479.pom.sha1
Downloading https://repo1.maven.org/maven2/org/scalameta/lsp4s_2.12/0.2.0/
Downloaded https://repo1.maven.org/maven2/com/eed3si9n/sjson-new-core_2.12/0.8.0/
Downloading https://repo1.maven.org/maven2/io/circe/circe-derivation_2.12/0.9.0-M4/
Downloaded https://repo1.maven.org/maven2/ch/epfl/scala/zinc-compile-core_2.12/1.3.0-M4+22-4704d479/
Downloading https://repo1.maven.org/maven2/io/zipkin/reporter2/zipkin-reporter/2.7.15/
Downloaded https://repo1.maven.org/maven2/io/zipkin/zipkin2/zipkin/2.12.1/
Downloading https://repo1.maven.org/maven2/io/get-coursier/coursier-core_2.12/1.1.0-M14-4/
Downloaded https://repo1.maven.org/maven2/org/reactivestreams/reactive-streams/1.0.0/
Downloading https://repo1.maven.org/maven2/net/java/dev/jna/jna/4.5.2/
Downloaded https://repo1.maven.org/maven2/com/google/protobuf/protobuf-java/3.7.0/
Downloading https://repo1.maven.org/maven2/com/lihaoyi/fansi_2.12/0.2.5/
Downloaded https://repo1.maven.org/maven2/io/circe/circe-derivation_2.12/0.9.0-M4/
Downloading https://repo1.maven.org/maven2/io/circe/circe-jawn_2.12/0.9.3/
Downloaded https://repo1.maven.org/maven2/org/scalameta/lsp4s_2.12/0.2.0/
Downloading https://repo1.maven.org/maven2/ch/epfl/scala/zinc-persist_2.12/1.3.0-M4+22-4704d479/
Downloaded https://repo1.maven.org/maven2/io/zipkin/reporter2/zipkin-reporter/2.7.15/
Downloading https://repo1.maven.org/maven2/com/github/alexarchambault/argonaut-shapeless_6.2_2.12/1.2.0-M11/
Downloaded https://repo1.maven.org/maven2/io/get-coursier/coursier-core_2.12/1.1.0-M14-4/
Downloading https://repo1.maven.org/maven2/org/ow2/asm/asm-tree/6.0/
Downloaded https://repo1.maven.org/maven2/com/lihaoyi/fansi_2.12/0.2.5/
Downloading https://repo1.maven.org/maven2/org/slf4j/slf4j-api/1.7.26/
Downloaded https://repo1.maven.org/maven2/net/java/dev/jna/jna/4.5.2/
Downloading https://repo1.maven.org/maven2/org/scala-sbt/librarymanagement-core_2.12/1.0.0/
Downloaded https://repo1.maven.org/maven2/io/circe/circe-jawn_2.12/0.9.3/
Downloading https://repo1.maven.org/maven2/org/scala-sbt/ivy/ivy/2.3.0-sbt-a3314352b638afbf0dca19f127e8263ed6f898bd/
Downloaded https://repo1.maven.org/maven2/org/ow2/asm/asm-tree/6.0/
Downloading https://repo1.maven.org/maven2/org/scalaz/scalaz-effect_2.12/7.2.20/
Downloaded https://repo1.maven.org/maven2/com/github/alexarchambault/argonaut-shapeless_6.2_2.12/1.2.0-M11/
Downloading https://repo1.maven.org/maven2/ch/epfl/scala/zinc-core_2.12/1.3.0-M4+22-4704d479/
Downloaded https://repo1.maven.org/maven2/ch/epfl/scala/zinc-persist_2.12/1.3.0-M4+22-4704d479/
Downloading https://repo1.maven.org/maven2/ch/epfl/scala/zinc-classfile_2.12/1.3.0-M4+22-4704d479/
Downloaded https://repo1.maven.org/maven2/org/slf4j/slf4j-api/1.7.26/
Downloaded https://repo1.maven.org/maven2/org/scala-sbt/librarymanagement-core_2.12/1.0.0/
Downloaded https://repo1.maven.org/maven2/ch/epfl/scala/zinc-classfile_2.12/1.3.0-M4+22-4704d479/
Downloaded https://repo1.maven.org/maven2/org/scalaz/scalaz-effect_2.12/7.2.20/
Downloaded https://repo1.maven.org/maven2/ch/epfl/scala/zinc-core_2.12/1.3.0-M4+22-4704d479/
Downloaded https://repo1.maven.org/maven2/org/scala-sbt/ivy/ivy/2.3.0-sbt-a3314352b638afbf0dca19f127e8263ed6f898bd/
Downloading https://repo1.maven.org/maven2/io/zipkin/zipkin2/parent/2.12.1/parent-2.12.1.pom.sha1
Downloading https://repo1.maven.org/maven2/io/zipkin/zipkin2/parent/2.12.1/parent-2.12.1.pom
Downloading https://repo1.maven.org/maven2/com/google/protobuf/protobuf-parent/3.7.0/protobuf-parent-3.7.0.pom
Downloading https://repo1.maven.org/maven2/org/slf4j/slf4j-parent/1.7.26/slf4j-parent-1.7.26.pom
Downloading https://repo1.maven.org/maven2/com/google/protobuf/protobuf-parent/3.7.0/protobuf-parent-3.7.0.pom.sha1
Downloading https://repo1.maven.org/maven2/org/slf4j/slf4j-parent/1.7.26/slf4j-parent-1.7.26.pom.sha1
Downloaded https://repo1.maven.org/maven2/com/google/protobuf/protobuf-parent/3.7.0/protobuf-parent-3.7.0.pom
Downloaded https://repo1.maven.org/maven2/org/slf4j/slf4j-parent/1.7.26/slf4j-parent-1.7.26.pom
Downloaded https://repo1.maven.org/maven2/org/slf4j/slf4j-parent/1.7.26/slf4j-parent-1.7.26.pom.sha1
Downloaded https://repo1.maven.org/maven2/io/zipkin/zipkin2/parent/2.12.1/parent-2.12.1.pom.sha1
Downloading https://repo1.maven.org/maven2/org/slf4j/slf4j-parent/1.7.26/
Downloaded https://repo1.maven.org/maven2/com/google/protobuf/protobuf-parent/3.7.0/protobuf-parent-3.7.0.pom.sha1
Downloading https://repo1.maven.org/maven2/com/google/protobuf/protobuf-parent/3.7.0/
Downloaded https://repo1.maven.org/maven2/org/slf4j/slf4j-parent/1.7.26/
Downloaded https://repo1.maven.org/maven2/com/google/protobuf/protobuf-parent/3.7.0/
Downloaded https://repo1.maven.org/maven2/io/zipkin/zipkin2/parent/2.12.1/parent-2.12.1.pom
Downloading https://repo1.maven.org/maven2/io/zipkin/zipkin2/parent/2.12.1/
Downloaded https://repo1.maven.org/maven2/io/zipkin/zipkin2/parent/2.12.1/
Downloading https://repo1.maven.org/maven2/com/google/protobuf/protobuf-bom/3.7.0/protobuf-bom-3.7.0.pom
Downloading https://repo1.maven.org/maven2/com/google/protobuf/protobuf-bom/3.7.0/protobuf-bom-3.7.0.pom.sha1
Downloaded https://repo1.maven.org/maven2/com/google/protobuf/protobuf-bom/3.7.0/protobuf-bom-3.7.0.pom
Downloaded https://repo1.maven.org/maven2/com/google/protobuf/protobuf-bom/3.7.0/protobuf-bom-3.7.0.pom.sha1
Downloading https://repo1.maven.org/maven2/com/google/protobuf/protobuf-bom/3.7.0/
Downloaded https://repo1.maven.org/maven2/com/google/protobuf/protobuf-bom/3.7.0/
Downloading https://repo1.maven.org/maven2/com/jcraft/jsch/0.1.46/jsch-0.1.46.pom
Downloading https://repo1.maven.org/maven2/ch/epfl/scala/zinc-apiinfo_2.12/1.3.0-M4+22-4704d479/zinc-apiinfo_2.12-1.3.0-M4+22-4704d479.pom
Downloading https://repo1.maven.org/maven2/com/jcraft/jsch/0.1.46/jsch-0.1.46.pom.sha1
Downloading https://repo1.maven.org/maven2/org/scala-lang/modules/scala-xml_2.12/1.2.0/scala-xml_2.12-1.2.0.pom.sha1
Downloading https://repo1.maven.org/maven2/org/scala-lang/modules/scala-xml_2.12/1.2.0/scala-xml_2.12-1.2.0.pom
Downloading https://repo1.maven.org/maven2/ch/epfl/scala/zinc-apiinfo_2.12/1.3.0-M4+22-4704d479/zinc-apiinfo_2.12-1.3.0-M4+22-4704d479.pom.sha1
Downloaded https://repo1.maven.org/maven2/ch/epfl/scala/zinc-apiinfo_2.12/1.3.0-M4+22-4704d479/zinc-apiinfo_2.12-1.3.0-M4+22-4704d479.pom
Downloading https://repo1.maven.org/maven2/io/argonaut/argonaut_2.12/6.2.3/argonaut_2.12-6.2.3.pom
Downloaded https://repo1.maven.org/maven2/com/jcraft/jsch/0.1.46/jsch-0.1.46.pom.sha1
Downloading https://repo1.maven.org/maven2/com/squareup/okhttp3/okhttp-urlconnection/3.7.0/okhttp-urlconnection-3.7.0.pom
Downloaded https://repo1.maven.org/maven2/org/scala-lang/modules/scala-xml_2.12/1.2.0/scala-xml_2.12-1.2.0.pom
Downloading https://repo1.maven.org/maven2/io/argonaut/argonaut_2.12/6.2.3/argonaut_2.12-6.2.3.pom.sha1
Downloaded https://repo1.maven.org/maven2/com/jcraft/jsch/0.1.46/jsch-0.1.46.pom
Downloading https://repo1.maven.org/maven2/com/squareup/okhttp3/okhttp-urlconnection/3.7.0/okhttp-urlconnection-3.7.0.pom.sha1
Downloaded https://repo1.maven.org/maven2/org/scala-lang/modules/scala-xml_2.12/1.2.0/scala-xml_2.12-1.2.0.pom.sha1
Downloading https://repo1.maven.org/maven2/org/scalameta/jsonrpc_2.12/0.2.0/jsonrpc_2.12-0.2.0.pom
Downloaded https://repo1.maven.org/maven2/io/argonaut/argonaut_2.12/6.2.3/argonaut_2.12-6.2.3.pom.sha1
Downloading https://repo1.maven.org/maven2/org/scalameta/jsonrpc_2.12/0.2.0/jsonrpc_2.12-0.2.0.pom.sha1
Downloaded https://repo1.maven.org/maven2/com/squareup/okhttp3/okhttp-urlconnection/3.7.0/okhttp-urlconnection-3.7.0.pom.sha1
Downloading https://repo1.maven.org/maven2/org/scala-lang/modules/scala-parser-combinators_2.12/1.0.5/scala-parser-combinators_2.12-1.0.5.pom
Downloaded https://repo1.maven.org/maven2/com/squareup/okhttp3/okhttp-urlconnection/3.7.0/okhttp-urlconnection-3.7.0.pom
Downloading https://repo1.maven.org/maven2/org/scala-lang/modules/scala-parser-combinators_2.12/1.0.5/scala-parser-combinators_2.12-1.0.5.pom.sha1
Downloaded https://repo1.maven.org/maven2/org/scalameta/jsonrpc_2.12/0.2.0/jsonrpc_2.12-0.2.0.pom
Downloading https://repo1.maven.org/maven2/org/scala-sbt/util-cache_2.12/1.0.0/util-cache_2.12-1.0.0.pom.sha1
Downloaded https://repo1.maven.org/maven2/io/argonaut/argonaut_2.12/6.2.3/argonaut_2.12-6.2.3.pom
Downloading https://repo1.maven.org/maven2/org/scala-sbt/util-cache_2.12/1.0.0/util-cache_2.12-1.0.0.pom
Downloaded https://repo1.maven.org/maven2/org/scala-lang/modules/scala-parser-combinators_2.12/1.0.5/scala-parser-combinators_2.12-1.0.5.pom.sha1
Downloading https://repo1.maven.org/maven2/org/scala-sbt/util-relation_2.12/1.2.1/util-relation_2.12-1.2.1.pom
Downloaded https://repo1.maven.org/maven2/ch/epfl/scala/zinc-apiinfo_2.12/1.3.0-M4+22-4704d479/zinc-apiinfo_2.12-1.3.0-M4+22-4704d479.pom.sha1
Downloading https://repo1.maven.org/maven2/org/scala-sbt/util-relation_2.12/1.2.1/util-relation_2.12-1.2.1.pom.sha1
Downloaded https://repo1.maven.org/maven2/org/scalameta/jsonrpc_2.12/0.2.0/jsonrpc_2.12-0.2.0.pom.sha1
Downloading https://repo1.maven.org/maven2/org/scala-sbt/sbinary_2.12/0.4.4/sbinary_2.12-0.4.4.pom.sha1
Downloaded https://repo1.maven.org/maven2/org/scala-lang/modules/scala-parser-combinators_2.12/1.0.5/scala-parser-combinators_2.12-1.0.5.pom
Downloading https://repo1.maven.org/maven2/org/scala-sbt/sbinary_2.12/0.4.4/sbinary_2.12-0.4.4.pom
Downloaded https://repo1.maven.org/maven2/org/scala-sbt/util-cache_2.12/1.0.0/util-cache_2.12-1.0.0.pom.sha1
Downloading https://repo1.maven.org/maven2/com/eed3si9n/gigahorse-okhttp_2.12/0.3.0/gigahorse-okhttp_2.12-0.3.0.pom.sha1
Downloaded https://repo1.maven.org/maven2/org/scala-sbt/util-cache_2.12/1.0.0/util-cache_2.12-1.0.0.pom
Downloading https://repo1.maven.org/maven2/com/eed3si9n/gigahorse-okhttp_2.12/0.3.0/gigahorse-okhttp_2.12-0.3.0.pom
Downloaded https://repo1.maven.org/maven2/org/scala-sbt/util-relation_2.12/1.2.1/util-relation_2.12-1.2.1.pom
Downloading https://repo1.maven.org/maven2/org/scala-sbt/util-position_2.12/1.0.0/util-position_2.12-1.0.0.pom
Downloaded https://repo1.maven.org/maven2/org/scala-sbt/util-relation_2.12/1.2.1/util-relation_2.12-1.2.1.pom.sha1
Downloading https://repo1.maven.org/maven2/org/scala-sbt/launcher-interface/1.0.0/launcher-interface-1.0.0.pom.sha1
Downloaded https://repo1.maven.org/maven2/org/scala-sbt/sbinary_2.12/0.4.4/sbinary_2.12-0.4.4.pom.sha1
Downloading https://repo1.maven.org/maven2/org/scala-sbt/launcher-interface/1.0.0/launcher-interface-1.0.0.pom
Downloaded https://repo1.maven.org/maven2/org/scala-sbt/sbinary_2.12/0.4.4/sbinary_2.12-0.4.4.pom
Downloading https://repo1.maven.org/maven2/org/scala-sbt/util-position_2.12/1.0.0/util-position_2.12-1.0.0.pom.sha1
Downloaded https://repo1.maven.org/maven2/com/eed3si9n/gigahorse-okhttp_2.12/0.3.0/gigahorse-okhttp_2.12-0.3.0.pom.sha1
Downloading https://repo1.maven.org/maven2/org/typelevel/cats-core_2.12/1.0.1/cats-core_2.12-1.0.1.pom
Downloaded https://repo1.maven.org/maven2/com/eed3si9n/gigahorse-okhttp_2.12/0.3.0/gigahorse-okhttp_2.12-0.3.0.pom
Downloading https://repo1.maven.org/maven2/org/scala-sbt/util-control_2.12/1.2.1/util-control_2.12-1.2.1.pom.sha1
Downloaded https://repo1.maven.org/maven2/org/scala-sbt/util-position_2.12/1.0.0/util-position_2.12-1.0.0.pom
Downloading https://repo1.maven.org/maven2/org/typelevel/cats-core_2.12/1.0.1/cats-core_2.12-1.0.1.pom.sha1
Downloaded https://repo1.maven.org/maven2/org/scala-sbt/launcher-interface/1.0.0/launcher-interface-1.0.0.pom.sha1
Downloading https://repo1.maven.org/maven2/org/scala-sbt/util-control_2.12/1.2.1/util-control_2.12-1.2.1.pom
Downloaded https://repo1.maven.org/maven2/org/scala-sbt/util-position_2.12/1.0.0/util-position_2.12-1.0.0.pom.sha1
Downloading https://repo1.maven.org/maven2/io/circe/circe-numbers_2.12/0.9.3/circe-numbers_2.12-0.9.3.pom
Downloaded https://repo1.maven.org/maven2/org/scala-sbt/launcher-interface/1.0.0/launcher-interface-1.0.0.pom
Downloading https://repo1.maven.org/maven2/io/circe/circe-numbers_2.12/0.9.3/circe-numbers_2.12-0.9.3.pom.sha1
Downloaded https://repo1.maven.org/maven2/org/typelevel/cats-core_2.12/1.0.1/cats-core_2.12-1.0.1.pom
Downloading https://repo1.maven.org/maven2/org/scala-sbt/io_2.12/1.2.0/io_2.12-1.2.0.pom
Downloaded https://repo1.maven.org/maven2/org/scala-sbt/util-control_2.12/1.2.1/util-control_2.12-1.2.1.pom.sha1
Downloading https://repo1.maven.org/maven2/com/beachape/enumeratum_2.12/1.5.13/enumeratum_2.12-1.5.13.pom
Downloaded https://repo1.maven.org/maven2/org/typelevel/cats-core_2.12/1.0.1/cats-core_2.12-1.0.1.pom.sha1
Downloading https://repo1.maven.org/maven2/com/beachape/enumeratum_2.12/1.5.13/enumeratum_2.12-1.5.13.pom.sha1
Downloaded https://repo1.maven.org/maven2/org/scala-sbt/util-control_2.12/1.2.1/util-control_2.12-1.2.1.pom
Downloading https://repo1.maven.org/maven2/org/scala-sbt/io_2.12/1.2.0/io_2.12-1.2.0.pom.sha1
Downloaded https://repo1.maven.org/maven2/io/circe/circe-numbers_2.12/0.9.3/circe-numbers_2.12-0.9.3.pom
Downloaded https://repo1.maven.org/maven2/io/circe/circe-numbers_2.12/0.9.3/circe-numbers_2.12-0.9.3.pom.sha1
Downloading https://repo1.maven.org/maven2/org/spire-math/jawn-parser_2.12/0.11.1/jawn-parser_2.12-0.11.1.pom
Downloading https://repo1.maven.org/maven2/org/spire-math/jawn-parser_2.12/0.11.1/jawn-parser_2.12-0.11.1.pom.sha1
Downloaded https://repo1.maven.org/maven2/org/scala-sbt/io_2.12/1.2.0/io_2.12-1.2.0.pom
Downloading https://repo1.maven.org/maven2/ch/epfl/scala/compiler-interface/1.3.0-M4+22-4704d479/compiler-interface-1.3.0-M4+22-4704d479.pom
Downloaded https://repo1.maven.org/maven2/com/beachape/enumeratum_2.12/1.5.13/enumeratum_2.12-1.5.13.pom
Downloading https://repo1.maven.org/maven2/ch/epfl/scala/compiler-interface/1.3.0-M4+22-4704d479/compiler-interface-1.3.0-M4+22-4704d479.pom.sha1
Downloaded https://repo1.maven.org/maven2/com/beachape/enumeratum_2.12/1.5.13/enumeratum_2.12-1.5.13.pom.sha1
Downloading https://repo1.maven.org/maven2/com/beachape/enumeratum-circe_2.12/1.5.17/enumeratum-circe_2.12-1.5.17.pom
Downloaded https://repo1.maven.org/maven2/org/scala-sbt/io_2.12/1.2.0/io_2.12-1.2.0.pom.sha1
Downloading https://repo1.maven.org/maven2/com/beachape/enumeratum-circe_2.12/1.5.17/enumeratum-circe_2.12-1.5.17.pom.sha1
Downloaded https://repo1.maven.org/maven2/org/spire-math/jawn-parser_2.12/0.11.1/jawn-parser_2.12-0.11.1.pom.sha1
Downloading https://repo1.maven.org/maven2/com/chuusai/shapeless_2.12/2.3.3/shapeless_2.12-2.3.3.pom
Downloaded https://repo1.maven.org/maven2/org/spire-math/jawn-parser_2.12/0.11.1/jawn-parser_2.12-0.11.1.pom
Downloading https://repo1.maven.org/maven2/ch/epfl/scala/zinc-classpath_2.12/1.3.0-M4+22-4704d479/zinc-classpath_2.12-1.3.0-M4+22-4704d479.pom.sha1
Downloaded https://repo1.maven.org/maven2/ch/epfl/scala/compiler-interface/1.3.0-M4+22-4704d479/compiler-interface-1.3.0-M4+22-4704d479.pom
Downloading https://repo1.maven.org/maven2/com/chuusai/shapeless_2.12/2.3.3/shapeless_2.12-2.3.3.pom.sha1
Downloaded https://repo1.maven.org/maven2/ch/epfl/scala/compiler-interface/1.3.0-M4+22-4704d479/compiler-interface-1.3.0-M4+22-4704d479.pom.sha1
Downloading https://repo1.maven.org/maven2/ch/epfl/scala/zinc-classpath_2.12/1.3.0-M4+22-4704d479/zinc-classpath_2.12-1.3.0-M4+22-4704d479.pom
Downloaded https://repo1.maven.org/maven2/com/beachape/enumeratum-circe_2.12/1.5.17/enumeratum-circe_2.12-1.5.17.pom
Downloading https://repo1.maven.org/maven2/com/thesamet/scalapb/scalapb-runtime_2.12/0.8.0-RC1/scalapb-runtime_2.12-0.8.0-RC1.pom
Downloaded https://repo1.maven.org/maven2/com/beachape/enumeratum-circe_2.12/1.5.17/enumeratum-circe_2.12-1.5.17.pom.sha1
Downloading https://repo1.maven.org/maven2/com/thesamet/scalapb/scalapb-runtime_2.12/0.8.0-RC1/scalapb-runtime_2.12-0.8.0-RC1.pom.sha1
Downloaded https://repo1.maven.org/maven2/com/chuusai/shapeless_2.12/2.3.3/shapeless_2.12-2.3.3.pom
Downloaded https://repo1.maven.org/maven2/ch/epfl/scala/zinc-classpath_2.12/1.3.0-M4+22-4704d479/zinc-classpath_2.12-1.3.0-M4+22-4704d479.pom.sha1
Downloading https://repo1.maven.org/maven2/org/scala-lang/scala-reflect/2.12.10/
Downloading https://repo1.maven.org/maven2/org/scala-lang/scala-compiler/2.12.10/
Downloaded https://repo1.maven.org/maven2/com/chuusai/shapeless_2.12/2.3.3/shapeless_2.12-2.3.3.pom.sha1
Downloading https://repo1.maven.org/maven2/org/scala-lang/modules/scala-xml_2.12/1.2.0/
Downloaded https://repo1.maven.org/maven2/ch/epfl/scala/zinc-classpath_2.12/1.3.0-M4+22-4704d479/zinc-classpath_2.12-1.3.0-M4+22-4704d479.pom
Downloading https://repo1.maven.org/maven2/com/jcraft/jsch/0.1.46/
Downloaded https://repo1.maven.org/maven2/com/thesamet/scalapb/scalapb-runtime_2.12/0.8.0-RC1/scalapb-runtime_2.12-0.8.0-RC1.pom
Downloading https://repo1.maven.org/maven2/ch/epfl/scala/zinc-apiinfo_2.12/1.3.0-M4+22-4704d479/
Downloaded https://repo1.maven.org/maven2/com/thesamet/scalapb/scalapb-runtime_2.12/0.8.0-RC1/scalapb-runtime_2.12-0.8.0-RC1.pom.sha1
Downloading https://repo1.maven.org/maven2/org/scalameta/jsonrpc_2.12/0.2.0/
Downloaded https://repo1.maven.org/maven2/org/scala-lang/scala-reflect/2.12.10/
Downloading https://repo1.maven.org/maven2/org/scala-sbt/util-relation_2.12/1.2.1/
Downloaded https://repo1.maven.org/maven2/org/scala-lang/scala-compiler/2.12.10/
Downloading https://repo1.maven.org/maven2/org/scala-sbt/util-cache_2.12/1.0.0/
Downloaded https://repo1.maven.org/maven2/org/scala-lang/modules/scala-xml_2.12/1.2.0/
Downloading https://repo1.maven.org/maven2/org/scala-lang/modules/scala-parser-combinators_2.12/1.0.5/
Downloaded https://repo1.maven.org/maven2/com/jcraft/jsch/0.1.46/
Downloading https://repo1.maven.org/maven2/io/argonaut/argonaut_2.12/6.2.3/
Downloaded https://repo1.maven.org/maven2/ch/epfl/scala/zinc-apiinfo_2.12/1.3.0-M4+22-4704d479/
Downloading https://repo1.maven.org/maven2/com/squareup/okhttp3/okhttp-urlconnection/3.7.0/
Downloaded https://repo1.maven.org/maven2/org/scalameta/jsonrpc_2.12/0.2.0/
Downloading https://repo1.maven.org/maven2/org/scala-sbt/sbinary_2.12/0.4.4/
Downloaded https://repo1.maven.org/maven2/org/scala-sbt/util-relation_2.12/1.2.1/
Downloading https://repo1.maven.org/maven2/com/eed3si9n/gigahorse-okhttp_2.12/0.3.0/
Downloaded https://repo1.maven.org/maven2/org/scala-sbt/util-cache_2.12/1.0.0/
Downloading https://repo1.maven.org/maven2/org/scala-sbt/util-position_2.12/1.0.0/
Downloaded https://repo1.maven.org/maven2/org/scala-lang/modules/scala-parser-combinators_2.12/1.0.5/
Downloading https://repo1.maven.org/maven2/org/scala-sbt/util-control_2.12/1.2.1/
Downloaded https://repo1.maven.org/maven2/io/argonaut/argonaut_2.12/6.2.3/
Downloading https://repo1.maven.org/maven2/org/scala-sbt/launcher-interface/1.0.0/
Downloaded https://repo1.maven.org/maven2/org/scala-sbt/sbinary_2.12/0.4.4/
Downloading https://repo1.maven.org/maven2/org/typelevel/cats-core_2.12/1.0.1/
Downloaded https://repo1.maven.org/maven2/com/squareup/okhttp3/okhttp-urlconnection/3.7.0/
Downloading https://repo1.maven.org/maven2/io/circe/circe-numbers_2.12/0.9.3/
Downloaded https://repo1.maven.org/maven2/com/eed3si9n/gigahorse-okhttp_2.12/0.3.0/
Downloading https://repo1.maven.org/maven2/com/beachape/enumeratum_2.12/1.5.13/
Downloaded https://repo1.maven.org/maven2/org/scala-sbt/util-position_2.12/1.0.0/
Downloading https://repo1.maven.org/maven2/org/scala-sbt/util-logging_2.12/1.2.1/util-logging_2.12-1.2.1.pom
Downloaded https://repo1.maven.org/maven2/org/scala-sbt/util-control_2.12/1.2.1/
Downloading https://repo1.maven.org/maven2/org/scala-sbt/util-logging_2.12/1.2.1/util-logging_2.12-1.2.1.pom.sha1
Downloaded https://repo1.maven.org/maven2/org/scala-sbt/launcher-interface/1.0.0/
Downloading https://repo1.maven.org/maven2/org/spire-math/jawn-parser_2.12/0.11.1/
Downloaded https://repo1.maven.org/maven2/org/typelevel/cats-core_2.12/1.0.1/
Downloading https://repo1.maven.org/maven2/org/scala-sbt/io_2.12/1.2.0/
Downloaded https://repo1.maven.org/maven2/io/circe/circe-numbers_2.12/0.9.3/
Downloading https://repo1.maven.org/maven2/com/beachape/enumeratum-circe_2.12/1.5.17/
Downloaded https://repo1.maven.org/maven2/com/beachape/enumeratum_2.12/1.5.13/
Downloading https://repo1.maven.org/maven2/ch/epfl/scala/compiler-interface/1.3.0-M4+22-4704d479/
Downloaded https://repo1.maven.org/maven2/org/scala-sbt/util-logging_2.12/1.2.1/util-logging_2.12-1.2.1.pom
Downloading https://repo1.maven.org/maven2/com/chuusai/shapeless_2.12/2.3.3/
Downloaded https://repo1.maven.org/maven2/org/scala-sbt/util-logging_2.12/1.2.1/util-logging_2.12-1.2.1.pom.sha1
Downloading https://repo1.maven.org/maven2/ch/epfl/scala/zinc-classpath_2.12/1.3.0-M4+22-4704d479/
Downloaded https://repo1.maven.org/maven2/org/spire-math/jawn-parser_2.12/0.11.1/
Downloading https://repo1.maven.org/maven2/com/thesamet/scalapb/scalapb-runtime_2.12/0.8.0-RC1/
Downloaded https://repo1.maven.org/maven2/org/scala-sbt/io_2.12/1.2.0/
Downloaded https://repo1.maven.org/maven2/com/beachape/enumeratum-circe_2.12/1.5.17/
Downloading https://repo1.maven.org/maven2/org/scala-sbt/util-logging_2.12/1.2.1/
Downloaded https://repo1.maven.org/maven2/ch/epfl/scala/compiler-interface/1.3.0-M4+22-4704d479/
Downloaded https://repo1.maven.org/maven2/ch/epfl/scala/zinc-classpath_2.12/1.3.0-M4+22-4704d479/
Downloaded https://repo1.maven.org/maven2/com/chuusai/shapeless_2.12/2.3.3/
Downloaded https://repo1.maven.org/maven2/com/thesamet/scalapb/scalapb-runtime_2.12/0.8.0-RC1/
Downloaded https://repo1.maven.org/maven2/org/scala-sbt/util-logging_2.12/1.2.1/
Downloading https://repo1.maven.org/maven2/com/squareup/okhttp3/parent/3.7.0/parent-3.7.0.pom.sha1
Downloading https://repo1.maven.org/maven2/com/squareup/okhttp3/parent/3.7.0/parent-3.7.0.pom
Downloading https://repo1.maven.org/maven2/org/sonatype/oss/oss-parent/6/oss-parent-6.pom
Downloading https://repo1.maven.org/maven2/org/sonatype/oss/oss-parent/6/oss-parent-6.pom.sha1
Downloaded https://repo1.maven.org/maven2/org/sonatype/oss/oss-parent/6/oss-parent-6.pom.sha1
Downloaded https://repo1.maven.org/maven2/com/squareup/okhttp3/parent/3.7.0/parent-3.7.0.pom.sha1
Downloaded https://repo1.maven.org/maven2/org/sonatype/oss/oss-parent/6/oss-parent-6.pom
Downloading https://repo1.maven.org/maven2/org/sonatype/oss/oss-parent/6/
Downloaded https://repo1.maven.org/maven2/com/squareup/okhttp3/parent/3.7.0/parent-3.7.0.pom
Downloading https://repo1.maven.org/maven2/com/squareup/okhttp3/parent/3.7.0/
Downloaded https://repo1.maven.org/maven2/org/sonatype/oss/oss-parent/6/
Downloaded https://repo1.maven.org/maven2/com/squareup/okhttp3/parent/3.7.0/
Downloading https://repo1.maven.org/maven2/com/eed3si9n/sjson-new-scalajson_2.12/0.8.2/sjson-new-scalajson_2.12-0.8.2.pom.sha1
Downloading https://repo1.maven.org/maven2/com/eed3si9n/sjson-new-scalajson_2.12/0.8.2/sjson-new-scalajson_2.12-0.8.2.pom
Downloading https://repo1.maven.org/maven2/com/beachape/enumeratum-macros_2.12/1.5.9/enumeratum-macros_2.12-1.5.9.pom.sha1
Downloading https://repo1.maven.org/maven2/com/outr/scribe_2.12/2.5.0/scribe_2.12-2.5.0.pom
Downloading https://repo1.maven.org/maven2/com/outr/scribe_2.12/2.5.0/scribe_2.12-2.5.0.pom.sha1
Downloading https://repo1.maven.org/maven2/jline/jline/2.14.4/jline-2.14.4.pom
Downloaded https://repo1.maven.org/maven2/com/beachape/enumeratum-macros_2.12/1.5.9/enumeratum-macros_2.12-1.5.9.pom.sha1
Downloading https://repo1.maven.org/maven2/jline/jline/2.14.4/jline-2.14.4.pom.sha1
Downloaded https://repo1.maven.org/maven2/com/eed3si9n/sjson-new-scalajson_2.12/0.8.2/sjson-new-scalajson_2.12-0.8.2.pom.sha1
Downloading https://repo1.maven.org/maven2/org/typelevel/cats-kernel_2.12/1.0.1/cats-kernel_2.12-1.0.1.pom
Downloaded https://repo1.maven.org/maven2/com/outr/scribe_2.12/2.5.0/scribe_2.12-2.5.0.pom.sha1
Downloading https://repo1.maven.org/maven2/org/typelevel/cats-kernel_2.12/1.0.1/cats-kernel_2.12-1.0.1.pom.sha1
Downloaded https://repo1.maven.org/maven2/com/outr/scribe_2.12/2.5.0/scribe_2.12-2.5.0.pom
Downloading https://repo1.maven.org/maven2/com/swoval/apple-file-events/1.3.2/apple-file-events-1.3.2.pom
Downloaded https://repo1.maven.org/maven2/jline/jline/2.14.4/jline-2.14.4.pom.sha1
Downloading https://repo1.maven.org/maven2/com/swoval/apple-file-events/1.3.2/apple-file-events-1.3.2.pom.sha1
Downloaded https://repo1.maven.org/maven2/jline/jline/2.14.4/jline-2.14.4.pom
Downloading https://repo1.maven.org/maven2/com/eed3si9n/sjson-new-murmurhash_2.12/0.8.0/sjson-new-murmurhash_2.12-0.8.0.pom
Downloaded https://repo1.maven.org/maven2/org/typelevel/cats-kernel_2.12/1.0.1/cats-kernel_2.12-1.0.1.pom.sha1
Downloading https://repo1.maven.org/maven2/com/eed3si9n/sjson-new-murmurhash_2.12/0.8.0/sjson-new-murmurhash_2.12-0.8.0.pom.sha1
Downloaded https://repo1.maven.org/maven2/org/typelevel/cats-kernel_2.12/1.0.1/cats-kernel_2.12-1.0.1.pom
Downloading https://repo1.maven.org/maven2/org/typelevel/cats-core_2.12/1.1.0/cats-core_2.12-1.1.0.pom
Downloaded https://repo1.maven.org/maven2/com/swoval/apple-file-events/1.3.2/apple-file-events-1.3.2.pom
Downloading https://repo1.maven.org/maven2/org/typelevel/cats-core_2.12/1.1.0/cats-core_2.12-1.1.0.pom.sha1
Downloaded https://repo1.maven.org/maven2/com/swoval/apple-file-events/1.3.2/apple-file-events-1.3.2.pom.sha1
Downloading https://repo1.maven.org/maven2/com/thesamet/scalapb/lenses_2.12/0.8.0-RC1/lenses_2.12-0.8.0-RC1.pom
Downloaded https://repo1.maven.org/maven2/com/eed3si9n/sjson-new-murmurhash_2.12/0.8.0/sjson-new-murmurhash_2.12-0.8.0.pom
Downloading https://repo1.maven.org/maven2/com/thesamet/scalapb/lenses_2.12/0.8.0-RC1/lenses_2.12-0.8.0-RC1.pom.sha1
Downloaded https://repo1.maven.org/maven2/com/eed3si9n/sjson-new-scalajson_2.12/0.8.2/sjson-new-scalajson_2.12-0.8.2.pom
Downloading https://repo1.maven.org/maven2/com/beachape/enumeratum-macros_2.12/1.5.9/enumeratum-macros_2.12-1.5.9.pom
Downloaded https://repo1.maven.org/maven2/com/eed3si9n/sjson-new-murmurhash_2.12/0.8.0/sjson-new-murmurhash_2.12-0.8.0.pom.sha1
Downloading https://repo1.maven.org/maven2/com/eed3si9n/gigahorse-core_2.12/0.3.0/gigahorse-core_2.12-0.3.0.pom
Downloaded https://repo1.maven.org/maven2/org/typelevel/cats-core_2.12/1.1.0/cats-core_2.12-1.1.0.pom.sha1
Downloading https://repo1.maven.org/maven2/com/eed3si9n/gigahorse-core_2.12/0.3.0/gigahorse-core_2.12-0.3.0.pom.sha1
Downloaded https://repo1.maven.org/maven2/org/typelevel/cats-core_2.12/1.1.0/cats-core_2.12-1.1.0.pom
Downloading https://repo1.maven.org/maven2/com/lmax/disruptor/3.3.6/disruptor-3.3.6.pom
Downloaded https://repo1.maven.org/maven2/com/thesamet/scalapb/lenses_2.12/0.8.0-RC1/lenses_2.12-0.8.0-RC1.pom
Downloading https://repo1.maven.org/maven2/com/lmax/disruptor/3.3.6/disruptor-3.3.6.pom.sha1
Downloaded https://repo1.maven.org/maven2/com/thesamet/scalapb/lenses_2.12/0.8.0-RC1/lenses_2.12-0.8.0-RC1.pom.sha1
Downloading https://repo1.maven.org/maven2/org/apache/logging/log4j/log4j-core/2.8.1/log4j-core-2.8.1.pom.sha1
Downloaded https://repo1.maven.org/maven2/com/beachape/enumeratum-macros_2.12/1.5.9/enumeratum-macros_2.12-1.5.9.pom
Downloading https://repo1.maven.org/maven2/org/apache/logging/log4j/log4j-core/2.8.1/log4j-core-2.8.1.pom
Downloaded https://repo1.maven.org/maven2/com/eed3si9n/gigahorse-core_2.12/0.3.0/gigahorse-core_2.12-0.3.0.pom.sha1
Downloading https://repo1.maven.org/maven2/org/typelevel/cats-macros_2.12/1.0.1/cats-macros_2.12-1.0.1.pom
Downloaded https://repo1.maven.org/maven2/com/eed3si9n/gigahorse-core_2.12/0.3.0/gigahorse-core_2.12-0.3.0.pom
Downloading https://repo1.maven.org/maven2/org/typelevel/cats-macros_2.12/1.0.1/cats-macros_2.12-1.0.1.pom.sha1
Downloaded https://repo1.maven.org/maven2/com/lmax/disruptor/3.3.6/disruptor-3.3.6.pom
Downloading https://repo1.maven.org/maven2/org/scala-sbt/util-interface/1.2.1/util-interface-1.2.1.pom.sha1
Downloaded https://repo1.maven.org/maven2/com/lmax/disruptor/3.3.6/disruptor-3.3.6.pom.sha1
Downloading https://repo1.maven.org/maven2/org/typelevel/machinist_2.12/0.6.2/machinist_2.12-0.6.2.pom
Downloaded https://repo1.maven.org/maven2/org/apache/logging/log4j/log4j-core/2.8.1/log4j-core-2.8.1.pom.sha1
Downloading https://repo1.maven.org/maven2/org/typelevel/machinist_2.12/0.6.2/machinist_2.12-0.6.2.pom.sha1
Downloaded https://repo1.maven.org/maven2/org/typelevel/cats-macros_2.12/1.0.1/cats-macros_2.12-1.0.1.pom.sha1
Downloading https://repo1.maven.org/maven2/org/scala-sbt/util-interface/1.2.1/util-interface-1.2.1.pom
Downloaded https://repo1.maven.org/maven2/org/typelevel/cats-macros_2.12/1.0.1/cats-macros_2.12-1.0.1.pom
Downloading https://repo1.maven.org/maven2/ch/epfl/scala/compiler-bridge_2.12/1.3.0-M4+22-4704d479/compiler-bridge_2.12-1.3.0-M4+22-4704d479.pom
Downloaded https://repo1.maven.org/maven2/org/scala-sbt/util-interface/1.2.1/util-interface-1.2.1.pom.sha1
Downloading https://repo1.maven.org/maven2/ch/epfl/scala/compiler-bridge_2.12/1.3.0-M4+22-4704d479/compiler-bridge_2.12-1.3.0-M4+22-4704d479.pom.sha1
Downloaded https://repo1.maven.org/maven2/org/typelevel/machinist_2.12/0.6.2/machinist_2.12-0.6.2.pom
Downloading https://repo1.maven.org/maven2/com/squareup/okhttp3/okhttp/3.7.0/okhttp-3.7.0.pom
Downloaded https://repo1.maven.org/maven2/org/apache/logging/log4j/log4j-core/2.8.1/log4j-core-2.8.1.pom
Downloading https://repo1.maven.org/maven2/com/squareup/okhttp3/okhttp/3.7.0/okhttp-3.7.0.pom.sha1
Downloaded https://repo1.maven.org/maven2/org/typelevel/machinist_2.12/0.6.2/machinist_2.12-0.6.2.pom.sha1
Downloading https://repo1.maven.org/maven2/com/outr/scribe_2.12/2.5.0/
Downloaded https://repo1.maven.org/maven2/ch/epfl/scala/compiler-bridge_2.12/1.3.0-M4+22-4704d479/compiler-bridge_2.12-1.3.0-M4+22-4704d479.pom.sha1
Downloading https://repo1.maven.org/maven2/org/apache/logging/log4j/log4j-api/2.8.1/log4j-api-2.8.1.pom
Downloaded https://repo1.maven.org/maven2/org/scala-sbt/util-interface/1.2.1/util-interface-1.2.1.pom
Downloading https://repo1.maven.org/maven2/org/apache/logging/log4j/log4j-api/2.8.1/log4j-api-2.8.1.pom.sha1
Downloaded https://repo1.maven.org/maven2/ch/epfl/scala/compiler-bridge_2.12/1.3.0-M4+22-4704d479/compiler-bridge_2.12-1.3.0-M4+22-4704d479.pom
Downloading https://repo1.maven.org/maven2/jline/jline/2.14.4/
Downloaded https://repo1.maven.org/maven2/com/squareup/okhttp3/okhttp/3.7.0/okhttp-3.7.0.pom
Downloading https://repo1.maven.org/maven2/org/typelevel/cats-kernel_2.12/1.0.1/
Downloaded https://repo1.maven.org/maven2/com/squareup/okhttp3/okhttp/3.7.0/okhttp-3.7.0.pom.sha1
Downloading https://repo1.maven.org/maven2/com/eed3si9n/sjson-new-core_2.12/0.8.2/sjson-new-core_2.12-0.8.2.pom.sha1
Downloaded https://repo1.maven.org/maven2/com/outr/scribe_2.12/2.5.0/
Downloading https://repo1.maven.org/maven2/com/eed3si9n/sjson-new-core_2.12/0.8.2/sjson-new-core_2.12-0.8.2.pom
Downloaded https://repo1.maven.org/maven2/jline/jline/2.14.4/
Downloading https://repo1.maven.org/maven2/com/swoval/apple-file-events/1.3.2/
Downloaded https://repo1.maven.org/maven2/org/typelevel/cats-kernel_2.12/1.0.1/
Downloading https://repo1.maven.org/maven2/com/eed3si9n/sjson-new-scalajson_2.12/0.8.2/
Downloaded https://repo1.maven.org/maven2/com/eed3si9n/sjson-new-core_2.12/0.8.2/sjson-new-core_2.12-0.8.2.pom.sha1
Downloading https://repo1.maven.org/maven2/com/eed3si9n/sjson-new-murmurhash_2.12/0.8.0/
Downloaded https://repo1.maven.org/maven2/org/apache/logging/log4j/log4j-api/2.8.1/log4j-api-2.8.1.pom
Downloading https://repo1.maven.org/maven2/org/typelevel/cats-core_2.12/1.1.0/
Downloaded https://repo1.maven.org/maven2/com/eed3si9n/sjson-new-core_2.12/0.8.2/sjson-new-core_2.12-0.8.2.pom
Downloading https://repo1.maven.org/maven2/com/thesamet/scalapb/lenses_2.12/0.8.0-RC1/
Downloaded https://repo1.maven.org/maven2/com/swoval/apple-file-events/1.3.2/
Downloading https://repo1.maven.org/maven2/com/eed3si9n/gigahorse-core_2.12/0.3.0/
Downloaded https://repo1.maven.org/maven2/com/eed3si9n/sjson-new-scalajson_2.12/0.8.2/
Downloading https://repo1.maven.org/maven2/com/beachape/enumeratum-macros_2.12/1.5.9/
Downloaded https://repo1.maven.org/maven2/org/typelevel/cats-core_2.12/1.1.0/
Downloading https://repo1.maven.org/maven2/org/typelevel/cats-macros_2.12/1.0.1/
Downloaded https://repo1.maven.org/maven2/com/eed3si9n/sjson-new-murmurhash_2.12/0.8.0/
Downloading https://repo1.maven.org/maven2/com/lmax/disruptor/3.3.6/
Downloaded https://repo1.maven.org/maven2/com/thesamet/scalapb/lenses_2.12/0.8.0-RC1/
Downloading https://repo1.maven.org/maven2/org/apache/logging/log4j/log4j-core/2.8.1/
Downloaded https://repo1.maven.org/maven2/com/eed3si9n/gigahorse-core_2.12/0.3.0/
Downloading https://repo1.maven.org/maven2/org/typelevel/machinist_2.12/0.6.2/
Downloaded https://repo1.maven.org/maven2/org/apache/logging/log4j/log4j-api/2.8.1/log4j-api-2.8.1.pom.sha1
Downloading https://repo1.maven.org/maven2/org/scala-sbt/util-interface/1.2.1/
Downloaded https://repo1.maven.org/maven2/com/beachape/enumeratum-macros_2.12/1.5.9/
Downloading https://repo1.maven.org/maven2/ch/epfl/scala/compiler-bridge_2.12/1.3.0-M4+22-4704d479/
Downloaded https://repo1.maven.org/maven2/org/typelevel/cats-macros_2.12/1.0.1/
Downloading https://repo1.maven.org/maven2/com/eed3si9n/sjson-new-core_2.12/0.8.2/
Downloaded https://repo1.maven.org/maven2/org/apache/logging/log4j/log4j-core/2.8.1/
Downloading https://repo1.maven.org/maven2/com/squareup/okhttp3/okhttp/3.7.0/
Downloaded https://repo1.maven.org/maven2/com/lmax/disruptor/3.3.6/
Downloading https://repo1.maven.org/maven2/org/apache/logging/log4j/log4j-api/2.8.1/
Downloaded https://repo1.maven.org/maven2/org/typelevel/machinist_2.12/0.6.2/
Downloaded https://repo1.maven.org/maven2/org/scala-sbt/util-interface/1.2.1/
Downloaded https://repo1.maven.org/maven2/ch/epfl/scala/compiler-bridge_2.12/1.3.0-M4+22-4704d479/
Downloaded https://repo1.maven.org/maven2/com/eed3si9n/sjson-new-core_2.12/0.8.2/
Downloaded https://repo1.maven.org/maven2/com/squareup/okhttp3/okhttp/3.7.0/
Downloaded https://repo1.maven.org/maven2/org/apache/logging/log4j/log4j-api/2.8.1/
Downloading https://repo1.maven.org/maven2/org/apache/logging/log4j/log4j/2.8.1/log4j-2.8.1.pom
Downloading https://repo1.maven.org/maven2/org/apache/logging/log4j/log4j/2.8.1/log4j-2.8.1.pom.sha1
Downloaded https://repo1.maven.org/maven2/org/apache/logging/log4j/log4j/2.8.1/log4j-2.8.1.pom.sha1
Downloaded https://repo1.maven.org/maven2/org/apache/logging/log4j/log4j/2.8.1/log4j-2.8.1.pom
Downloading https://repo1.maven.org/maven2/org/apache/logging/log4j/log4j/2.8.1/
Downloaded https://repo1.maven.org/maven2/org/apache/logging/log4j/log4j/2.8.1/
Downloading https://repo1.maven.org/maven2/org/apache/logging/logging-parent/1/logging-parent-1.pom
Downloading https://repo1.maven.org/maven2/org/apache/logging/logging-parent/1/logging-parent-1.pom.sha1
Downloaded https://repo1.maven.org/maven2/org/apache/logging/logging-parent/1/logging-parent-1.pom
Downloaded https://repo1.maven.org/maven2/org/apache/logging/logging-parent/1/logging-parent-1.pom.sha1
Downloading https://repo1.maven.org/maven2/org/apache/logging/logging-parent/1/
Downloaded https://repo1.maven.org/maven2/org/apache/logging/logging-parent/1/
Downloading https://repo1.maven.org/maven2/org/apache/apache/18/apache-18.pom
Downloading https://repo1.maven.org/maven2/org/apache/apache/18/apache-18.pom.sha1
Downloaded https://repo1.maven.org/maven2/org/apache/apache/18/apache-18.pom.sha1
Downloaded https://repo1.maven.org/maven2/org/apache/apache/18/apache-18.pom
Downloading https://repo1.maven.org/maven2/org/apache/apache/18/
Downloaded https://repo1.maven.org/maven2/org/apache/apache/18/
Downloading https://repo1.maven.org/maven2/com/outr/perfolation_2.12/1.0.2/perfolation_2.12-1.0.2.pom.sha1
Downloading https://repo1.maven.org/maven2/com/outr/perfolation_2.12/1.0.2/perfolation_2.12-1.0.2.pom
Downloading https://repo1.maven.org/maven2/com/squareup/okio/okio/1.12.0/okio-1.12.0.pom
Downloading https://repo1.maven.org/maven2/org/typelevel/cats-kernel_2.12/1.1.0/cats-kernel_2.12-1.1.0.pom.sha1
Downloading https://repo1.maven.org/maven2/com/squareup/okio/okio/1.12.0/okio-1.12.0.pom.sha1
Downloading https://repo1.maven.org/maven2/org/typelevel/cats-kernel_2.12/1.1.0/cats-kernel_2.12-1.1.0.pom
Downloaded https://repo1.maven.org/maven2/org/typelevel/cats-kernel_2.12/1.1.0/cats-kernel_2.12-1.1.0.pom
Downloading https://repo1.maven.org/maven2/org/typelevel/cats-macros_2.12/1.1.0/cats-macros_2.12-1.1.0.pom
Downloaded https://repo1.maven.org/maven2/com/outr/perfolation_2.12/1.0.2/perfolation_2.12-1.0.2.pom.sha1
Downloading https://repo1.maven.org/maven2/org/typelevel/cats-macros_2.12/1.1.0/cats-macros_2.12-1.1.0.pom.sha1
Downloaded https://repo1.maven.org/maven2/com/squareup/okio/okio/1.12.0/okio-1.12.0.pom.sha1
Downloading https://repo1.maven.org/maven2/com/outr/scribe-macros_2.12/2.5.0/scribe-macros_2.12-2.5.0.pom
Downloaded https://repo1.maven.org/maven2/com/outr/perfolation_2.12/1.0.2/perfolation_2.12-1.0.2.pom
Downloading https://repo1.maven.org/maven2/com/outr/scribe-macros_2.12/2.5.0/scribe-macros_2.12-2.5.0.pom.sha1
Downloaded https://repo1.maven.org/maven2/org/typelevel/cats-kernel_2.12/1.1.0/cats-kernel_2.12-1.1.0.pom.sha1
Downloading https://repo1.maven.org/maven2/com/eed3si9n/shaded-scalajson_2.12/1.0.0-M4/shaded-scalajson_2.12-1.0.0-M4.pom
Downloaded https://repo1.maven.org/maven2/org/typelevel/cats-macros_2.12/1.1.0/cats-macros_2.12-1.1.0.pom
Downloading https://repo1.maven.org/maven2/com/typesafe/ssl-config-core_2.12/0.2.2/ssl-config-core_2.12-0.2.2.pom.sha1
Downloaded https://repo1.maven.org/maven2/com/outr/scribe-macros_2.12/2.5.0/scribe-macros_2.12-2.5.0.pom
Downloading https://repo1.maven.org/maven2/com/eed3si9n/shaded-scalajson_2.12/1.0.0-M4/shaded-scalajson_2.12-1.0.0-M4.pom.sha1
Downloaded https://repo1.maven.org/maven2/com/outr/scribe-macros_2.12/2.5.0/scribe-macros_2.12-2.5.0.pom.sha1
Downloading https://repo1.maven.org/maven2/com/typesafe/ssl-config-core_2.12/0.2.2/ssl-config-core_2.12-0.2.2.pom
Downloaded https://repo1.maven.org/maven2/org/typelevel/cats-macros_2.12/1.1.0/cats-macros_2.12-1.1.0.pom.sha1
Downloading https://repo1.maven.org/maven2/com/outr/perfolation_2.12/1.0.2/
Downloaded https://repo1.maven.org/maven2/com/eed3si9n/shaded-scalajson_2.12/1.0.0-M4/shaded-scalajson_2.12-1.0.0-M4.pom
Downloading https://repo1.maven.org/maven2/org/typelevel/cats-kernel_2.12/1.1.0/
Downloaded https://repo1.maven.org/maven2/com/typesafe/ssl-config-core_2.12/0.2.2/ssl-config-core_2.12-0.2.2.pom.sha1
Downloading https://repo1.maven.org/maven2/com/outr/scribe-macros_2.12/2.5.0/
Downloaded https://repo1.maven.org/maven2/com/squareup/okio/okio/1.12.0/okio-1.12.0.pom
Downloading https://repo1.maven.org/maven2/org/typelevel/cats-macros_2.12/1.1.0/
Downloaded https://repo1.maven.org/maven2/com/typesafe/ssl-config-core_2.12/0.2.2/ssl-config-core_2.12-0.2.2.pom
Downloaded https://repo1.maven.org/maven2/com/eed3si9n/shaded-scalajson_2.12/1.0.0-M4/shaded-scalajson_2.12-1.0.0-M4.pom.sha1
Downloading https://repo1.maven.org/maven2/com/squareup/okio/okio/1.12.0/
Downloading https://repo1.maven.org/maven2/com/eed3si9n/shaded-scalajson_2.12/1.0.0-M4/
Downloaded https://repo1.maven.org/maven2/com/outr/perfolation_2.12/1.0.2/
Downloading https://repo1.maven.org/maven2/com/typesafe/ssl-config-core_2.12/0.2.2/
Downloaded https://repo1.maven.org/maven2/org/typelevel/cats-kernel_2.12/1.1.0/
Downloaded https://repo1.maven.org/maven2/com/outr/scribe-macros_2.12/2.5.0/
Downloaded https://repo1.maven.org/maven2/com/squareup/okio/okio/1.12.0/
Downloaded https://repo1.maven.org/maven2/org/typelevel/cats-macros_2.12/1.1.0/
Downloaded https://repo1.maven.org/maven2/com/eed3si9n/shaded-scalajson_2.12/1.0.0-M4/
Downloaded https://repo1.maven.org/maven2/com/typesafe/ssl-config-core_2.12/0.2.2/
Downloading https://repo1.maven.org/maven2/com/squareup/okio/okio-parent/1.12.0/okio-parent-1.12.0.pom
Downloading https://repo1.maven.org/maven2/com/squareup/okio/okio-parent/1.12.0/okio-parent-1.12.0.pom.sha1
Downloaded https://repo1.maven.org/maven2/com/squareup/okio/okio-parent/1.12.0/okio-parent-1.12.0.pom.sha1
Downloaded https://repo1.maven.org/maven2/com/squareup/okio/okio-parent/1.12.0/okio-parent-1.12.0.pom
Downloading https://repo1.maven.org/maven2/com/squareup/okio/okio-parent/1.12.0/
Downloaded https://repo1.maven.org/maven2/com/squareup/okio/okio-parent/1.12.0/
Downloading https://repo1.maven.org/maven2/com/typesafe/config/1.2.0/config-1.2.0.pom.sha1
Downloading https://repo1.maven.org/maven2/com/typesafe/config/1.2.0/config-1.2.0.pom
Downloading https://repo1.maven.org/maven2/com/outr/perfolation-macros_2.12/1.0.2/perfolation-macros_2.12-1.0.2.pom.sha1
Downloading https://repo1.maven.org/maven2/com/outr/perfolation-macros_2.12/1.0.2/perfolation-macros_2.12-1.0.2.pom
Downloaded https://repo1.maven.org/maven2/com/typesafe/config/1.2.0/config-1.2.0.pom
Downloaded https://repo1.maven.org/maven2/com/typesafe/config/1.2.0/config-1.2.0.pom.sha1
Downloaded https://repo1.maven.org/maven2/com/outr/perfolation-macros_2.12/1.0.2/perfolation-macros_2.12-1.0.2.pom.sha1
Downloading https://repo1.maven.org/maven2/com/typesafe/config/1.2.0/
Downloaded https://repo1.maven.org/maven2/com/outr/perfolation-macros_2.12/1.0.2/perfolation-macros_2.12-1.0.2.pom
Downloading https://repo1.maven.org/maven2/com/outr/perfolation-macros_2.12/1.0.2/
Downloaded https://repo1.maven.org/maven2/com/typesafe/config/1.2.0/
Downloaded https://repo1.maven.org/maven2/com/outr/perfolation-macros_2.12/1.0.2/
The server is listening for incoming connections at local:///var/folders/mp/xq7jcdg54rz3v6m1kjp7nt3c0000gn/T/bsp1711431367861997140/1306xw9ty2aei.socket...
Accepted incoming BSP client connection at local:///var/folders/mp/xq7jcdg54rz3v6m1kjp7nt3c0000gn/T/bsp1711431367861997140/1306xw9ty2aei.socket
INFO  tracing is disabled for protocol BSP, to enable tracing of incoming and outgoing JSON messages create an empty file at /Users/abyssparanoia/Library/Caches/org.scalameta.metals/bsp.trace.json
request received: build/initialize
INFO  time: connected to build server in 34s
BSP initialization handshake complete.
INFO  time: indexed workspace in 1.58s
WARN  unsupported Scala 2.11.8
INFO  compiling akka-slick (1 scala source)
INFO  Non-compiled module 'compiler-bridge_2.11' for Scala 2.11.8. Compiling...
Sep 30, 2019 1:08:24 AM org.eclipse.lsp4j.jsonrpc.RemoteEndpoint handleCancellation
WARNING: Unmatched cancel notification for request id 5
INFO    Compilation completed in 8.09s.
INFO  time: compiled akka-slick in 21s
WARN  no build target: /Users/abyssparanoia/workspace/other/scala-playground/akka-slick/build.sbt
WARN  no build target: 
INFO  running '/Library/Java/JavaVirtualMachines/amazon-corretto-8.jdk/Contents/Home/bin/java -Djline.terminal=jline.UnsupportedTerminal -Dsbt.log.noformat=true -Dfile.encoding=UTF-8 -jar /var/folders/mp/xq7jcdg54rz3v6m1kjp7nt3c0000gn/T/metals8643944161015292161/sbt-launch.jar metalsEnable bloopInstall'
INFO  [info] Loading settings for project global-plugins from plugins.sbt,metals.sbt ...
INFO  [info] Loading global plugins from /Users/abyssparanoia/.sbt/1.0/plugins
INFO  [info] Loading project definition from /Users/abyssparanoia/workspace/other/scala-playground/akka-slick/project
INFO  [success] Generated .bloop/akka-slick-build.json
INFO  [success] Total time: 1 s, completed Sep 30, 2019 1:08:41 AM
INFO  [info] Loading settings for project akka-slick from build.sbt ...
INFO  [info] Set current project to akka-slick (in build file:/Users/abyssparanoia/workspace/other/scala-playground/akka-slick/)
INFO  [info] Set current project to akka-slick (in build file:/Users/abyssparanoia/workspace/other/scala-playground/akka-slick/)
INFO  [info] semanticdb-scalac is enabled
INFO  [info] Updating ...
INFO  [warn] 	module not found: com.typesafe.akka#akka-http-experimental_2.12;2.4.10
INFO  [warn] ==== local: tried
INFO  [warn]   /Users/abyssparanoia/.ivy2/local/com.typesafe.akka/akka-http-experimental_2.12/2.4.10/ivys/ivy.xml
INFO  [warn] ==== public: tried
INFO  [warn]   https://repo1.maven.org/maven2/com/typesafe/akka/akka-http-experimental_2.12/2.4.10/akka-http-experimental_2.12-2.4.10.pom
INFO  [warn] ==== local-preloaded-ivy: tried
INFO  [warn]   /Users/abyssparanoia/.sbt/preloaded/com.typesafe.akka/akka-http-experimental_2.12/2.4.10/ivys/ivy.xml
INFO  [warn] ==== local-preloaded: tried
INFO  [warn]   file:////Users/abyssparanoia/.sbt/preloaded/com/typesafe/akka/akka-http-experimental_2.12/2.4.10/akka-http-experimental_2.12-2.4.10.pom
INFO  [info] downloading https://repo1.maven.org/maven2/org/scala-lang/scala-library/2.12.10/scala-library-2.12.10.jar ...
INFO  [info] downloading https://repo1.maven.org/maven2/org/scalameta/semanticdb-scalac_2.12.10/4.2.3/semanticdb-scalac_2.12.10-4.2.3.jar ...
INFO  [info] downloading https://repo1.maven.org/maven2/org/scala-lang/scala-compiler/2.12.10/scala-compiler-2.12.10.jar ...
INFO  [info] downloading https://repo1.maven.org/maven2/org/scala-lang/scala-reflect/2.12.10/scala-reflect-2.12.10.jar ...
INFO  [info] downloading https://repo1.maven.org/maven2/org/fusesource/jansi/jansi/1.12/jansi-1.12.jar ...
INFO  [info] 	[SUCCESSFUL ] org.fusesource.jansi#jansi;1.12!jansi.jar (1331ms)
INFO  [info] 	[SUCCESSFUL ] org.scala-lang#scala-library;2.12.10!scala-library.jar (2124ms)
INFO  [info] 	[SUCCESSFUL ] org.scala-lang#scala-reflect;2.12.10!scala-reflect.jar (6187ms)
INFO  [info] 	[SUCCESSFUL ] org.scala-lang#scala-compiler;2.12.10!scala-compiler.jar (13720ms)
INFO  [info] 	[SUCCESSFUL ] org.scalameta#semanticdb-scalac_2.12.10;4.2.3!semanticdb-scalac_2.12.10.jar (20204ms)
INFO  [warn] 	::::::::::::::::::::::::::::::::::::::::::::::
INFO  [warn] 	::          UNRESOLVED DEPENDENCIES         ::
INFO  [warn] 	::::::::::::::::::::::::::::::::::::::::::::::
INFO  [warn] 	:: com.typesafe.akka#akka-http-experimental_2.12;2.4.10: not found
INFO  [warn] 	::::::::::::::::::::::::::::::::::::::::::::::
INFO  [warn] 
INFO  [warn] 	Note: Unresolved dependencies path:
INFO  [warn] 		com.typesafe.akka:akka-http-experimental_2.12:2.4.10 (/Users/abyssparanoia/workspace/other/scala-playground/akka-slick/build.sbt#L3-9)
INFO  [warn] 		  +- default:akka-slick_2.12:0.1.0-SNAPSHOT
INFO  [error] sbt.librarymanagement.ResolveException: unresolved dependency: com.typesafe.akka#akka-http-experimental_2.12;2.4.10: not found
INFO  [error] 	at sbt.internal.librarymanagement.IvyActions$.resolveAndRetrieve(IvyActions.scala:332)
INFO  [error] 	at sbt.internal.librarymanagement.IvyActions$.$anonfun$updateEither$1(IvyActions.scala:208)
INFO  [error] 	at sbt.internal.librarymanagement.IvySbt$Module.$anonfun$withModule$1(Ivy.scala:239)
INFO  [error] 	at sbt.internal.librarymanagement.IvySbt.$anonfun$withIvy$1(Ivy.scala:204)
INFO  [error] 	at sbt.internal.librarymanagement.IvySbt.sbt$internal$librarymanagement$IvySbt$$action$1(Ivy.scala:70)
INFO  [error] 	at sbt.internal.librarymanagement.IvySbt$$anon$3.call(Ivy.scala:77)
INFO  [error] 	at xsbt.boot.Locks$GlobalLock.withChannel$1(Locks.scala:95)
INFO  [error] 	at xsbt.boot.Locks$GlobalLock.xsbt$boot$Locks$GlobalLock$$withChannelRetries$1(Locks.scala:80)
INFO  [error] 	at xsbt.boot.Locks$GlobalLock$$anonfun$withFileLock$1.apply(Locks.scala:99)
INFO  [error] 	at xsbt.boot.Using$.withResource(Using.scala:10)
INFO  [error] 	at xsbt.boot.Using$.apply(Using.scala:9)
INFO  [error] 	at xsbt.boot.Locks$GlobalLock.ignoringDeadlockAvoided(Locks.scala:60)
INFO  [error] 	at xsbt.boot.Locks$GlobalLock.withLock(Locks.scala:50)
INFO  [error] 	at xsbt.boot.Locks$.apply0(Locks.scala:31)
INFO  [error] 	at xsbt.boot.Locks$.apply(Locks.scala:28)
INFO  [error] 	at sbt.internal.librarymanagement.IvySbt.withDefaultLogger(Ivy.scala:77)
INFO  [error] 	at sbt.internal.librarymanagement.IvySbt.withIvy(Ivy.scala:199)
INFO  [error] 	at sbt.internal.librarymanagement.IvySbt.withIvy(Ivy.scala:196)
INFO  [error] 	at sbt.internal.librarymanagement.IvySbt$Module.withModule(Ivy.scala:238)
INFO  [error] 	at sbt.internal.librarymanagement.IvyActions$.updateEither(IvyActions.scala:193)
INFO  [error] 	at sbt.librarymanagement.ivy.IvyDependencyResolution.update(IvyDependencyResolution.scala:20)
INFO  [error] 	at sbt.librarymanagement.DependencyResolution.update(DependencyResolution.scala:56)
INFO  [error] 	at sbt.internal.LibraryManagement$.resolve$1(LibraryManagement.scala:45)
INFO  [error] 	at sbt.internal.LibraryManagement$.$anonfun$cachedUpdate$12(LibraryManagement.scala:93)
INFO  [error] 	at sbt.util.Tracked$.$anonfun$lastOutput$1(Tracked.scala:68)
INFO  [error] 	at sbt.internal.LibraryManagement$.$anonfun$cachedUpdate$19(LibraryManagement.scala:106)
INFO  [error] 	at scala.util.control.Exception$Catch.apply(Exception.scala:224)
INFO  [error] 	at sbt.internal.LibraryManagement$.$anonfun$cachedUpdate$11(LibraryManagement.scala:106)
INFO  [error] 	at sbt.internal.LibraryManagement$.$anonfun$cachedUpdate$11$adapted(LibraryManagement.scala:89)
INFO  [error] 	at sbt.util.Tracked$.$anonfun$inputChanged$1(Tracked.scala:149)
INFO  [error] 	at sbt.internal.LibraryManagement$.cachedUpdate(LibraryManagement.scala:120)
INFO  [error] 	at sbt.Classpaths$.$anonfun$updateTask$5(Defaults.scala:2561)
INFO  [error] 	at scala.Function1.$anonfun$compose$1(Function1.scala:44)
INFO  [error] 	at sbt.internal.util.$tilde$greater.$anonfun$$u2219$1(TypeFunctions.scala:40)
INFO  [error] 	at sbt.std.Transform$$anon$4.work(System.scala:67)
INFO  [error] 	at sbt.Execute.$anonfun$submit$2(Execute.scala:269)
INFO  [error] 	at sbt.internal.util.ErrorHandling$.wideConvert(ErrorHandling.scala:16)
INFO  [error] 	at sbt.Execute.work(Execute.scala:278)
INFO  [error] 	at sbt.Execute.$anonfun$submit$1(Execute.scala:269)
INFO  [error] 	at sbt.ConcurrentRestrictions$$anon$4.$anonfun$submitValid$1(ConcurrentRestrictions.scala:178)
INFO  [error] 	at sbt.CompletionService$$anon$2.call(CompletionService.scala:37)
INFO  [error] 	at java.util.concurrent.FutureTask.run(FutureTask.java:266)
INFO  [error] 	at java.util.concurrent.Executors$RunnableAdapter.call(Executors.java:511)
INFO  [error] 	at java.util.concurrent.FutureTask.run(FutureTask.java:266)
INFO  [error] 	at java.util.concurrent.ThreadPoolExecutor.runWorker(ThreadPoolExecutor.java:1149)
INFO  [error] 	at java.util.concurrent.ThreadPoolExecutor$Worker.run(ThreadPoolExecutor.java:624)
INFO  [error] 	at java.lang.Thread.run(Thread.java:748)
INFO  [error] (update) sbt.librarymanagement.ResolveException: unresolved dependency: com.typesafe.akka#akka-http-experimental_2.12;2.4.10: not found
INFO  [error] Total time: 27 s, completed Sep 30, 2019 1:09:10 AM
INFO  build tool exit: 1
INFO  time: ran 'sbt bloopInstall' in 34s
ERROR sbt command failed: /Library/Java/JavaVirtualMachines/amazon-corretto-8.jdk/Contents/Home/bin/java -Djline.terminal=jline.UnsupportedTerminal -Dsbt.log.noformat=true -Dfile.encoding=UTF-8 -jar /var/folders/mp/xq7jcdg54rz3v6m1kjp7nt3c0000gn/T/metals8643944161015292161/sbt-launch.jar metalsEnable bloopInstall
INFO  disconnected: build server
shutdown request received: build/shutdown
Client in /Users/abyssparanoia/workspace/other/scala-playground/akka-slick/.bloop triggered cancellation. Cancelling tasks...
[0m[31m[E][0m BSP server cancelled, closing socket...
INFO  running embedded 'bloop bsp --protocol local --socket /var/folders/mp/xq7jcdg54rz3v6m1kjp7nt3c0000gn/T/bsp7514783927582220071/1dr4tlaxgdgtd.socket'
INFO  bloop exit: 0
The server is listening for incoming connections at local:///var/folders/mp/xq7jcdg54rz3v6m1kjp7nt3c0000gn/T/bsp7514783927582220071/1dr4tlaxgdgtd.socket...
Accepted incoming BSP client connection at local:///var/folders/mp/xq7jcdg54rz3v6m1kjp7nt3c0000gn/T/bsp7514783927582220071/1dr4tlaxgdgtd.socket
INFO  tracing is disabled for protocol BSP, to enable tracing of incoming and outgoing JSON messages create an empty file at /Users/abyssparanoia/Library/Caches/org.scalameta.metals/bsp.trace.json
request received: build/initialize
INFO  time: connected to build server in 0.21s
BSP initialization handshake complete.
INFO  time: indexed workspace in 0.21s
WARN  unsupported Scala 2.11.8
WARN  no build target: /Users/abyssparanoia/workspace/other/scala-playground/akka-slick/build.sbt
INFO  skipping build import with status 'Failed'
WARN  no build target: 
Exception in thread "pool-1-thread-9" java.lang.Error: java.lang.InterruptedException
	at java.util.concurrent.ThreadPoolExecutor.runWorker(ThreadPoolExecutor.java:1155)
	at java.util.concurrent.ThreadPoolExecutor$Worker.run(ThreadPoolExecutor.java:624)
	at java.lang.Thread.run(Thread.java:748)
Caused by: java.lang.InterruptedException
	at scala.meta.internal.metals.FutureCancelToken.checkCanceled(FutureCancelToken.scala:20)
	at scala.meta.internal.mtags.MtagsEnrichments$XtensionCancelChecker.isCancelled(MtagsEnrichments.scala:354)
	at scala.meta.internal.metals.FormattingProvider.$anonfun$isCancelled$1(FormattingProvider.scala:59)
	at scala.meta.internal.metals.FormattingProvider.$anonfun$isCancelled$1$adapted(FormattingProvider.scala:59)
	at scala.Option.exists(Option.scala:376)
	at scala.meta.internal.metals.FormattingProvider.isCancelled(FormattingProvider.scala:59)
	at scala.meta.internal.metals.FormattingProvider.$anonfun$handleMissingFile$1(FormattingProvider.scala:171)
	at scala.meta.internal.metals.FormattingProvider.$anonfun$handleMissingFile$1$adapted(FormattingProvider.scala:164)
	at scala.util.Success.$anonfun$map$1(Try.scala:255)
	at scala.util.Success.map(Try.scala:213)
	at scala.concurrent.Future.$anonfun$map$1(Future.scala:292)
	at scala.concurrent.impl.Promise.liftedTree1$1(Promise.scala:33)
	at scala.concurrent.impl.Promise.$anonfun$transform$1(Promise.scala:33)
	at scala.concurrent.impl.CallbackRunnable.run(Promise.scala:64)
	at java.util.concurrent.ThreadPoolExecutor.runWorker(ThreadPoolExecutor.java:1149)
	... 2 more
Downloading https://repo1.maven.org/maven2/org/scalameta/scalafmt-cli_2.12/2.0.1/scalafmt-cli_2.12-2.0.1.pom.sha1
Downloading https://repo1.maven.org/maven2/org/scalameta/scalafmt-cli_2.12/2.0.1/scalafmt-cli_2.12-2.0.1.pom
Downloaded https://repo1.maven.org/maven2/org/scalameta/scalafmt-cli_2.12/2.0.1/scalafmt-cli_2.12-2.0.1.pom
Downloaded https://repo1.maven.org/maven2/org/scalameta/scalafmt-cli_2.12/2.0.1/scalafmt-cli_2.12-2.0.1.pom.sha1
Downloading https://repo1.maven.org/maven2/org/scalameta/scalafmt-cli_2.12/2.0.1/
Downloaded https://repo1.maven.org/maven2/org/scalameta/scalafmt-cli_2.12/2.0.1/
Downloading https://repo1.maven.org/maven2/org/scalameta/scalafmt-core_2.12/2.0.1/scalafmt-core_2.12-2.0.1.pom
Downloading https://repo1.maven.org/maven2/org/scalameta/scalafmt-core_2.12/2.0.1/scalafmt-core_2.12-2.0.1.pom.sha1
Downloading https://repo1.maven.org/maven2/com/martiansoftware/nailgun-server/0.9.1/nailgun-server-0.9.1.pom
Downloading https://repo1.maven.org/maven2/com/martiansoftware/nailgun-server/0.9.1/nailgun-server-0.9.1.pom.sha1
Downloading https://repo1.maven.org/maven2/com/github/scopt/scopt_2.12/3.5.0/scopt_2.12-3.5.0.pom
Downloading https://repo1.maven.org/maven2/com/github/scopt/scopt_2.12/3.5.0/scopt_2.12-3.5.0.pom.sha1
Downloaded https://repo1.maven.org/maven2/org/scalameta/scalafmt-core_2.12/2.0.1/scalafmt-core_2.12-2.0.1.pom
Downloading https://repo1.maven.org/maven2/org/scalameta/scalafmt-dynamic_2.12/2.0.1/
Downloaded https://repo1.maven.org/maven2/com/github/scopt/scopt_2.12/3.5.0/scopt_2.12-3.5.0.pom
Downloading https://repo1.maven.org/maven2/org/scala-lang/modules/scala-xml_2.12/1.1.1/
Downloaded https://repo1.maven.org/maven2/org/scalameta/scalafmt-dynamic_2.12/2.0.1/
Downloaded https://repo1.maven.org/maven2/org/scala-lang/modules/scala-xml_2.12/1.1.1/
Downloaded https://repo1.maven.org/maven2/com/github/scopt/scopt_2.12/3.5.0/scopt_2.12-3.5.0.pom.sha1
Downloading https://repo1.maven.org/maven2/com/github/scopt/scopt_2.12/3.5.0/
Downloaded https://repo1.maven.org/maven2/org/scalameta/scalafmt-core_2.12/2.0.1/scalafmt-core_2.12-2.0.1.pom.sha1
Downloading https://repo1.maven.org/maven2/org/scalameta/scalafmt-core_2.12/2.0.1/
Downloaded https://repo1.maven.org/maven2/com/martiansoftware/nailgun-server/0.9.1/nailgun-server-0.9.1.pom
Downloaded https://repo1.maven.org/maven2/com/martiansoftware/nailgun-server/0.9.1/nailgun-server-0.9.1.pom.sha1
Downloading https://repo1.maven.org/maven2/com/martiansoftware/nailgun-server/0.9.1/
Downloaded https://repo1.maven.org/maven2/com/github/scopt/scopt_2.12/3.5.0/
Downloaded https://repo1.maven.org/maven2/org/scalameta/scalafmt-core_2.12/2.0.1/
Downloaded https://repo1.maven.org/maven2/com/martiansoftware/nailgun-server/0.9.1/
Downloading https://repo1.maven.org/maven2/com/martiansoftware/nailgun-all/0.9.1/nailgun-all-0.9.1.pom.sha1
Downloading https://repo1.maven.org/maven2/com/martiansoftware/nailgun-all/0.9.1/nailgun-all-0.9.1.pom
Downloaded https://repo1.maven.org/maven2/com/martiansoftware/nailgun-all/0.9.1/nailgun-all-0.9.1.pom
Downloaded https://repo1.maven.org/maven2/com/martiansoftware/nailgun-all/0.9.1/nailgun-all-0.9.1.pom.sha1
Downloading https://repo1.maven.org/maven2/com/martiansoftware/nailgun-all/0.9.1/
Downloaded https://repo1.maven.org/maven2/com/martiansoftware/nailgun-all/0.9.1/
Downloading https://repo1.maven.org/maven2/com/geirsson/metaconfig-core_2.12/0.8.3/metaconfig-core_2.12-0.8.3.pom
Downloading https://repo1.maven.org/maven2/org/scalameta/scalameta_2.12/4.2.0/scalameta_2.12-4.2.0.pom.sha1
Downloading https://repo1.maven.org/maven2/org/scalameta/scalameta_2.12/4.2.0/scalameta_2.12-4.2.0.pom
Downloading https://repo1.maven.org/maven2/com/geirsson/metaconfig-core_2.12/0.8.3/metaconfig-core_2.12-0.8.3.pom.sha1
Downloading https://repo1.maven.org/maven2/com/geirsson/coursier-small_2.12/1.3.1/coursier-small_2.12-1.3.1.pom.sha1
Downloading https://repo1.maven.org/maven2/com/geirsson/coursier-small_2.12/1.3.1/coursier-small_2.12-1.3.1.pom
Downloaded https://repo1.maven.org/maven2/com/geirsson/coursier-small_2.12/1.3.1/coursier-small_2.12-1.3.1.pom
Downloading https://repo1.maven.org/maven2/com/geirsson/metaconfig-typesafe-config_2.12/0.8.3/metaconfig-typesafe-config_2.12-0.8.3.pom
Downloaded https://repo1.maven.org/maven2/org/scalameta/scalameta_2.12/4.2.0/scalameta_2.12-4.2.0.pom.sha1
Downloading https://repo1.maven.org/maven2/com/geirsson/metaconfig-typesafe-config_2.12/0.8.3/metaconfig-typesafe-config_2.12-0.8.3.pom.sha1
Downloaded https://repo1.maven.org/maven2/org/scalameta/scalameta_2.12/4.2.0/scalameta_2.12-4.2.0.pom
Downloaded https://repo1.maven.org/maven2/com/geirsson/metaconfig-core_2.12/0.8.3/metaconfig-core_2.12-0.8.3.pom.sha1
Downloading https://repo1.maven.org/maven2/com/typesafe/config/1.3.3/
Downloading https://repo1.maven.org/maven2/org/scalameta/scalafmt-interfaces/2.0.1/
Downloaded https://repo1.maven.org/maven2/com/geirsson/coursier-small_2.12/1.3.1/coursier-small_2.12-1.3.1.pom.sha1
Downloading https://repo1.maven.org/maven2/org/scalameta/scalameta_2.12/4.2.0/
Downloaded https://repo1.maven.org/maven2/com/geirsson/metaconfig-typesafe-config_2.12/0.8.3/metaconfig-typesafe-config_2.12-0.8.3.pom
Downloading https://repo1.maven.org/maven2/com/geirsson/coursier-small_2.12/1.3.1/
Downloaded https://repo1.maven.org/maven2/com/geirsson/metaconfig-typesafe-config_2.12/0.8.3/metaconfig-typesafe-config_2.12-0.8.3.pom.sha1
Downloading https://repo1.maven.org/maven2/com/geirsson/metaconfig-typesafe-config_2.12/0.8.3/
Downloaded https://repo1.maven.org/maven2/org/scalameta/scalafmt-interfaces/2.0.1/
Downloaded https://repo1.maven.org/maven2/com/typesafe/config/1.3.3/
Downloaded https://repo1.maven.org/maven2/org/scalameta/scalameta_2.12/4.2.0/
Downloaded https://repo1.maven.org/maven2/com/geirsson/metaconfig-core_2.12/0.8.3/metaconfig-core_2.12-0.8.3.pom
Downloading https://repo1.maven.org/maven2/com/geirsson/metaconfig-core_2.12/0.8.3/
Downloaded https://repo1.maven.org/maven2/com/geirsson/metaconfig-typesafe-config_2.12/0.8.3/
Downloaded https://repo1.maven.org/maven2/com/geirsson/coursier-small_2.12/1.3.1/
Downloaded https://repo1.maven.org/maven2/com/geirsson/metaconfig-core_2.12/0.8.3/
Downloading https://repo1.maven.org/maven2/org/scalameta/parsers_2.12/4.2.0/parsers_2.12-4.2.0.pom
Downloading https://repo1.maven.org/maven2/org/scalameta/parsers_2.12/4.2.0/parsers_2.12-4.2.0.pom.sha1
Downloading https://repo1.maven.org/maven2/org/typelevel/paiges-core_2.12/0.2.0/paiges-core_2.12-0.2.0.pom
Downloading https://repo1.maven.org/maven2/org/typelevel/paiges-core_2.12/0.2.0/paiges-core_2.12-0.2.0.pom.sha1
Downloaded https://repo1.maven.org/maven2/org/scalameta/parsers_2.12/4.2.0/parsers_2.12-4.2.0.pom
Downloaded https://repo1.maven.org/maven2/org/scalameta/parsers_2.12/4.2.0/parsers_2.12-4.2.0.pom.sha1
Downloading https://repo1.maven.org/maven2/org/scalameta/parsers_2.12/4.2.0/
Downloaded https://repo1.maven.org/maven2/org/typelevel/paiges-core_2.12/0.2.0/paiges-core_2.12-0.2.0.pom.sha1
Downloaded https://repo1.maven.org/maven2/org/typelevel/paiges-core_2.12/0.2.0/paiges-core_2.12-0.2.0.pom
Downloading https://repo1.maven.org/maven2/org/typelevel/paiges-core_2.12/0.2.0/
Downloaded https://repo1.maven.org/maven2/org/scalameta/parsers_2.12/4.2.0/
Downloaded https://repo1.maven.org/maven2/org/typelevel/paiges-core_2.12/0.2.0/
Downloading https://repo1.maven.org/maven2/org/scalameta/trees_2.12/4.2.0/trees_2.12-4.2.0.pom
Downloading https://repo1.maven.org/maven2/org/scalameta/trees_2.12/4.2.0/trees_2.12-4.2.0.pom.sha1
Downloaded https://repo1.maven.org/maven2/org/scalameta/trees_2.12/4.2.0/trees_2.12-4.2.0.pom.sha1
Downloaded https://repo1.maven.org/maven2/org/scalameta/trees_2.12/4.2.0/trees_2.12-4.2.0.pom
Downloading https://repo1.maven.org/maven2/org/scalameta/trees_2.12/4.2.0/
Downloaded https://repo1.maven.org/maven2/org/scalameta/trees_2.12/4.2.0/
Downloading https://repo1.maven.org/maven2/org/scalameta/common_2.12/4.2.0/common_2.12-4.2.0.pom
Downloading https://repo1.maven.org/maven2/org/scalameta/common_2.12/4.2.0/common_2.12-4.2.0.pom.sha1
Downloading https://repo1.maven.org/maven2/org/scalameta/fastparse_2.12/1.0.1/
Downloaded https://repo1.maven.org/maven2/org/scalameta/common_2.12/4.2.0/common_2.12-4.2.0.pom.sha1
Downloaded https://repo1.maven.org/maven2/org/scalameta/fastparse_2.12/1.0.1/
Downloaded https://repo1.maven.org/maven2/org/scalameta/common_2.12/4.2.0/common_2.12-4.2.0.pom
Downloading https://repo1.maven.org/maven2/org/scalameta/common_2.12/4.2.0/
Downloaded https://repo1.maven.org/maven2/org/scalameta/common_2.12/4.2.0/
Downloading https://repo1.maven.org/maven2/com/lihaoyi/sourcecode_2.12/0.1.7/
Downloading https://repo1.maven.org/maven2/org/scalameta/fastparse-utils_2.12/1.0.1/
Downloaded https://repo1.maven.org/maven2/com/lihaoyi/sourcecode_2.12/0.1.7/
Downloaded https://repo1.maven.org/maven2/org/scalameta/fastparse-utils_2.12/1.0.1/
WARN  no build target: /Users/abyssparanoia/workspace/other/scala-playground/akka-slick/build.sbt
INFO  skipping build import with status 'Failed'
WARN  no build target: 
WARN  no build target: /Users/abyssparanoia/workspace/other/scala-playground/akka-slick/build.sbt
INFO  skipping build import with status 'Failed'
WARN  no build target: 
WARN  no build target: /Users/abyssparanoia/workspace/other/scala-playground/akka-slick/build.sbt
INFO  skipping build import with status 'Failed'
WARN  no build target: 
WARN  unsupported Scala 2.11.8
WARN  unsupported Scala 2.11.8
WARN  unsupported Scala 2.11.8
WARN  unsupported Scala 2.11.8
WARN  unsupported Scala 2.11.8
WARN  unsupported Scala 2.11.8
ERROR code navigation does not work for the file '/Users/abyssparanoia/workspace/other/scala-playground/akka-slick/src/main/scala/Sample.scala' because the Scala version 2.11.8 is not supported. To fix this problem, change the Scala version to 2.13.1 or 2.12.10 or 2.11.12.
ERROR code navigation does not work for the file '/Users/abyssparanoia/workspace/other/scala-playground/akka-slick/src/main/scala/Sample.scala' because the Scala version 2.11.8 is not supported. To fix this problem, change the Scala version to 2.13.1 or 2.12.10 or 2.11.12.
WARN  unsupported Scala 2.11.8
INFO  compiling akka-slick (1 scala source)
INFO  time: compiled akka-slick in 0.49s
WARN  unsupported Scala 2.11.8
WARN  unsupported Scala 2.11.8
WARN  unsupported Scala 2.11.8
WARN  unsupported Scala 2.11.8
WARN  unsupported Scala 2.11.8
WARN  unsupported Scala 2.11.8
ERROR code navigation does not work for the file '/Users/abyssparanoia/workspace/other/scala-playground/akka-slick/src/main/scala/Sample.scala' because the Scala version 2.11.8 is not supported. To fix this problem, change the Scala version to 2.13.1 or 2.12.10 or 2.11.12.
ERROR code navigation does not work for the file '/Users/abyssparanoia/workspace/other/scala-playground/akka-slick/src/main/scala/Sample.scala' because the Scala version 2.11.8 is not supported. To fix this problem, change the Scala version to 2.13.1 or 2.12.10 or 2.11.12.
WARN  unsupported Scala 2.11.8
WARN  unsupported Scala 2.11.8
WARN  unsupported Scala 2.11.8
WARN  unsupported Scala 2.11.8
INFO  shutting down Metals
shutdown request received: build/shutdown
Client in /Users/abyssparanoia/workspace/other/scala-playground/akka-slick/.bloop triggered cancellation. Cancelling tasks...
[0m[31m[E][0m BSP server cancelled, closing socket...
INFO  bloop exit: 0
INFO  time: initialize in 0.26s
INFO  running embedded 'bloop bsp --protocol local --socket /var/folders/mp/xq7jcdg54rz3v6m1kjp7nt3c0000gn/T/bsp8956762156085003990/10o3ymosu27ic.socket'
INFO  skipping build import with status 'Failed'
WARN  no build target: /Users/abyssparanoia/workspace/other/scala-playground/akka-slick/src/main/scala/Sample.scala
The server is listening for incoming connections at local:///var/folders/mp/xq7jcdg54rz3v6m1kjp7nt3c0000gn/T/bsp8956762156085003990/10o3ymosu27ic.socket...
Accepted incoming BSP client connection at local:///var/folders/mp/xq7jcdg54rz3v6m1kjp7nt3c0000gn/T/bsp8956762156085003990/10o3ymosu27ic.socket
INFO  tracing is disabled for protocol BSP, to enable tracing of incoming and outgoing JSON messages create an empty file at /Users/abyssparanoia/Library/Caches/org.scalameta.metals/bsp.trace.json
request received: build/initialize
INFO  time: connected to build server in 2.5s
BSP initialization handshake complete.
INFO  time: indexed workspace in 0.36s
WARN  unsupported Scala 2.11.8
WARN  unsupported Scala 2.11.8
WARN  no build target: /Users/abyssparanoia/workspace/other/scala-playground/akka-slick/build.sbt
WARN  no build target: /Users/abyssparanoia/workspace/other/scala-playground/akka-slick/build.sbt
WARN  no build target: 
INFO  running '/Library/Java/JavaVirtualMachines/amazon-corretto-8.jdk/Contents/Home/bin/java -Djline.terminal=jline.UnsupportedTerminal -Dsbt.log.noformat=true -Dfile.encoding=UTF-8 -jar /var/folders/mp/xq7jcdg54rz3v6m1kjp7nt3c0000gn/T/metals9066361038262863668/sbt-launch.jar metalsEnable bloopInstall'
INFO  [info] Loading settings for project global-plugins from plugins.sbt,metals.sbt ...
INFO  [info] Loading global plugins from /Users/abyssparanoia/.sbt/1.0/plugins
INFO  [info] Updating ProjectRef(uri("file:/Users/abyssparanoia/.sbt/1.0/plugins/"), "global-plugins")...
INFO  [info] Done updating.
INFO  [info] Loading project definition from /Users/abyssparanoia/workspace/other/scala-playground/akka-slick/project
INFO  [info] Updating ProjectRef(uri("file:/Users/abyssparanoia/workspace/other/scala-playground/akka-slick/project/"), "akka-slick-build")...
INFO  [info] Done updating.
INFO  [success] Generated .bloop/akka-slick-build.json
INFO  [success] Total time: 1 s, completed Sep 30, 2019 1:11:52 AM
INFO  [info] Updating ProjectRef(uri("file:/Users/abyssparanoia/workspace/other/scala-playground/akka-slick/project/"), "akka-slick-build")...
INFO  [info] Done updating.
INFO  [info] Loading settings for project akka-slick from build.sbt ...
INFO  [info] Set current project to akka-slick (in build file:/Users/abyssparanoia/workspace/other/scala-playground/akka-slick/)
INFO  [info] Set current project to akka-slick (in build file:/Users/abyssparanoia/workspace/other/scala-playground/akka-slick/)
INFO  [info] semanticdb-scalac is enabled
INFO  [info] Updating ...
INFO  [warn] 	module not found: com.typesafe.akka#akka-http-experimental_2.12;2.5.19
INFO  [warn] ==== local: tried
INFO  [warn]   /Users/abyssparanoia/.ivy2/local/com.typesafe.akka/akka-http-experimental_2.12/2.5.19/ivys/ivy.xml
INFO  [warn] ==== public: tried
INFO  [warn]   https://repo1.maven.org/maven2/com/typesafe/akka/akka-http-experimental_2.12/2.5.19/akka-http-experimental_2.12-2.5.19.pom
INFO  [warn] ==== local-preloaded-ivy: tried
INFO  [warn]   /Users/abyssparanoia/.sbt/preloaded/com.typesafe.akka/akka-http-experimental_2.12/2.5.19/ivys/ivy.xml
INFO  [warn] ==== local-preloaded: tried
INFO  [warn]   file:////Users/abyssparanoia/.sbt/preloaded/com/typesafe/akka/akka-http-experimental_2.12/2.5.19/akka-http-experimental_2.12-2.5.19.pom
INFO  [warn] 	::::::::::::::::::::::::::::::::::::::::::::::
INFO  [warn] 	::          UNRESOLVED DEPENDENCIES         ::
INFO  [warn] 	::::::::::::::::::::::::::::::::::::::::::::::
INFO  [warn] 	:: com.typesafe.akka#akka-http-experimental_2.12;2.5.19: not found
INFO  [warn] 	::::::::::::::::::::::::::::::::::::::::::::::
INFO  [warn] 
INFO  [warn] 	Note: Unresolved dependencies path:
INFO  [warn] 		com.typesafe.akka:akka-http-experimental_2.12:2.5.19 (/Users/abyssparanoia/workspace/other/scala-playground/akka-slick/build.sbt#L3-9)
INFO  [warn] 		  +- default:akka-slick_2.12:0.1.0-SNAPSHOT
INFO  [error] sbt.librarymanagement.ResolveException: unresolved dependency: com.typesafe.akka#akka-http-experimental_2.12;2.5.19: not found
INFO  [error] 	at sbt.internal.librarymanagement.IvyActions$.resolveAndRetrieve(IvyActions.scala:332)
INFO  [error] 	at sbt.internal.librarymanagement.IvyActions$.$anonfun$updateEither$1(IvyActions.scala:208)
INFO  [error] 	at sbt.internal.librarymanagement.IvySbt$Module.$anonfun$withModule$1(Ivy.scala:239)
INFO  [error] 	at sbt.internal.librarymanagement.IvySbt.$anonfun$withIvy$1(Ivy.scala:204)
INFO  [error] 	at sbt.internal.librarymanagement.IvySbt.sbt$internal$librarymanagement$IvySbt$$action$1(Ivy.scala:70)
INFO  [error] 	at sbt.internal.librarymanagement.IvySbt$$anon$3.call(Ivy.scala:77)
INFO  [error] 	at xsbt.boot.Locks$GlobalLock.withChannel$1(Locks.scala:95)
INFO  [error] 	at xsbt.boot.Locks$GlobalLock.xsbt$boot$Locks$GlobalLock$$withChannelRetries$1(Locks.scala:80)
INFO  [error] 	at xsbt.boot.Locks$GlobalLock$$anonfun$withFileLock$1.apply(Locks.scala:99)
INFO  [error] 	at xsbt.boot.Using$.withResource(Using.scala:10)
INFO  [error] 	at xsbt.boot.Using$.apply(Using.scala:9)
INFO  [error] 	at xsbt.boot.Locks$GlobalLock.ignoringDeadlockAvoided(Locks.scala:60)
INFO  [error] 	at xsbt.boot.Locks$GlobalLock.withLock(Locks.scala:50)
INFO  [error] 	at xsbt.boot.Locks$.apply0(Locks.scala:31)
INFO  [error] 	at xsbt.boot.Locks$.apply(Locks.scala:28)
INFO  [error] 	at sbt.internal.librarymanagement.IvySbt.withDefaultLogger(Ivy.scala:77)
INFO  [error] 	at sbt.internal.librarymanagement.IvySbt.withIvy(Ivy.scala:199)
INFO  [error] 	at sbt.internal.librarymanagement.IvySbt.withIvy(Ivy.scala:196)
INFO  [error] 	at sbt.internal.librarymanagement.IvySbt$Module.withModule(Ivy.scala:238)
INFO  [error] 	at sbt.internal.librarymanagement.IvyActions$.updateEither(IvyActions.scala:193)
INFO  [error] 	at sbt.librarymanagement.ivy.IvyDependencyResolution.update(IvyDependencyResolution.scala:20)
INFO  [error] 	at sbt.librarymanagement.DependencyResolution.update(DependencyResolution.scala:56)
INFO  [error] 	at sbt.internal.LibraryManagement$.resolve$1(LibraryManagement.scala:45)
INFO  [error] 	at sbt.internal.LibraryManagement$.$anonfun$cachedUpdate$12(LibraryManagement.scala:93)
INFO  [error] 	at sbt.util.Tracked$.$anonfun$lastOutput$1(Tracked.scala:68)
INFO  [error] 	at sbt.internal.LibraryManagement$.$anonfun$cachedUpdate$19(LibraryManagement.scala:106)
INFO  [error] 	at scala.util.control.Exception$Catch.apply(Exception.scala:224)
INFO  [error] 	at sbt.internal.LibraryManagement$.$anonfun$cachedUpdate$11(LibraryManagement.scala:106)
INFO  [error] 	at sbt.internal.LibraryManagement$.$anonfun$cachedUpdate$11$adapted(LibraryManagement.scala:89)
INFO  [error] 	at sbt.util.Tracked$.$anonfun$inputChanged$1(Tracked.scala:149)
INFO  [error] 	at sbt.internal.LibraryManagement$.cachedUpdate(LibraryManagement.scala:120)
INFO  [error] 	at sbt.Classpaths$.$anonfun$updateTask$5(Defaults.scala:2561)
INFO  [error] 	at scala.Function1.$anonfun$compose$1(Function1.scala:44)
INFO  [error] 	at sbt.internal.util.$tilde$greater.$anonfun$$u2219$1(TypeFunctions.scala:40)
INFO  [error] 	at sbt.std.Transform$$anon$4.work(System.scala:67)
INFO  [error] 	at sbt.Execute.$anonfun$submit$2(Execute.scala:269)
INFO  [error] 	at sbt.internal.util.ErrorHandling$.wideConvert(ErrorHandling.scala:16)
INFO  [error] 	at sbt.Execute.work(Execute.scala:278)
INFO  [error] 	at sbt.Execute.$anonfun$submit$1(Execute.scala:269)
INFO  [error] 	at sbt.ConcurrentRestrictions$$anon$4.$anonfun$submitValid$1(ConcurrentRestrictions.scala:178)
INFO  [error] 	at sbt.CompletionService$$anon$2.call(CompletionService.scala:37)
INFO  [error] 	at java.util.concurrent.FutureTask.run(FutureTask.java:266)
INFO  [error] 	at java.util.concurrent.Executors$RunnableAdapter.call(Executors.java:511)
INFO  [error] 	at java.util.concurrent.FutureTask.run(FutureTask.java:266)
INFO  [error] 	at java.util.concurrent.ThreadPoolExecutor.runWorker(ThreadPoolExecutor.java:1149)
INFO  [error] 	at java.util.concurrent.ThreadPoolExecutor$Worker.run(ThreadPoolExecutor.java:624)
INFO  [error] 	at java.lang.Thread.run(Thread.java:748)
INFO  [error] (update) sbt.librarymanagement.ResolveException: unresolved dependency: com.typesafe.akka#akka-http-experimental_2.12;2.5.19: not found
INFO  [error] Total time: 1 s, completed Sep 30, 2019 1:11:55 AM
INFO  build tool exit: 1
INFO  time: ran 'sbt bloopInstall' in 11s
ERROR sbt command failed: /Library/Java/JavaVirtualMachines/amazon-corretto-8.jdk/Contents/Home/bin/java -Djline.terminal=jline.UnsupportedTerminal -Dsbt.log.noformat=true -Dfile.encoding=UTF-8 -jar /var/folders/mp/xq7jcdg54rz3v6m1kjp7nt3c0000gn/T/metals9066361038262863668/sbt-launch.jar metalsEnable bloopInstall
INFO  disconnected: build server
shutdown request received: build/shutdown
Client in /Users/abyssparanoia/workspace/other/scala-playground/akka-slick/.bloop triggered cancellation. Cancelling tasks...
[0m[31m[E][0m BSP server cancelled, closing socket...
INFO  running embedded 'bloop bsp --protocol local --socket /var/folders/mp/xq7jcdg54rz3v6m1kjp7nt3c0000gn/T/bsp5152825086437621978/5ye19tkt4eqc.socket'
INFO  bloop exit: 0
The server is listening for incoming connections at local:///var/folders/mp/xq7jcdg54rz3v6m1kjp7nt3c0000gn/T/bsp5152825086437621978/5ye19tkt4eqc.socket...
Accepted incoming BSP client connection at local:///var/folders/mp/xq7jcdg54rz3v6m1kjp7nt3c0000gn/T/bsp5152825086437621978/5ye19tkt4eqc.socket
INFO  tracing is disabled for protocol BSP, to enable tracing of incoming and outgoing JSON messages create an empty file at /Users/abyssparanoia/Library/Caches/org.scalameta.metals/bsp.trace.json
request received: build/initialize
INFO  time: connected to build server in 0.21s
BSP initialization handshake complete.
INFO  time: indexed workspace in 0.19s
WARN  unsupported Scala 2.11.8
WARN  no build target: /Users/abyssparanoia/workspace/other/scala-playground/akka-slick/build.sbt
INFO  skipping build import with status 'Failed'
WARN  no build target: 
WARN  unsupported Scala 2.11.8
WARN  no build target: /Users/abyssparanoia/workspace/other/scala-playground/akka-slick/build.sbt
INFO  skipping build import with status 'Failed'
WARN  no build target: /Users/abyssparanoia/workspace/other/scala-playground/akka-slick/build.sbt
INFO  skipping build import with status 'Failed'
WARN  no build target: 
WARN  unsupported Scala 2.11.8
WARN  unsupported Scala 2.11.8
WARN  unsupported Scala 2.11.8
ERROR code navigation does not work for the file '/Users/abyssparanoia/workspace/other/scala-playground/akka-slick/src/main/scala/Sample.scala' because the Scala version 2.11.8 is not supported. To fix this problem, change the Scala version to 2.13.1 or 2.12.10 or 2.11.12.
ERROR code navigation does not work for the file '/Users/abyssparanoia/workspace/other/scala-playground/akka-slick/src/main/scala/Sample.scala' because the Scala version 2.11.8 is not supported. To fix this problem, change the Scala version to 2.13.1 or 2.12.10 or 2.11.12.
WARN  unsupported Scala 2.11.8
WARN  unsupported Scala 2.11.8
WARN  no build target: /Users/abyssparanoia/workspace/other/scala-playground/akka-slick/build.sbt
WARN  no build target: 
INFO  running '/Library/Java/JavaVirtualMachines/amazon-corretto-8.jdk/Contents/Home/bin/java -Djline.terminal=jline.UnsupportedTerminal -Dsbt.log.noformat=true -Dfile.encoding=UTF-8 -jar /var/folders/mp/xq7jcdg54rz3v6m1kjp7nt3c0000gn/T/metals4017849302380378958/sbt-launch.jar metalsEnable bloopInstall'
INFO  [info] Loading settings for project global-plugins from plugins.sbt,metals.sbt ...
INFO  [info] Loading global plugins from /Users/abyssparanoia/.sbt/1.0/plugins
INFO  [info] Updating ProjectRef(uri("file:/Users/abyssparanoia/.sbt/1.0/plugins/"), "global-plugins")...
INFO  [info] Done updating.
INFO  [info] Loading project definition from /Users/abyssparanoia/workspace/other/scala-playground/akka-slick/project
INFO  [info] Updating ProjectRef(uri("file:/Users/abyssparanoia/workspace/other/scala-playground/akka-slick/project/"), "akka-slick-build")...
INFO  [info] Done updating.
INFO  [success] Generated .bloop/akka-slick-build.json
INFO  [success] Total time: 1 s, completed Sep 30, 2019 1:16:28 AM
INFO  [info] Updating ProjectRef(uri("file:/Users/abyssparanoia/workspace/other/scala-playground/akka-slick/project/"), "akka-slick-build")...
INFO  [info] Done updating.
INFO  [info] Loading settings for project akka-slick from build.sbt ...
INFO  [info] Set current project to akka-slick (in build file:/Users/abyssparanoia/workspace/other/scala-playground/akka-slick/)
INFO  [info] Set current project to akka-slick (in build file:/Users/abyssparanoia/workspace/other/scala-playground/akka-slick/)
INFO  [info] semanticdb-scalac is enabled
INFO  [info] Updating ...
INFO  [info] downloading https://repo1.maven.org/maven2/com/typesafe/akka/akka-http_2.12/10.1.0/akka-http_2.12-10.1.0.jar ...
INFO  [info] downloading https://repo1.maven.org/maven2/com/typesafe/akka/akka-http-core_2.12/10.1.0/akka-http-core_2.12-10.1.0.jar ...
INFO  [info] downloading https://repo1.maven.org/maven2/org/scala-lang/scala-library/2.12.4/scala-library-2.12.4.jar ...
INFO  [info] downloading https://repo1.maven.org/maven2/com/typesafe/akka/akka-stream_2.12/2.5.11/akka-stream_2.12-2.5.11.jar ...
INFO  [info] downloading https://repo1.maven.org/maven2/com/typesafe/akka/akka-parsing_2.12/10.1.0/akka-parsing_2.12-10.1.0.jar ...
INFO  [info] downloading https://repo1.maven.org/maven2/com/typesafe/akka/akka-actor_2.12/2.5.11/akka-actor_2.12-2.5.11.jar ...
INFO  [info] 	[SUCCESSFUL ] com.typesafe.akka#akka-parsing_2.12;10.1.0!akka-parsing_2.12.jar (2000ms)
INFO  [info] downloading https://repo1.maven.org/maven2/com/typesafe/akka/akka-protobuf_2.12/2.5.11/akka-protobuf_2.12-2.5.11.jar ...
INFO  [info] 	[SUCCESSFUL ] com.typesafe.akka#akka-http_2.12;10.1.0!akka-http_2.12.jar (2297ms)
INFO  [info] downloading https://repo1.maven.org/maven2/com/typesafe/config/1.3.2/config-1.3.2.jar ...
INFO  [info] 	[SUCCESSFUL ] com.typesafe.akka#akka-stream_2.12;2.5.11!akka-stream_2.12.jar (2477ms)
INFO  [info] downloading https://repo1.maven.org/maven2/org/scala-lang/modules/scala-parser-combinators_2.12/1.0.4/scala-parser-combinators_2.12-1.0.4.jar ...
INFO  [info] 	[SUCCESSFUL ] com.typesafe.akka#akka-protobuf_2.12;2.5.11!akka-protobuf_2.12.jar (786ms)
INFO  [info] downloading https://repo1.maven.org/maven2/org/scala-lang/scala-compiler/2.12.4/scala-compiler-2.12.4.jar ...
INFO  [info] 	[SUCCESSFUL ] com.typesafe#config;1.3.2!config.jar(bundle) (634ms)
INFO  [info] downloading https://repo1.maven.org/maven2/org/scala-lang/scala-reflect/2.12.4/scala-reflect-2.12.4.jar ...
INFO  [info] 	[SUCCESSFUL ] org.scala-lang.modules#scala-parser-combinators_2.12;1.0.4!scala-parser-combinators_2.12.jar(bundle) (1363ms)
INFO  [info] downloading https://repo1.maven.org/maven2/jline/jline/2.14.5/jline-2.14.5.jar ...
INFO  [info] 	[SUCCESSFUL ] com.typesafe.akka#akka-actor_2.12;2.5.11!akka-actor_2.12.jar (4212ms)
INFO  [info] 	[SUCCESSFUL ] jline#jline;2.14.5!jline.jar (623ms)
INFO  [info] 	[SUCCESSFUL ] org.scala-lang#scala-library;2.12.4!scala-library.jar (5071ms)
INFO  [info] 	[SUCCESSFUL ] com.typesafe.akka#akka-http-core_2.12;10.1.0!akka-http-core_2.12.jar (5223ms)
INFO  [info] 	[SUCCESSFUL ] org.scala-lang#scala-reflect;2.12.4!scala-reflect.jar (3005ms)
INFO  [info] 	[SUCCESSFUL ] org.scala-lang#scala-compiler;2.12.4!scala-compiler.jar (22210ms)
INFO  [info] Done updating.
INFO  [warn] There may be incompatibilities among your library dependencies; run 'evicted' to see detailed eviction warnings.
INFO  [info] downloading https://repo1.maven.org/maven2/com/typesafe/akka/akka-http_2.12/10.1.0/akka-http_2.12-10.1.0-sources.jar ...
INFO  [info] downloading https://repo1.maven.org/maven2/com/typesafe/akka/akka-stream_2.12/2.5.11/akka-stream_2.12-2.5.11-sources.jar ...
INFO  [info] downloading https://repo1.maven.org/maven2/com/typesafe/ssl-config-core_2.12/0.2.2/ssl-config-core_2.12-0.2.2-sources.jar ...
INFO  [info] downloading https://repo1.maven.org/maven2/com/typesafe/config/1.3.2/config-1.3.2-sources.jar ...
INFO  [info] downloading https://repo1.maven.org/maven2/org/scala-lang/scala-library/2.12.4/scala-library-2.12.4-sources.jar ...
INFO  [info] downloading https://repo1.maven.org/maven2/com/typesafe/akka/akka-protobuf_2.12/2.5.11/akka-protobuf_2.12-2.5.11-sources.jar ...
INFO  [info] 	[SUCCESSFUL ] com.typesafe#ssl-config-core_2.12;0.2.2!ssl-config-core_2.12.jar(src) (655ms)
INFO  [info] 	[SUCCESSFUL ] com.typesafe.akka#akka-http_2.12;10.1.0!akka-http_2.12.jar(src) (763ms)
INFO  [info] downloading https://repo1.maven.org/maven2/com/typesafe/akka/akka-parsing_2.12/10.1.0/akka-parsing_2.12-10.1.0-sources.jar ...
INFO  [info] downloading https://repo1.maven.org/maven2/org/scala-lang/modules/scala-parser-combinators_2.12/1.0.4/scala-parser-combinators_2.12-1.0.4-sources.jar ...
INFO  [info] 	[SUCCESSFUL ] com.typesafe#config;1.3.2!config.jar(src) (1035ms)
INFO  [info] downloading https://repo1.maven.org/maven2/com/typesafe/akka/akka-actor_2.12/2.5.11/akka-actor_2.12-2.5.11-sources.jar ...
INFO  [info] 	[SUCCESSFUL ] com.typesafe.akka#akka-stream_2.12;2.5.11!akka-stream_2.12.jar(src) (1258ms)
INFO  [info] 	[SUCCESSFUL ] org.scala-lang.modules#scala-parser-combinators_2.12;1.0.4!scala-parser-combinators_2.12.jar(src) (620ms)
INFO  [info] downloading https://repo1.maven.org/maven2/com/typesafe/akka/akka-http-core_2.12/10.1.0/akka-http-core_2.12-10.1.0-sources.jar ...
INFO  [info] 	[SUCCESSFUL ] com.typesafe.akka#akka-parsing_2.12;10.1.0!akka-parsing_2.12.jar(src) (761ms)
INFO  [info] downloading https://repo1.maven.org/maven2/org/scala-lang/modules/scala-java8-compat_2.12/0.8.0/scala-java8-compat_2.12-0.8.0-sources.jar ...
INFO  [info] downloading https://repo1.maven.org/maven2/org/scala-lang/scala-reflect/2.12.4/scala-reflect-2.12.4-sources.jar ...
INFO  [info] 	[SUCCESSFUL ] com.typesafe.akka#akka-protobuf_2.12;2.5.11!akka-protobuf_2.12.jar(src) (1543ms)
INFO  [info] downloading https://repo1.maven.org/maven2/jline/jline/2.14.5/jline-2.14.5-sources.jar ...
INFO  [info] 	[SUCCESSFUL ] com.typesafe.akka#akka-http-core_2.12;10.1.0!akka-http-core_2.12.jar(src) (753ms)
INFO  [info] 	[SUCCESSFUL ] org.scala-lang.modules#scala-java8-compat_2.12;0.8.0!scala-java8-compat_2.12.jar(src) (629ms)
INFO  [info] downloading https://repo1.maven.org/maven2/org/scala-lang/scala-compiler/2.12.4/scala-compiler-2.12.4-sources.jar ...
INFO  [info] 	[SUCCESSFUL ] jline#jline;2.14.5!jline.jar(src) (630ms)
INFO  [info] 	[SUCCESSFUL ] org.scala-lang#scala-library;2.12.4!scala-library.jar(src) (2542ms)
INFO  [info] 	[SUCCESSFUL ] com.typesafe.akka#akka-actor_2.12;2.5.11!akka-actor_2.12.jar(src) (1898ms)
INFO  [info] 	[SUCCESSFUL ] org.scala-lang#scala-reflect;2.12.4!scala-reflect.jar(src) (1655ms)
INFO  [info] 	[SUCCESSFUL ] org.scala-lang#scala-compiler;2.12.4!scala-compiler.jar(src) (1122ms)
INFO  [success] Generated .bloop/akka-slick-test.json
INFO  [success] Generated .bloop/akka-slick.json
INFO  [success] Total time: 38 s, completed Sep 30, 2019 1:17:08 AM
INFO  build tool exit: 0
INFO  time: ran 'sbt bloopInstall' in 49s
INFO  disconnected: build server
shutdown request received: build/shutdown
Client in /Users/abyssparanoia/workspace/other/scala-playground/akka-slick/.bloop triggered cancellation. Cancelling tasks...
[0m[31m[E][0m BSP server cancelled, closing socket...
INFO  running embedded 'bloop bsp --protocol local --socket /var/folders/mp/xq7jcdg54rz3v6m1kjp7nt3c0000gn/T/bsp4283957681838713302/-1g800zc2eanp8.socket'
INFO  bloop exit: 0
The server is listening for incoming connections at local:///var/folders/mp/xq7jcdg54rz3v6m1kjp7nt3c0000gn/T/bsp4283957681838713302/-1g800zc2eanp8.socket...
Accepted incoming BSP client connection at local:///var/folders/mp/xq7jcdg54rz3v6m1kjp7nt3c0000gn/T/bsp4283957681838713302/-1g800zc2eanp8.socket
INFO  tracing is disabled for protocol BSP, to enable tracing of incoming and outgoing JSON messages create an empty file at /Users/abyssparanoia/Library/Caches/org.scalameta.metals/bsp.trace.json
request received: build/initialize
INFO  time: connected to build server in 0.21s
BSP initialization handshake complete.
INFO  time: indexed workspace in 0.83s
WARN  unsupported Scala 2.12.4
INFO  compiling akka-slick (1 scala source)
INFO  Non-compiled module 'compiler-bridge_2.12' for Scala 2.12.4. Compiling...
INFO    Compilation completed in 7.569s.
INFO  time: compiled akka-slick in 11s
WARN  no build target: /Users/abyssparanoia/workspace/other/scala-playground/akka-slick/build.sbt
WARN  no build target: /Users/abyssparanoia/workspace/other/scala-playground/akka-slick/build.sbt
WARN  no build target: 
WARN  no build target: /Users/abyssparanoia/workspace/other/scala-playground/akka-slick/build.sbt
WARN  no build target: 
INFO  running '/Library/Java/JavaVirtualMachines/amazon-corretto-8.jdk/Contents/Home/bin/java -Djline.terminal=jline.UnsupportedTerminal -Dsbt.log.noformat=true -Dfile.encoding=UTF-8 -jar /var/folders/mp/xq7jcdg54rz3v6m1kjp7nt3c0000gn/T/metals5255179374402787934/sbt-launch.jar metalsEnable bloopInstall'
INFO  [info] Loading settings for project global-plugins from plugins.sbt,metals.sbt ...
INFO  [info] Loading global plugins from /Users/abyssparanoia/.sbt/1.0/plugins
INFO  [info] Loading project definition from /Users/abyssparanoia/workspace/other/scala-playground/akka-slick/project
INFO  [success] Generated .bloop/akka-slick-build.json
INFO  [success] Total time: 1 s, completed Sep 30, 2019 1:17:46 AM
INFO  [info] Loading settings for project akka-slick from build.sbt ...
INFO  [info] Set current project to akka-slick (in build file:/Users/abyssparanoia/workspace/other/scala-playground/akka-slick/)
INFO  [info] Set current project to akka-slick (in build file:/Users/abyssparanoia/workspace/other/scala-playground/akka-slick/)
INFO  [info] semanticdb-scalac is enabled
INFO  [info] Updating ...
INFO  [info] Done updating.
INFO  [warn] There may be incompatibilities among your library dependencies; run 'evicted' to see detailed eviction warnings.
INFO  [info] downloading https://repo1.maven.org/maven2/org/scala-lang/scala-library/2.12.10/scala-library-2.12.10-sources.jar ...
INFO  [info] downloading https://repo1.maven.org/maven2/org/scala-lang/scala-reflect/2.12.10/scala-reflect-2.12.10-sources.jar ...
INFO  [info] downloading https://repo1.maven.org/maven2/org/scalameta/semanticdb-scalac_2.12.10/4.2.3/semanticdb-scalac_2.12.10-4.2.3-sources.jar ...
INFO  [info] downloading https://repo1.maven.org/maven2/org/fusesource/jansi/jansi/1.12/jansi-1.12-sources.jar ...
INFO  [info] downloading https://repo1.maven.org/maven2/org/scala-lang/scala-compiler/2.12.10/scala-compiler-2.12.10-sources.jar ...
INFO  [info] 	[SUCCESSFUL ] org.scalameta#semanticdb-scalac_2.12.10;4.2.3!semanticdb-scalac_2.12.10.jar(src) (1519ms)
INFO  [info] 	[SUCCESSFUL ] org.fusesource.jansi#jansi;1.12!jansi.jar(src) (1627ms)
INFO  [info] 	[SUCCESSFUL ] org.scala-lang#scala-reflect;2.12.10!scala-reflect.jar(src) (2252ms)
INFO  [info] 	[SUCCESSFUL ] org.scala-lang#scala-library;2.12.10!scala-library.jar(src) (3084ms)
INFO  [info] 	[SUCCESSFUL ] org.scala-lang#scala-compiler;2.12.10!scala-compiler.jar(src) (4937ms)
INFO  [success] Generated .bloop/akka-slick-test.json
INFO  [success] Generated .bloop/akka-slick.json
INFO  [success] Total time: 6 s, completed Sep 30, 2019 1:17:53 AM
INFO  build tool exit: 0
INFO  time: ran 'sbt bloopInstall' in 13s
INFO  disconnected: build server
shutdown request received: build/shutdown
[0m[31m[E][0m BSP server cancelled, closing socket...
Client in /Users/abyssparanoia/workspace/other/scala-playground/akka-slick/.bloop triggered cancellation. Cancelling tasks...
INFO  bloop exit: 0
INFO  running embedded 'bloop bsp --protocol local --socket /var/folders/mp/xq7jcdg54rz3v6m1kjp7nt3c0000gn/T/bsp7841293692558537296/-1ffnkj7t2uhz8.socket'
The server is listening for incoming connections at local:///var/folders/mp/xq7jcdg54rz3v6m1kjp7nt3c0000gn/T/bsp7841293692558537296/-1ffnkj7t2uhz8.socket...
Accepted incoming BSP client connection at local:///var/folders/mp/xq7jcdg54rz3v6m1kjp7nt3c0000gn/T/bsp7841293692558537296/-1ffnkj7t2uhz8.socket
INFO  tracing is disabled for protocol BSP, to enable tracing of incoming and outgoing JSON messages create an empty file at /Users/abyssparanoia/Library/Caches/org.scalameta.metals/bsp.trace.json
request received: build/initialize
INFO  time: connected to build server in 0.21s
BSP initialization handshake complete.
INFO  time: indexed workspace in 0.29s
INFO  compiling akka-slick (1 scala source)
INFO  Non-compiled module 'compiler-bridge_2.12' for Scala 2.12.10. Compiling...
WARN  no build target: /Users/abyssparanoia/workspace/other/scala-playground/akka-slick/build.sbt
WARN  no build target: 
INFO    Compilation completed in 8.09s.
INFO  time: compiled akka-slick in 10s
INFO  skipping build import with status 'Installed'
INFO  compiling akka-slick (1 scala source)
INFO  time: compiled akka-slick in 0.35s
INFO  compiling akka-slick (1 scala source)
INFO  time: compiled akka-slick in 0.11s
ERROR Failed to compile 'akka-slick'
INFO  compiling akka-slick (1 scala source)
INFO  time: compiled akka-slick in 64ms
ERROR Failed to compile 'akka-slick'
INFO  compiling akka-slick (1 scala source)
INFO  time: compiled akka-slick in 61ms
ERROR Failed to compile 'akka-slick'
INFO  compiling akka-slick (1 scala source)
INFO  time: compiled akka-slick in 59ms
ERROR Failed to compile 'akka-slick'
WARN  no build target: /Users/abyssparanoia/workspace/other/scala-playground/akka-slick/build.sbt
WARN  no build target: /Users/abyssparanoia/workspace/other/scala-playground/akka-slick/build.sbt
WARN  no build target: 
WARN  no build target: /Users/abyssparanoia/workspace/other/scala-playground/akka-slick/build.sbt
WARN  no build target: 
WARN  no build target: /Users/abyssparanoia/workspace/other/scala-playground/akka-slick/build.sbt
INFO  skipping build import with status 'Dismissed'
WARN  no build target: /Users/abyssparanoia/workspace/other/scala-playground/akka-slick/build.sbt
INFO  skipping build import with status 'Dismissed'
WARN  no build target: 
INFO  running '/Library/Java/JavaVirtualMachines/amazon-corretto-8.jdk/Contents/Home/bin/java -Djline.terminal=jline.UnsupportedTerminal -Dsbt.log.noformat=true -Dfile.encoding=UTF-8 -jar /var/folders/mp/xq7jcdg54rz3v6m1kjp7nt3c0000gn/T/metals1134813350000083355/sbt-launch.jar metalsEnable bloopInstall'
INFO  [info] Loading settings for project global-plugins from plugins.sbt,metals.sbt ...
INFO  [info] Loading global plugins from /Users/abyssparanoia/.sbt/1.0/plugins
INFO  [info] Updating ProjectRef(uri("file:/Users/abyssparanoia/.sbt/1.0/plugins/"), "global-plugins")...
INFO  [info] Done updating.
INFO  [info] Loading project definition from /Users/abyssparanoia/workspace/other/scala-playground/akka-slick/project
INFO  [info] Updating ProjectRef(uri("file:/Users/abyssparanoia/workspace/other/scala-playground/akka-slick/project/"), "akka-slick-build")...
INFO  [info] Done updating.
INFO  [success] Generated .bloop/akka-slick-build.json
INFO  [success] Total time: 2 s, completed Sep 30, 2019 1:32:24 AM
INFO  [info] Updating ProjectRef(uri("file:/Users/abyssparanoia/workspace/other/scala-playground/akka-slick/project/"), "akka-slick-build")...
INFO  [info] Done updating.
INFO  [info] Loading settings for project akka-slick from build.sbt ...
INFO  [info] Set current project to akka-slick (in build file:/Users/abyssparanoia/workspace/other/scala-playground/akka-slick/)
INFO  [info] Set current project to akka-slick (in build file:/Users/abyssparanoia/workspace/other/scala-playground/akka-slick/)
INFO  [info] semanticdb-scalac is enabled
INFO  [info] Updating ...
INFO  [warn] 	module not found: com.typesafe.akka#akka-http-spray-json-experimental_2.12;2.5.11
INFO  [warn] ==== local: tried
INFO  [warn]   /Users/abyssparanoia/.ivy2/local/com.typesafe.akka/akka-http-spray-json-experimental_2.12/2.5.11/ivys/ivy.xml
INFO  [warn] ==== public: tried
INFO  [warn]   https://repo1.maven.org/maven2/com/typesafe/akka/akka-http-spray-json-experimental_2.12/2.5.11/akka-http-spray-json-experimental_2.12-2.5.11.pom
INFO  [warn] ==== local-preloaded-ivy: tried
INFO  [warn]   /Users/abyssparanoia/.sbt/preloaded/com.typesafe.akka/akka-http-spray-json-experimental_2.12/2.5.11/ivys/ivy.xml
INFO  [warn] ==== local-preloaded: tried
INFO  [warn]   file:////Users/abyssparanoia/.sbt/preloaded/com/typesafe/akka/akka-http-spray-json-experimental_2.12/2.5.11/akka-http-spray-json-experimental_2.12-2.5.11.pom
INFO  [warn] 	module not found: mysql#mysql-connector-java_2.12;2.5.11
INFO  [warn] ==== local: tried
INFO  [warn]   /Users/abyssparanoia/.ivy2/local/mysql/mysql-connector-java_2.12/2.5.11/ivys/ivy.xml
INFO  [warn] ==== public: tried
INFO  [warn]   https://repo1.maven.org/maven2/mysql/mysql-connector-java_2.12/2.5.11/mysql-connector-java_2.12-2.5.11.pom
INFO  [warn] ==== local-preloaded-ivy: tried
INFO  [warn]   /Users/abyssparanoia/.sbt/preloaded/mysql/mysql-connector-java_2.12/2.5.11/ivys/ivy.xml
INFO  [warn] ==== local-preloaded: tried
INFO  [warn]   file:////Users/abyssparanoia/.sbt/preloaded/mysql/mysql-connector-java_2.12/2.5.11/mysql-connector-java_2.12-2.5.11.pom
INFO  [info] downloading https://repo1.maven.org/maven2/org/slf4j/slf4j-nop/1.6.4/slf4j-nop-1.6.4.jar ...
INFO  [info] downloading https://repo1.maven.org/maven2/org/slf4j/slf4j-api/1.6.4/slf4j-api-1.6.4.jar ...
INFO  [info] 	[SUCCESSFUL ] org.slf4j#slf4j-nop;1.6.4!slf4j-nop.jar (449ms)
INFO  [info] 	[SUCCESSFUL ] org.slf4j#slf4j-api;1.6.4!slf4j-api.jar (907ms)
INFO  [warn] 	::::::::::::::::::::::::::::::::::::::::::::::
INFO  [warn] 	::          UNRESOLVED DEPENDENCIES         ::
INFO  [warn] 	::::::::::::::::::::::::::::::::::::::::::::::
INFO  [warn] 	:: com.typesafe.akka#akka-http-spray-json-experimental_2.12;2.5.11: not found
INFO  [warn] 	:: mysql#mysql-connector-java_2.12;2.5.11: not found
INFO  [warn] 	::::::::::::::::::::::::::::::::::::::::::::::
INFO  [warn] 
INFO  [warn] 	Note: Unresolved dependencies path:
INFO  [warn] 		com.typesafe.akka:akka-http-spray-json-experimental_2.12:2.5.11 (/Users/abyssparanoia/workspace/other/scala-playground/akka-slick/build.sbt#L5-6)
INFO  [warn] 		  +- default:akka-slick_2.12:0.1.0-SNAPSHOT
INFO  [warn] 		mysql:mysql-connector-java_2.12:2.5.11 (/Users/abyssparanoia/workspace/other/scala-playground/akka-slick/build.sbt#L6-7)
INFO  [warn] 		  +- default:akka-slick_2.12:0.1.0-SNAPSHOT
INFO  [error] sbt.librarymanagement.ResolveException: unresolved dependency: com.typesafe.akka#akka-http-spray-json-experimental_2.12;2.5.11: not found
INFO  [error] unresolved dependency: mysql#mysql-connector-java_2.12;2.5.11: not found
INFO  [error] 	at sbt.internal.librarymanagement.IvyActions$.resolveAndRetrieve(IvyActions.scala:332)
INFO  [error] 	at sbt.internal.librarymanagement.IvyActions$.$anonfun$updateEither$1(IvyActions.scala:208)
INFO  [error] 	at sbt.internal.librarymanagement.IvySbt$Module.$anonfun$withModule$1(Ivy.scala:239)
INFO  [error] 	at sbt.internal.librarymanagement.IvySbt.$anonfun$withIvy$1(Ivy.scala:204)
INFO  [error] 	at sbt.internal.librarymanagement.IvySbt.sbt$internal$librarymanagement$IvySbt$$action$1(Ivy.scala:70)
INFO  [error] 	at sbt.internal.librarymanagement.IvySbt$$anon$3.call(Ivy.scala:77)
INFO  [error] 	at xsbt.boot.Locks$GlobalLock.withChannel$1(Locks.scala:95)
INFO  [error] 	at xsbt.boot.Locks$GlobalLock.xsbt$boot$Locks$GlobalLock$$withChannelRetries$1(Locks.scala:80)
INFO  [error] 	at xsbt.boot.Locks$GlobalLock$$anonfun$withFileLock$1.apply(Locks.scala:99)
INFO  [error] 	at xsbt.boot.Using$.withResource(Using.scala:10)
INFO  [error] 	at xsbt.boot.Using$.apply(Using.scala:9)
INFO  [error] 	at xsbt.boot.Locks$GlobalLock.ignoringDeadlockAvoided(Locks.scala:60)
INFO  [error] 	at xsbt.boot.Locks$GlobalLock.withLock(Locks.scala:50)
INFO  [error] 	at xsbt.boot.Locks$.apply0(Locks.scala:31)
INFO  [error] 	at xsbt.boot.Locks$.apply(Locks.scala:28)
INFO  [error] 	at sbt.internal.librarymanagement.IvySbt.withDefaultLogger(Ivy.scala:77)
INFO  [error] 	at sbt.internal.librarymanagement.IvySbt.withIvy(Ivy.scala:199)
INFO  [error] 	at sbt.internal.librarymanagement.IvySbt.withIvy(Ivy.scala:196)
INFO  [error] 	at sbt.internal.librarymanagement.IvySbt$Module.withModule(Ivy.scala:238)
INFO  [error] 	at sbt.internal.librarymanagement.IvyActions$.updateEither(IvyActions.scala:193)
INFO  [error] 	at sbt.librarymanagement.ivy.IvyDependencyResolution.update(IvyDependencyResolution.scala:20)
INFO  [error] 	at sbt.librarymanagement.DependencyResolution.update(DependencyResolution.scala:56)
INFO  [error] 	at sbt.internal.LibraryManagement$.resolve$1(LibraryManagement.scala:45)
INFO  [error] 	at sbt.internal.LibraryManagement$.$anonfun$cachedUpdate$12(LibraryManagement.scala:93)
INFO  [error] 	at sbt.util.Tracked$.$anonfun$lastOutput$1(Tracked.scala:68)
INFO  [error] 	at sbt.internal.LibraryManagement$.$anonfun$cachedUpdate$19(LibraryManagement.scala:106)
INFO  [error] 	at scala.util.control.Exception$Catch.apply(Exception.scala:224)
INFO  [error] 	at sbt.internal.LibraryManagement$.$anonfun$cachedUpdate$11(LibraryManagement.scala:106)
INFO  [error] 	at sbt.internal.LibraryManagement$.$anonfun$cachedUpdate$11$adapted(LibraryManagement.scala:89)
INFO  [error] 	at sbt.util.Tracked$.$anonfun$inputChanged$1(Tracked.scala:149)
INFO  [error] 	at sbt.internal.LibraryManagement$.cachedUpdate(LibraryManagement.scala:120)
INFO  [error] 	at sbt.Classpaths$.$anonfun$updateTask$5(Defaults.scala:2561)
INFO  [error] 	at scala.Function1.$anonfun$compose$1(Function1.scala:44)
INFO  [error] 	at sbt.internal.util.$tilde$greater.$anonfun$$u2219$1(TypeFunctions.scala:40)
INFO  [error] 	at sbt.std.Transform$$anon$4.work(System.scala:67)
INFO  [error] 	at sbt.Execute.$anonfun$submit$2(Execute.scala:269)
INFO  [error] 	at sbt.internal.util.ErrorHandling$.wideConvert(ErrorHandling.scala:16)
INFO  [error] 	at sbt.Execute.work(Execute.scala:278)
INFO  [error] 	at sbt.Execute.$anonfun$submit$1(Execute.scala:269)
INFO  [error] 	at sbt.ConcurrentRestrictions$$anon$4.$anonfun$submitValid$1(ConcurrentRestrictions.scala:178)
INFO  [error] 	at sbt.CompletionService$$anon$2.call(CompletionService.scala:37)
INFO  [error] 	at java.util.concurrent.FutureTask.run(FutureTask.java:266)
INFO  [error] 	at java.util.concurrent.Executors$RunnableAdapter.call(Executors.java:511)
INFO  [error] 	at java.util.concurrent.FutureTask.run(FutureTask.java:266)
INFO  [error] 	at java.util.concurrent.ThreadPoolExecutor.runWorker(ThreadPoolExecutor.java:1149)
INFO  [error] 	at java.util.concurrent.ThreadPoolExecutor$Worker.run(ThreadPoolExecutor.java:624)
INFO  [error] 	at java.lang.Thread.run(Thread.java:748)
INFO  [error] (update) sbt.librarymanagement.ResolveException: unresolved dependency: com.typesafe.akka#akka-http-spray-json-experimental_2.12;2.5.11: not found
INFO  [error] unresolved dependency: mysql#mysql-connector-java_2.12;2.5.11: not found
INFO  [error] Total time: 5 s, completed Sep 30, 2019 1:32:32 AM
INFO  build tool exit: 1
INFO  time: ran 'sbt bloopInstall' in 17s
ERROR sbt command failed: /Library/Java/JavaVirtualMachines/amazon-corretto-8.jdk/Contents/Home/bin/java -Djline.terminal=jline.UnsupportedTerminal -Dsbt.log.noformat=true -Dfile.encoding=UTF-8 -jar /var/folders/mp/xq7jcdg54rz3v6m1kjp7nt3c0000gn/T/metals1134813350000083355/sbt-launch.jar metalsEnable bloopInstall
INFO  disconnected: build server
shutdown request received: build/shutdown
[0m[31m[E][0m BSP server cancelled, closing socket...
Client in /Users/abyssparanoia/workspace/other/scala-playground/akka-slick/.bloop triggered cancellation. Cancelling tasks...
INFO  running embedded 'bloop bsp --protocol local --socket /var/folders/mp/xq7jcdg54rz3v6m1kjp7nt3c0000gn/T/bsp8788291973100172260/1kqr0nuollh6f.socket'
INFO  bloop exit: 0
The server is listening for incoming connections at local:///var/folders/mp/xq7jcdg54rz3v6m1kjp7nt3c0000gn/T/bsp8788291973100172260/1kqr0nuollh6f.socket...
Accepted incoming BSP client connection at local:///var/folders/mp/xq7jcdg54rz3v6m1kjp7nt3c0000gn/T/bsp8788291973100172260/1kqr0nuollh6f.socket
INFO  tracing is disabled for protocol BSP, to enable tracing of incoming and outgoing JSON messages create an empty file at /Users/abyssparanoia/Library/Caches/org.scalameta.metals/bsp.trace.json
request received: build/initialize
INFO  time: connected to build server in 0.21s
BSP initialization handshake complete.
INFO  time: indexed workspace in 0.31s
INFO  compiling akka-slick (1 scala source)
INFO  time: compiled akka-slick in 84ms
ERROR Failed to compile 'akka-slick','akka-slick-test'
WARN  no build target: /Users/abyssparanoia/workspace/other/scala-playground/akka-slick/build.sbt
INFO  skipping build import with status 'Dismissed'
WARN  no build target: 
WARN  no build target: /Users/abyssparanoia/workspace/other/scala-playground/akka-slick/build.sbt
INFO  skipping build import with status 'Dismissed'
WARN  no build target: /Users/abyssparanoia/workspace/other/scala-playground/akka-slick/build.sbt
INFO  skipping build import with status 'Dismissed'
WARN  no build target: 
WARN  no build target: /Users/abyssparanoia/workspace/other/scala-playground/akka-slick/build.sbt
INFO  skipping build import with status 'Dismissed'
WARN  no build target: /Users/abyssparanoia/workspace/other/scala-playground/akka-slick/build.sbt
INFO  skipping build import with status 'Dismissed'
WARN  no build target: 
WARN  no build target: /Users/abyssparanoia/workspace/other/scala-playground/akka-slick/build.sbt
INFO  skipping build import with status 'Dismissed'
WARN  no build target: /Users/abyssparanoia/workspace/other/scala-playground/akka-slick/build.sbt
INFO  skipping build import with status 'Dismissed'
WARN  no build target: 
WARN  no build target: /Users/abyssparanoia/workspace/other/scala-playground/akka-slick/build.sbt
INFO  skipping build import with status 'Dismissed'
WARN  no build target: /Users/abyssparanoia/workspace/other/scala-playground/akka-slick/build.sbt
INFO  skipping build import with status 'Dismissed'
WARN  no build target: 
WARN  no build target: /Users/abyssparanoia/workspace/other/scala-playground/akka-slick/build.sbt
INFO  skipping build import with status 'Dismissed'
WARN  no build target: /Users/abyssparanoia/workspace/other/scala-playground/akka-slick/build.sbt
INFO  skipping build import with status 'Dismissed'
WARN  no build target: 
WARN  no build target: /Users/abyssparanoia/workspace/other/scala-playground/akka-slick/build.sbt
INFO  skipping build import with status 'Dismissed'
WARN  no build target: 
INFO  compiling akka-slick (1 scala source)
INFO  time: compiled akka-slick in 69ms
ERROR Failed to compile 'akka-slick'
INFO  compiling akka-slick (1 scala source)
INFO  time: compiled akka-slick in 51ms
ERROR Failed to compile 'akka-slick'
WARN  no build target: /Users/abyssparanoia/workspace/other/scala-playground/akka-slick/build.sbt
INFO  skipping build import with status 'Dismissed'
WARN  no build target: /Users/abyssparanoia/workspace/other/scala-playground/akka-slick/build.sbt
INFO  skipping build import with status 'Dismissed'
WARN  no build target: 
WARN  no build target: /Users/abyssparanoia/workspace/other/scala-playground/akka-slick/build.sbt
INFO  skipping build import with status 'Dismissed'
WARN  no build target: 
WARN  no build target: /Users/abyssparanoia/workspace/other/scala-playground/akka-slick/build.sbt
WARN  no build target: 
INFO  running '/Library/Java/JavaVirtualMachines/amazon-corretto-8.jdk/Contents/Home/bin/java -Djline.terminal=jline.UnsupportedTerminal -Dsbt.log.noformat=true -Dfile.encoding=UTF-8 -jar /var/folders/mp/xq7jcdg54rz3v6m1kjp7nt3c0000gn/T/metals6837605258924218627/sbt-launch.jar metalsEnable bloopInstall'
INFO  [info] Loading settings for project global-plugins from plugins.sbt,metals.sbt ...
INFO  [info] Loading global plugins from /Users/abyssparanoia/.sbt/1.0/plugins
INFO  [info] Updating ProjectRef(uri("file:/Users/abyssparanoia/.sbt/1.0/plugins/"), "global-plugins")...
INFO  [info] Done updating.
INFO  [info] Loading project definition from /Users/abyssparanoia/workspace/other/scala-playground/akka-slick/project
INFO  [info] Updating ProjectRef(uri("file:/Users/abyssparanoia/workspace/other/scala-playground/akka-slick/project/"), "akka-slick-build")...
INFO  [info] Done updating.
INFO  [success] Generated .bloop/akka-slick-build.json
INFO  [success] Total time: 1 s, completed Sep 30, 2019 1:34:27 AM
INFO  [info] Updating ProjectRef(uri("file:/Users/abyssparanoia/workspace/other/scala-playground/akka-slick/project/"), "akka-slick-build")...
INFO  [info] Done updating.
INFO  [info] Loading settings for project akka-slick from build.sbt ...
INFO  [info] Set current project to akka-slick (in build file:/Users/abyssparanoia/workspace/other/scala-playground/akka-slick/)
INFO  [info] Set current project to akka-slick (in build file:/Users/abyssparanoia/workspace/other/scala-playground/akka-slick/)
INFO  [info] semanticdb-scalac is enabled
INFO  [info] Updating ...
INFO  [warn] 	module not found: com.typesafe.akka#akka-http-spray-json-experimental_2.12;2.5.11
INFO  [warn] ==== local: tried
INFO  [warn]   /Users/abyssparanoia/.ivy2/local/com.typesafe.akka/akka-http-spray-json-experimental_2.12/2.5.11/ivys/ivy.xml
INFO  [warn] ==== public: tried
INFO  [warn]   https://repo1.maven.org/maven2/com/typesafe/akka/akka-http-spray-json-experimental_2.12/2.5.11/akka-http-spray-json-experimental_2.12-2.5.11.pom
INFO  [warn] ==== local-preloaded-ivy: tried
INFO  [warn]   /Users/abyssparanoia/.sbt/preloaded/com.typesafe.akka/akka-http-spray-json-experimental_2.12/2.5.11/ivys/ivy.xml
INFO  [warn] ==== local-preloaded: tried
INFO  [warn]   file:////Users/abyssparanoia/.sbt/preloaded/com/typesafe/akka/akka-http-spray-json-experimental_2.12/2.5.11/akka-http-spray-json-experimental_2.12-2.5.11.pom
INFO  [warn] 	module not found: com.typesafe.slick#slick_2.12;3.1.1
INFO  [warn] ==== local: tried
INFO  [warn]   /Users/abyssparanoia/.ivy2/local/com.typesafe.slick/slick_2.12/3.1.1/ivys/ivy.xml
INFO  [warn] ==== public: tried
INFO  [warn]   https://repo1.maven.org/maven2/com/typesafe/slick/slick_2.12/3.1.1/slick_2.12-3.1.1.pom
INFO  [warn] ==== local-preloaded-ivy: tried
INFO  [warn]   /Users/abyssparanoia/.sbt/preloaded/com.typesafe.slick/slick_2.12/3.1.1/ivys/ivy.xml
INFO  [warn] ==== local-preloaded: tried
INFO  [warn]   file:////Users/abyssparanoia/.sbt/preloaded/com/typesafe/slick/slick_2.12/3.1.1/slick_2.12-3.1.1.pom
INFO  [warn] 	module not found: mysql#mysql-connector-java_2.12;8.0.11
INFO  [warn] ==== local: tried
INFO  [warn]   /Users/abyssparanoia/.ivy2/local/mysql/mysql-connector-java_2.12/8.0.11/ivys/ivy.xml
INFO  [warn] ==== public: tried
INFO  [warn]   https://repo1.maven.org/maven2/mysql/mysql-connector-java_2.12/8.0.11/mysql-connector-java_2.12-8.0.11.pom
INFO  [warn] ==== local-preloaded-ivy: tried
INFO  [warn]   /Users/abyssparanoia/.sbt/preloaded/mysql/mysql-connector-java_2.12/8.0.11/ivys/ivy.xml
INFO  [warn] ==== local-preloaded: tried
INFO  [warn]   file:////Users/abyssparanoia/.sbt/preloaded/mysql/mysql-connector-java_2.12/8.0.11/mysql-connector-java_2.12-8.0.11.pom
INFO  [warn] 	::::::::::::::::::::::::::::::::::::::::::::::
INFO  [warn] 	::          UNRESOLVED DEPENDENCIES         ::
INFO  [warn] 	::::::::::::::::::::::::::::::::::::::::::::::
INFO  [warn] 	:: com.typesafe.akka#akka-http-spray-json-experimental_2.12;2.5.11: not found
INFO  [warn] 	:: com.typesafe.slick#slick_2.12;3.1.1: not found
INFO  [warn] 	:: mysql#mysql-connector-java_2.12;8.0.11: not found
INFO  [warn] 	::::::::::::::::::::::::::::::::::::::::::::::
INFO  [warn] 
INFO  [warn] 	Note: Unresolved dependencies path:
INFO  [warn] 		com.typesafe.akka:akka-http-spray-json-experimental_2.12:2.5.11 (/Users/abyssparanoia/workspace/other/scala-playground/akka-slick/build.sbt#L8-9)
INFO  [warn] 		  +- default:akka-slick_2.12:0.1.0-SNAPSHOT
INFO  [warn] 		com.typesafe.slick:slick_2.12:3.1.1 (/Users/abyssparanoia/workspace/other/scala-playground/akka-slick/build.sbt#L9-10)
INFO  [warn] 		  +- default:akka-slick_2.12:0.1.0-SNAPSHOT
INFO  [warn] 		mysql:mysql-connector-java_2.12:8.0.11 (/Users/abyssparanoia/workspace/other/scala-playground/akka-slick/build.sbt#L11-12)
INFO  [warn] 		  +- default:akka-slick_2.12:0.1.0-SNAPSHOT
INFO  [error] sbt.librarymanagement.ResolveException: unresolved dependency: com.typesafe.akka#akka-http-spray-json-experimental_2.12;2.5.11: not found
INFO  [error] unresolved dependency: com.typesafe.slick#slick_2.12;3.1.1: not found
INFO  [error] unresolved dependency: mysql#mysql-connector-java_2.12;8.0.11: not found
INFO  [error] 	at sbt.internal.librarymanagement.IvyActions$.resolveAndRetrieve(IvyActions.scala:332)
INFO  [error] 	at sbt.internal.librarymanagement.IvyActions$.$anonfun$updateEither$1(IvyActions.scala:208)
INFO  [error] 	at sbt.internal.librarymanagement.IvySbt$Module.$anonfun$withModule$1(Ivy.scala:239)
INFO  [error] 	at sbt.internal.librarymanagement.IvySbt.$anonfun$withIvy$1(Ivy.scala:204)
INFO  [error] 	at sbt.internal.librarymanagement.IvySbt.sbt$internal$librarymanagement$IvySbt$$action$1(Ivy.scala:70)
INFO  [error] 	at sbt.internal.librarymanagement.IvySbt$$anon$3.call(Ivy.scala:77)
INFO  [error] 	at xsbt.boot.Locks$GlobalLock.withChannel$1(Locks.scala:95)
INFO  [error] 	at xsbt.boot.Locks$GlobalLock.xsbt$boot$Locks$GlobalLock$$withChannelRetries$1(Locks.scala:80)
INFO  [error] 	at xsbt.boot.Locks$GlobalLock$$anonfun$withFileLock$1.apply(Locks.scala:99)
INFO  [error] 	at xsbt.boot.Using$.withResource(Using.scala:10)
INFO  [error] 	at xsbt.boot.Using$.apply(Using.scala:9)
INFO  [error] 	at xsbt.boot.Locks$GlobalLock.ignoringDeadlockAvoided(Locks.scala:60)
INFO  [error] 	at xsbt.boot.Locks$GlobalLock.withLock(Locks.scala:50)
INFO  [error] 	at xsbt.boot.Locks$.apply0(Locks.scala:31)
INFO  [error] 	at xsbt.boot.Locks$.apply(Locks.scala:28)
INFO  [error] 	at sbt.internal.librarymanagement.IvySbt.withDefaultLogger(Ivy.scala:77)
INFO  [error] 	at sbt.internal.librarymanagement.IvySbt.withIvy(Ivy.scala:199)
INFO  [error] 	at sbt.internal.librarymanagement.IvySbt.withIvy(Ivy.scala:196)
INFO  [error] 	at sbt.internal.librarymanagement.IvySbt$Module.withModule(Ivy.scala:238)
INFO  [error] 	at sbt.internal.librarymanagement.IvyActions$.updateEither(IvyActions.scala:193)
INFO  [error] 	at sbt.librarymanagement.ivy.IvyDependencyResolution.update(IvyDependencyResolution.scala:20)
INFO  [error] 	at sbt.librarymanagement.DependencyResolution.update(DependencyResolution.scala:56)
INFO  [error] 	at sbt.internal.LibraryManagement$.resolve$1(LibraryManagement.scala:45)
INFO  [error] 	at sbt.internal.LibraryManagement$.$anonfun$cachedUpdate$12(LibraryManagement.scala:93)
INFO  [error] 	at sbt.util.Tracked$.$anonfun$lastOutput$1(Tracked.scala:68)
INFO  [error] 	at sbt.internal.LibraryManagement$.$anonfun$cachedUpdate$19(LibraryManagement.scala:106)
INFO  [error] 	at scala.util.control.Exception$Catch.apply(Exception.scala:224)
INFO  [error] 	at sbt.internal.LibraryManagement$.$anonfun$cachedUpdate$11(LibraryManagement.scala:106)
INFO  [error] 	at sbt.internal.LibraryManagement$.$anonfun$cachedUpdate$11$adapted(LibraryManagement.scala:89)
INFO  [error] 	at sbt.util.Tracked$.$anonfun$inputChanged$1(Tracked.scala:149)
INFO  [error] 	at sbt.internal.LibraryManagement$.cachedUpdate(LibraryManagement.scala:120)
INFO  [error] 	at sbt.Classpaths$.$anonfun$updateTask$5(Defaults.scala:2561)
INFO  [error] 	at scala.Function1.$anonfun$compose$1(Function1.scala:44)
INFO  [error] 	at sbt.internal.util.$tilde$greater.$anonfun$$u2219$1(TypeFunctions.scala:40)
INFO  [error] 	at sbt.std.Transform$$anon$4.work(System.scala:67)
INFO  [error] 	at sbt.Execute.$anonfun$submit$2(Execute.scala:269)
INFO  [error] 	at sbt.internal.util.ErrorHandling$.wideConvert(ErrorHandling.scala:16)
INFO  [error] 	at sbt.Execute.work(Execute.scala:278)
INFO  [error] 	at sbt.Execute.$anonfun$submit$1(Execute.scala:269)
INFO  [error] 	at sbt.ConcurrentRestrictions$$anon$4.$anonfun$submitValid$1(ConcurrentRestrictions.scala:178)
INFO  [error] 	at sbt.CompletionService$$anon$2.call(CompletionService.scala:37)
INFO  [error] 	at java.util.concurrent.FutureTask.run(FutureTask.java:266)
INFO  [error] 	at java.util.concurrent.Executors$RunnableAdapter.call(Executors.java:511)
INFO  [error] 	at java.util.concurrent.FutureTask.run(FutureTask.java:266)
INFO  [error] 	at java.util.concurrent.ThreadPoolExecutor.runWorker(ThreadPoolExecutor.java:1149)
INFO  [error] 	at java.util.concurrent.ThreadPoolExecutor$Worker.run(ThreadPoolExecutor.java:624)
INFO  [error] 	at java.lang.Thread.run(Thread.java:748)
INFO  [error] (update) sbt.librarymanagement.ResolveException: unresolved dependency: com.typesafe.akka#akka-http-spray-json-experimental_2.12;2.5.11: not found
INFO  [error] unresolved dependency: com.typesafe.slick#slick_2.12;3.1.1: not found
INFO  [error] unresolved dependency: mysql#mysql-connector-java_2.12;8.0.11: not found
INFO  [error] Total time: 1 s, completed Sep 30, 2019 1:34:32 AM
INFO  build tool exit: 1
INFO  time: ran 'sbt bloopInstall' in 12s
ERROR sbt command failed: /Library/Java/JavaVirtualMachines/amazon-corretto-8.jdk/Contents/Home/bin/java -Djline.terminal=jline.UnsupportedTerminal -Dsbt.log.noformat=true -Dfile.encoding=UTF-8 -jar /var/folders/mp/xq7jcdg54rz3v6m1kjp7nt3c0000gn/T/metals6837605258924218627/sbt-launch.jar metalsEnable bloopInstall
INFO  disconnected: build server
shutdown request received: build/shutdown
Client in /Users/abyssparanoia/workspace/other/scala-playground/akka-slick/.bloop triggered cancellation. Cancelling tasks...
[0m[31m[E][0m BSP server cancelled, closing socket...
INFO  bloop exit: 0
INFO  running embedded 'bloop bsp --protocol local --socket /var/folders/mp/xq7jcdg54rz3v6m1kjp7nt3c0000gn/T/bsp200854843851083768/189v5rhoevsqt.socket'
The server is listening for incoming connections at local:///var/folders/mp/xq7jcdg54rz3v6m1kjp7nt3c0000gn/T/bsp200854843851083768/189v5rhoevsqt.socket...
Accepted incoming BSP client connection at local:///var/folders/mp/xq7jcdg54rz3v6m1kjp7nt3c0000gn/T/bsp200854843851083768/189v5rhoevsqt.socket
INFO  tracing is disabled for protocol BSP, to enable tracing of incoming and outgoing JSON messages create an empty file at /Users/abyssparanoia/Library/Caches/org.scalameta.metals/bsp.trace.json
request received: build/initialize
INFO  time: connected to build server in 0.21s
BSP initialization handshake complete.
INFO  time: indexed workspace in 0.14s
INFO  compiling akka-slick (1 scala source)
INFO  time: compiled akka-slick in 65ms
ERROR Failed to compile 'akka-slick','akka-slick-test'
WARN  no build target: /Users/abyssparanoia/workspace/other/scala-playground/akka-slick/build.sbt
WARN  no build target: 
INFO  running '/Library/Java/JavaVirtualMachines/amazon-corretto-8.jdk/Contents/Home/bin/java -Djline.terminal=jline.UnsupportedTerminal -Dsbt.log.noformat=true -Dfile.encoding=UTF-8 -jar /var/folders/mp/xq7jcdg54rz3v6m1kjp7nt3c0000gn/T/metals4376980787032370943/sbt-launch.jar metalsEnable bloopInstall'
INFO  [info] Loading settings for project global-plugins from plugins.sbt,metals.sbt ...
INFO  [info] Loading global plugins from /Users/abyssparanoia/.sbt/1.0/plugins
INFO  [info] Loading project definition from /Users/abyssparanoia/workspace/other/scala-playground/akka-slick/project
INFO  [success] Generated .bloop/akka-slick-build.json
INFO  [success] Total time: 1 s, completed Sep 30, 2019 1:35:39 AM
INFO  [info] Loading settings for project akka-slick from build.sbt ...
INFO  [info] Set current project to akka-slick (in build file:/Users/abyssparanoia/workspace/other/scala-playground/akka-slick/)
INFO  [info] Set current project to akka-slick (in build file:/Users/abyssparanoia/workspace/other/scala-playground/akka-slick/)
INFO  [info] semanticdb-scalac is enabled
INFO  [info] Updating ...
INFO  [warn] 	module not found: com.typesafe.akka#akka-http-spray-json_2.12;2.5.11
INFO  [warn] ==== local: tried
INFO  [warn]   /Users/abyssparanoia/.ivy2/local/com.typesafe.akka/akka-http-spray-json_2.12/2.5.11/ivys/ivy.xml
INFO  [warn] ==== public: tried
INFO  [warn]   https://repo1.maven.org/maven2/com/typesafe/akka/akka-http-spray-json_2.12/2.5.11/akka-http-spray-json_2.12-2.5.11.pom
INFO  [warn] ==== local-preloaded-ivy: tried
INFO  [warn]   /Users/abyssparanoia/.sbt/preloaded/com.typesafe.akka/akka-http-spray-json_2.12/2.5.11/ivys/ivy.xml
INFO  [warn] ==== local-preloaded: tried
INFO  [warn]   file:////Users/abyssparanoia/.sbt/preloaded/com/typesafe/akka/akka-http-spray-json_2.12/2.5.11/akka-http-spray-json_2.12-2.5.11.pom
INFO  [warn] 	module not found: com.typesafe.slick#slick_2.12;3.1.1
INFO  [warn] ==== local: tried
INFO  [warn]   /Users/abyssparanoia/.ivy2/local/com.typesafe.slick/slick_2.12/3.1.1/ivys/ivy.xml
INFO  [warn] ==== public: tried
INFO  [warn]   https://repo1.maven.org/maven2/com/typesafe/slick/slick_2.12/3.1.1/slick_2.12-3.1.1.pom
INFO  [warn] ==== local-preloaded-ivy: tried
INFO  [warn]   /Users/abyssparanoia/.sbt/preloaded/com.typesafe.slick/slick_2.12/3.1.1/ivys/ivy.xml
INFO  [warn] ==== local-preloaded: tried
INFO  [warn]   file:////Users/abyssparanoia/.sbt/preloaded/com/typesafe/slick/slick_2.12/3.1.1/slick_2.12-3.1.1.pom
INFO  [warn] 	module not found: mysql#mysql-connector-java_2.12;8.0.11
INFO  [warn] ==== local: tried
INFO  [warn]   /Users/abyssparanoia/.ivy2/local/mysql/mysql-connector-java_2.12/8.0.11/ivys/ivy.xml
INFO  [warn] ==== public: tried
INFO  [warn]   https://repo1.maven.org/maven2/mysql/mysql-connector-java_2.12/8.0.11/mysql-connector-java_2.12-8.0.11.pom
INFO  [warn] ==== local-preloaded-ivy: tried
INFO  [warn]   /Users/abyssparanoia/.sbt/preloaded/mysql/mysql-connector-java_2.12/8.0.11/ivys/ivy.xml
INFO  [warn] ==== local-preloaded: tried
INFO  [warn]   file:////Users/abyssparanoia/.sbt/preloaded/mysql/mysql-connector-java_2.12/8.0.11/mysql-connector-java_2.12-8.0.11.pom
INFO  [warn] 	::::::::::::::::::::::::::::::::::::::::::::::
INFO  [warn] 	::          UNRESOLVED DEPENDENCIES         ::
INFO  [warn] 	::::::::::::::::::::::::::::::::::::::::::::::
INFO  [warn] 	:: com.typesafe.akka#akka-http-spray-json_2.12;2.5.11: not found
INFO  [warn] 	:: com.typesafe.slick#slick_2.12;3.1.1: not found
INFO  [warn] 	:: mysql#mysql-connector-java_2.12;8.0.11: not found
INFO  [warn] 	::::::::::::::::::::::::::::::::::::::::::::::
INFO  [warn] 
INFO  [warn] 	Note: Unresolved dependencies path:
INFO  [warn] 		com.typesafe.akka:akka-http-spray-json_2.12:2.5.11 (/Users/abyssparanoia/workspace/other/scala-playground/akka-slick/build.sbt#L8-9)
INFO  [warn] 		  +- default:akka-slick_2.12:0.1.0-SNAPSHOT
INFO  [warn] 		com.typesafe.slick:slick_2.12:3.1.1 (/Users/abyssparanoia/workspace/other/scala-playground/akka-slick/build.sbt#L9-10)
INFO  [warn] 		  +- default:akka-slick_2.12:0.1.0-SNAPSHOT
INFO  [warn] 		mysql:mysql-connector-java_2.12:8.0.11 (/Users/abyssparanoia/workspace/other/scala-playground/akka-slick/build.sbt#L11-12)
INFO  [warn] 		  +- default:akka-slick_2.12:0.1.0-SNAPSHOT
INFO  [error] sbt.librarymanagement.ResolveException: unresolved dependency: com.typesafe.akka#akka-http-spray-json_2.12;2.5.11: not found
INFO  [error] unresolved dependency: com.typesafe.slick#slick_2.12;3.1.1: not found
INFO  [error] unresolved dependency: mysql#mysql-connector-java_2.12;8.0.11: not found
INFO  [error] 	at sbt.internal.librarymanagement.IvyActions$.resolveAndRetrieve(IvyActions.scala:332)
INFO  [error] 	at sbt.internal.librarymanagement.IvyActions$.$anonfun$updateEither$1(IvyActions.scala:208)
INFO  [error] 	at sbt.internal.librarymanagement.IvySbt$Module.$anonfun$withModule$1(Ivy.scala:239)
INFO  [error] 	at sbt.internal.librarymanagement.IvySbt.$anonfun$withIvy$1(Ivy.scala:204)
INFO  [error] 	at sbt.internal.librarymanagement.IvySbt.sbt$internal$librarymanagement$IvySbt$$action$1(Ivy.scala:70)
INFO  [error] 	at sbt.internal.librarymanagement.IvySbt$$anon$3.call(Ivy.scala:77)
INFO  [error] 	at xsbt.boot.Locks$GlobalLock.withChannel$1(Locks.scala:95)
INFO  [error] 	at xsbt.boot.Locks$GlobalLock.xsbt$boot$Locks$GlobalLock$$withChannelRetries$1(Locks.scala:80)
INFO  [error] 	at xsbt.boot.Locks$GlobalLock$$anonfun$withFileLock$1.apply(Locks.scala:99)
INFO  [error] 	at xsbt.boot.Using$.withResource(Using.scala:10)
INFO  [error] 	at xsbt.boot.Using$.apply(Using.scala:9)
INFO  [error] 	at xsbt.boot.Locks$GlobalLock.ignoringDeadlockAvoided(Locks.scala:60)
INFO  [error] 	at xsbt.boot.Locks$GlobalLock.withLock(Locks.scala:50)
INFO  [error] 	at xsbt.boot.Locks$.apply0(Locks.scala:31)
INFO  [error] 	at xsbt.boot.Locks$.apply(Locks.scala:28)
INFO  [error] 	at sbt.internal.librarymanagement.IvySbt.withDefaultLogger(Ivy.scala:77)
INFO  [error] 	at sbt.internal.librarymanagement.IvySbt.withIvy(Ivy.scala:199)
INFO  [error] 	at sbt.internal.librarymanagement.IvySbt.withIvy(Ivy.scala:196)
INFO  [error] 	at sbt.internal.librarymanagement.IvySbt$Module.withModule(Ivy.scala:238)
INFO  [error] 	at sbt.internal.librarymanagement.IvyActions$.updateEither(IvyActions.scala:193)
INFO  [error] 	at sbt.librarymanagement.ivy.IvyDependencyResolution.update(IvyDependencyResolution.scala:20)
INFO  [error] 	at sbt.librarymanagement.DependencyResolution.update(DependencyResolution.scala:56)
INFO  [error] 	at sbt.internal.LibraryManagement$.resolve$1(LibraryManagement.scala:45)
INFO  [error] 	at sbt.internal.LibraryManagement$.$anonfun$cachedUpdate$12(LibraryManagement.scala:93)
INFO  [error] 	at sbt.util.Tracked$.$anonfun$lastOutput$1(Tracked.scala:68)
INFO  [error] 	at sbt.internal.LibraryManagement$.$anonfun$cachedUpdate$19(LibraryManagement.scala:106)
INFO  [error] 	at scala.util.control.Exception$Catch.apply(Exception.scala:224)
INFO  [error] 	at sbt.internal.LibraryManagement$.$anonfun$cachedUpdate$11(LibraryManagement.scala:106)
INFO  [error] 	at sbt.internal.LibraryManagement$.$anonfun$cachedUpdate$11$adapted(LibraryManagement.scala:89)
INFO  [error] 	at sbt.util.Tracked$.$anonfun$inputChanged$1(Tracked.scala:149)
INFO  [error] 	at sbt.internal.LibraryManagement$.cachedUpdate(LibraryManagement.scala:120)
INFO  [error] 	at sbt.Classpaths$.$anonfun$updateTask$5(Defaults.scala:2561)
INFO  [error] 	at scala.Function1.$anonfun$compose$1(Function1.scala:44)
INFO  [error] 	at sbt.internal.util.$tilde$greater.$anonfun$$u2219$1(TypeFunctions.scala:40)
INFO  [error] 	at sbt.std.Transform$$anon$4.work(System.scala:67)
INFO  [error] 	at sbt.Execute.$anonfun$submit$2(Execute.scala:269)
INFO  [error] 	at sbt.internal.util.ErrorHandling$.wideConvert(ErrorHandling.scala:16)
INFO  [error] 	at sbt.Execute.work(Execute.scala:278)
INFO  [error] 	at sbt.Execute.$anonfun$submit$1(Execute.scala:269)
INFO  [error] 	at sbt.ConcurrentRestrictions$$anon$4.$anonfun$submitValid$1(ConcurrentRestrictions.scala:178)
INFO  [error] 	at sbt.CompletionService$$anon$2.call(CompletionService.scala:37)
INFO  [error] 	at java.util.concurrent.FutureTask.run(FutureTask.java:266)
INFO  [error] 	at java.util.concurrent.Executors$RunnableAdapter.call(Executors.java:511)
INFO  [error] 	at java.util.concurrent.FutureTask.run(FutureTask.java:266)
INFO  [error] 	at java.util.concurrent.ThreadPoolExecutor.runWorker(ThreadPoolExecutor.java:1149)
INFO  [error] 	at java.util.concurrent.ThreadPoolExecutor$Worker.run(ThreadPoolExecutor.java:624)
INFO  [error] 	at java.lang.Thread.run(Thread.java:748)
INFO  [error] (update) sbt.librarymanagement.ResolveException: unresolved dependency: com.typesafe.akka#akka-http-spray-json_2.12;2.5.11: not found
INFO  [error] unresolved dependency: com.typesafe.slick#slick_2.12;3.1.1: not found
INFO  [error] unresolved dependency: mysql#mysql-connector-java_2.12;8.0.11: not found
INFO  [error] Total time: 2 s, completed Sep 30, 2019 1:35:43 AM
INFO  build tool exit: 1
INFO  time: ran 'sbt bloopInstall' in 9.54s
ERROR sbt command failed: /Library/Java/JavaVirtualMachines/amazon-corretto-8.jdk/Contents/Home/bin/java -Djline.terminal=jline.UnsupportedTerminal -Dsbt.log.noformat=true -Dfile.encoding=UTF-8 -jar /var/folders/mp/xq7jcdg54rz3v6m1kjp7nt3c0000gn/T/metals4376980787032370943/sbt-launch.jar metalsEnable bloopInstall
INFO  disconnected: build server
shutdown request received: build/shutdown
Client in /Users/abyssparanoia/workspace/other/scala-playground/akka-slick/.bloop triggered cancellation. Cancelling tasks...
[0m[31m[E][0m BSP server cancelled, closing socket...
INFO  running embedded 'bloop bsp --protocol local --socket /var/folders/mp/xq7jcdg54rz3v6m1kjp7nt3c0000gn/T/bsp7807948592630411827/1imfc8n553dh2.socket'
INFO  bloop exit: 0
The server is listening for incoming connections at local:///var/folders/mp/xq7jcdg54rz3v6m1kjp7nt3c0000gn/T/bsp7807948592630411827/1imfc8n553dh2.socket...
Accepted incoming BSP client connection at local:///var/folders/mp/xq7jcdg54rz3v6m1kjp7nt3c0000gn/T/bsp7807948592630411827/1imfc8n553dh2.socket
INFO  tracing is disabled for protocol BSP, to enable tracing of incoming and outgoing JSON messages create an empty file at /Users/abyssparanoia/Library/Caches/org.scalameta.metals/bsp.trace.json
request received: build/initialize
INFO  time: connected to build server in 0.21s
BSP initialization handshake complete.
INFO  time: indexed workspace in 0.16s
INFO  compiling akka-slick (1 scala source)
INFO  time: compiled akka-slick in 67ms
ERROR Failed to compile 'akka-slick','akka-slick-test'
WARN  no build target: /Users/abyssparanoia/workspace/other/scala-playground/akka-slick/build.sbt
WARN  no build target: 
WARN  no build target: /Users/abyssparanoia/workspace/other/scala-playground/akka-slick/build.sbt
WARN  no build target: /Users/abyssparanoia/workspace/other/scala-playground/akka-slick/build.sbt
WARN  no build target: 
WARN  no build target: /Users/abyssparanoia/workspace/other/scala-playground/akka-slick/build.sbt
WARN  no build target: /Users/abyssparanoia/workspace/other/scala-playground/akka-slick/build.sbt
WARN  no build target: 
WARN  no build target: /Users/abyssparanoia/workspace/other/scala-playground/akka-slick/build.sbt
INFO  skipping build import with status 'Dismissed'
WARN  no build target: 
INFO  running '/Library/Java/JavaVirtualMachines/amazon-corretto-8.jdk/Contents/Home/bin/java -Djline.terminal=jline.UnsupportedTerminal -Dsbt.log.noformat=true -Dfile.encoding=UTF-8 -jar /var/folders/mp/xq7jcdg54rz3v6m1kjp7nt3c0000gn/T/metals2467423685804461815/sbt-launch.jar metalsEnable bloopInstall'
INFO  [info] Loading settings for project global-plugins from plugins.sbt,metals.sbt ...
INFO  [info] Loading global plugins from /Users/abyssparanoia/.sbt/1.0/plugins
INFO  [info] Loading project definition from /Users/abyssparanoia/workspace/other/scala-playground/akka-slick/project
INFO  [success] Generated .bloop/akka-slick-build.json
INFO  [success] Total time: 0 s, completed Sep 30, 2019 1:37:34 AM
INFO  [info] Loading settings for project akka-slick from build.sbt ...
INFO  [info] Set current project to akka-slick (in build file:/Users/abyssparanoia/workspace/other/scala-playground/akka-slick/)
INFO  [info] Set current project to akka-slick (in build file:/Users/abyssparanoia/workspace/other/scala-playground/akka-slick/)
INFO  [info] semanticdb-scalac is enabled
INFO  [info] Updating ...
INFO  [warn] 	module not found: mysql#mysql-connector-java_2.12;8.0.11
INFO  [warn] ==== local: tried
INFO  [warn]   /Users/abyssparanoia/.ivy2/local/mysql/mysql-connector-java_2.12/8.0.11/ivys/ivy.xml
INFO  [warn] ==== public: tried
INFO  [warn]   https://repo1.maven.org/maven2/mysql/mysql-connector-java_2.12/8.0.11/mysql-connector-java_2.12-8.0.11.pom
INFO  [warn] ==== local-preloaded-ivy: tried
INFO  [warn]   /Users/abyssparanoia/.sbt/preloaded/mysql/mysql-connector-java_2.12/8.0.11/ivys/ivy.xml
INFO  [warn] ==== local-preloaded: tried
INFO  [warn]   file:////Users/abyssparanoia/.sbt/preloaded/mysql/mysql-connector-java_2.12/8.0.11/mysql-connector-java_2.12-8.0.11.pom
INFO  [info] downloading https://repo1.maven.org/maven2/com/typesafe/slick/slick-hikaricp_2.12/3.3.0/slick-hikaricp_2.12-3.3.0.jar ...
INFO  [info] downloading https://repo1.maven.org/maven2/com/typesafe/akka/akka-http-spray-json_2.12/10.1.10/akka-http-spray-json_2.12-10.1.10.jar ...
INFO  [info] downloading https://repo1.maven.org/maven2/com/typesafe/slick/slick_2.12/3.3.0/slick_2.12-3.3.0.jar ...
INFO  [info] downloading https://repo1.maven.org/maven2/com/typesafe/akka/akka-http-core_2.12/10.1.10/akka-http-core_2.12-10.1.10.jar ...
INFO  [info] downloading https://repo1.maven.org/maven2/com/typesafe/akka/akka-http_2.12/10.1.10/akka-http_2.12-10.1.10.jar ...
INFO  [info] downloading https://repo1.maven.org/maven2/com/typesafe/akka/akka-parsing_2.12/10.1.10/akka-parsing_2.12-10.1.10.jar ...
INFO  [info] 	[SUCCESSFUL ] com.typesafe.akka#akka-http-spray-json_2.12;10.1.10!akka-http-spray-json_2.12.jar (538ms)
INFO  [info] downloading https://repo1.maven.org/maven2/com/zaxxer/HikariCP/3.2.0/HikariCP-3.2.0.jar ...
INFO  [info] 	[SUCCESSFUL ] com.typesafe.slick#slick-hikaricp_2.12;3.3.0!slick-hikaricp_2.12.jar(bundle) (977ms)
INFO  [info] 	[SUCCESSFUL ] com.zaxxer#HikariCP;3.2.0!HikariCP.jar(bundle) (742ms)
INFO  [info] 	[SUCCESSFUL ] com.typesafe.akka#akka-parsing_2.12;10.1.10!akka-parsing_2.12.jar (2055ms)
INFO  [info] 	[SUCCESSFUL ] com.typesafe.akka#akka-http_2.12;10.1.10!akka-http_2.12.jar (2063ms)
INFO  [info] 	[SUCCESSFUL ] com.typesafe.slick#slick_2.12;3.3.0!slick_2.12.jar(bundle) (3829ms)
INFO  [info] 	[SUCCESSFUL ] com.typesafe.akka#akka-http-core_2.12;10.1.10!akka-http-core_2.12.jar (3907ms)
INFO  [warn] 	::::::::::::::::::::::::::::::::::::::::::::::
INFO  [warn] 	::          UNRESOLVED DEPENDENCIES         ::
INFO  [warn] 	::::::::::::::::::::::::::::::::::::::::::::::
INFO  [warn] 	:: mysql#mysql-connector-java_2.12;8.0.11: not found
INFO  [warn] 	::::::::::::::::::::::::::::::::::::::::::::::
INFO  [warn] 
INFO  [warn] 	Note: Unresolved dependencies path:
INFO  [warn] 		mysql:mysql-connector-java_2.12:8.0.11 (/Users/abyssparanoia/workspace/other/scala-playground/akka-slick/build.sbt#L11-12)
INFO  [warn] 		  +- default:akka-slick_2.12:0.1.0-SNAPSHOT
INFO  [error] sbt.librarymanagement.ResolveException: unresolved dependency: mysql#mysql-connector-java_2.12;8.0.11: not found
INFO  [error] 	at sbt.internal.librarymanagement.IvyActions$.resolveAndRetrieve(IvyActions.scala:332)
INFO  [error] 	at sbt.internal.librarymanagement.IvyActions$.$anonfun$updateEither$1(IvyActions.scala:208)
INFO  [error] 	at sbt.internal.librarymanagement.IvySbt$Module.$anonfun$withModule$1(Ivy.scala:239)
INFO  [error] 	at sbt.internal.librarymanagement.IvySbt.$anonfun$withIvy$1(Ivy.scala:204)
INFO  [error] 	at sbt.internal.librarymanagement.IvySbt.sbt$internal$librarymanagement$IvySbt$$action$1(Ivy.scala:70)
INFO  [error] 	at sbt.internal.librarymanagement.IvySbt$$anon$3.call(Ivy.scala:77)
INFO  [error] 	at xsbt.boot.Locks$GlobalLock.withChannel$1(Locks.scala:95)
INFO  [error] 	at xsbt.boot.Locks$GlobalLock.xsbt$boot$Locks$GlobalLock$$withChannelRetries$1(Locks.scala:80)
INFO  [error] 	at xsbt.boot.Locks$GlobalLock$$anonfun$withFileLock$1.apply(Locks.scala:99)
INFO  [error] 	at xsbt.boot.Using$.withResource(Using.scala:10)
INFO  [error] 	at xsbt.boot.Using$.apply(Using.scala:9)
INFO  [error] 	at xsbt.boot.Locks$GlobalLock.ignoringDeadlockAvoided(Locks.scala:60)
INFO  [error] 	at xsbt.boot.Locks$GlobalLock.withLock(Locks.scala:50)
INFO  [error] 	at xsbt.boot.Locks$.apply0(Locks.scala:31)
INFO  [error] 	at xsbt.boot.Locks$.apply(Locks.scala:28)
INFO  [error] 	at sbt.internal.librarymanagement.IvySbt.withDefaultLogger(Ivy.scala:77)
INFO  [error] 	at sbt.internal.librarymanagement.IvySbt.withIvy(Ivy.scala:199)
INFO  [error] 	at sbt.internal.librarymanagement.IvySbt.withIvy(Ivy.scala:196)
INFO  [error] 	at sbt.internal.librarymanagement.IvySbt$Module.withModule(Ivy.scala:238)
INFO  [error] 	at sbt.internal.librarymanagement.IvyActions$.updateEither(IvyActions.scala:193)
INFO  [error] 	at sbt.librarymanagement.ivy.IvyDependencyResolution.update(IvyDependencyResolution.scala:20)
INFO  [error] 	at sbt.librarymanagement.DependencyResolution.update(DependencyResolution.scala:56)
INFO  [error] 	at sbt.internal.LibraryManagement$.resolve$1(LibraryManagement.scala:45)
INFO  [error] 	at sbt.internal.LibraryManagement$.$anonfun$cachedUpdate$12(LibraryManagement.scala:93)
INFO  [error] 	at sbt.util.Tracked$.$anonfun$lastOutput$1(Tracked.scala:68)
INFO  [error] 	at sbt.internal.LibraryManagement$.$anonfun$cachedUpdate$19(LibraryManagement.scala:106)
INFO  [error] 	at scala.util.control.Exception$Catch.apply(Exception.scala:224)
INFO  [error] 	at sbt.internal.LibraryManagement$.$anonfun$cachedUpdate$11(LibraryManagement.scala:106)
INFO  [error] 	at sbt.internal.LibraryManagement$.$anonfun$cachedUpdate$11$adapted(LibraryManagement.scala:89)
INFO  [error] 	at sbt.util.Tracked$.$anonfun$inputChanged$1(Tracked.scala:149)
INFO  [error] 	at sbt.internal.LibraryManagement$.cachedUpdate(LibraryManagement.scala:120)
INFO  [error] 	at sbt.Classpaths$.$anonfun$updateTask$5(Defaults.scala:2561)
INFO  [error] 	at scala.Function1.$anonfun$compose$1(Function1.scala:44)
INFO  [error] 	at sbt.internal.util.$tilde$greater.$anonfun$$u2219$1(TypeFunctions.scala:40)
INFO  [error] 	at sbt.std.Transform$$anon$4.work(System.scala:67)
INFO  [error] 	at sbt.Execute.$anonfun$submit$2(Execute.scala:269)
INFO  [error] 	at sbt.internal.util.ErrorHandling$.wideConvert(ErrorHandling.scala:16)
INFO  [error] 	at sbt.Execute.work(Execute.scala:278)
INFO  [error] 	at sbt.Execute.$anonfun$submit$1(Execute.scala:269)
INFO  [error] 	at sbt.ConcurrentRestrictions$$anon$4.$anonfun$submitValid$1(ConcurrentRestrictions.scala:178)
INFO  [error] 	at sbt.CompletionService$$anon$2.call(CompletionService.scala:37)
INFO  [error] 	at java.util.concurrent.FutureTask.run(FutureTask.java:266)
INFO  [error] 	at java.util.concurrent.Executors$RunnableAdapter.call(Executors.java:511)
INFO  [error] 	at java.util.concurrent.FutureTask.run(FutureTask.java:266)
INFO  [error] 	at java.util.concurrent.ThreadPoolExecutor.runWorker(ThreadPoolExecutor.java:1149)
INFO  [error] 	at java.util.concurrent.ThreadPoolExecutor$Worker.run(ThreadPoolExecutor.java:624)
INFO  [error] 	at java.lang.Thread.run(Thread.java:748)
INFO  [error] (update) sbt.librarymanagement.ResolveException: unresolved dependency: mysql#mysql-connector-java_2.12;8.0.11: not found
INFO  [error] Total time: 11 s, completed Sep 30, 2019 1:37:47 AM
INFO  build tool exit: 1
INFO  time: ran 'sbt bloopInstall' in 19s
ERROR sbt command failed: /Library/Java/JavaVirtualMachines/amazon-corretto-8.jdk/Contents/Home/bin/java -Djline.terminal=jline.UnsupportedTerminal -Dsbt.log.noformat=true -Dfile.encoding=UTF-8 -jar /var/folders/mp/xq7jcdg54rz3v6m1kjp7nt3c0000gn/T/metals2467423685804461815/sbt-launch.jar metalsEnable bloopInstall
INFO  disconnected: build server
shutdown request received: build/shutdown
[0m[31m[E][0m BSP server cancelled, closing socket...
Client in /Users/abyssparanoia/workspace/other/scala-playground/akka-slick/.bloop triggered cancellation. Cancelling tasks...
INFO  bloop exit: 0
INFO  running embedded 'bloop bsp --protocol local --socket /var/folders/mp/xq7jcdg54rz3v6m1kjp7nt3c0000gn/T/bsp6375727204183556198/-13pbqa7aehmlp.socket'
The server is listening for incoming connections at local:///var/folders/mp/xq7jcdg54rz3v6m1kjp7nt3c0000gn/T/bsp6375727204183556198/-13pbqa7aehmlp.socket...
Accepted incoming BSP client connection at local:///var/folders/mp/xq7jcdg54rz3v6m1kjp7nt3c0000gn/T/bsp6375727204183556198/-13pbqa7aehmlp.socket
INFO  tracing is disabled for protocol BSP, to enable tracing of incoming and outgoing JSON messages create an empty file at /Users/abyssparanoia/Library/Caches/org.scalameta.metals/bsp.trace.json
request received: build/initialize
INFO  time: connected to build server in 0.21s
BSP initialization handshake complete.
INFO  time: indexed workspace in 0.13s
INFO  compiling akka-slick (1 scala source)
INFO  time: compiled akka-slick in 68ms
ERROR Failed to compile 'akka-slick','akka-slick-test'
WARN  no build target: /Users/abyssparanoia/workspace/other/scala-playground/akka-slick/build.sbt
WARN  no build target: 
INFO  running '/Library/Java/JavaVirtualMachines/amazon-corretto-8.jdk/Contents/Home/bin/java -Djline.terminal=jline.UnsupportedTerminal -Dsbt.log.noformat=true -Dfile.encoding=UTF-8 -jar /var/folders/mp/xq7jcdg54rz3v6m1kjp7nt3c0000gn/T/metals608417085164802865/sbt-launch.jar metalsEnable bloopInstall'
INFO  [info] Loading settings for project global-plugins from plugins.sbt,metals.sbt ...
INFO  [info] Loading global plugins from /Users/abyssparanoia/.sbt/1.0/plugins
INFO  [info] Loading project definition from /Users/abyssparanoia/workspace/other/scala-playground/akka-slick/project
INFO  [success] Generated .bloop/akka-slick-build.json
INFO  [success] Total time: 1 s, completed Sep 30, 2019 1:39:41 AM
INFO  [info] Loading settings for project akka-slick from build.sbt ...
INFO  [info] Set current project to akka-slick (in build file:/Users/abyssparanoia/workspace/other/scala-playground/akka-slick/)
INFO  [info] Set current project to akka-slick (in build file:/Users/abyssparanoia/workspace/other/scala-playground/akka-slick/)
INFO  [info] semanticdb-scalac is enabled
INFO  [info] Updating ...
INFO  [warn] 	module not found: mysql#mysql-connector-java_2.12;5.1.38
INFO  [warn] ==== local: tried
INFO  [warn]   /Users/abyssparanoia/.ivy2/local/mysql/mysql-connector-java_2.12/5.1.38/ivys/ivy.xml
INFO  [warn] ==== public: tried
INFO  [warn]   https://repo1.maven.org/maven2/mysql/mysql-connector-java_2.12/5.1.38/mysql-connector-java_2.12-5.1.38.pom
INFO  [warn] ==== local-preloaded-ivy: tried
INFO  [warn]   /Users/abyssparanoia/.sbt/preloaded/mysql/mysql-connector-java_2.12/5.1.38/ivys/ivy.xml
INFO  [warn] ==== local-preloaded: tried
INFO  [warn]   file:////Users/abyssparanoia/.sbt/preloaded/mysql/mysql-connector-java_2.12/5.1.38/mysql-connector-java_2.12-5.1.38.pom
INFO  [warn] 	::::::::::::::::::::::::::::::::::::::::::::::
INFO  [warn] 	::          UNRESOLVED DEPENDENCIES         ::
INFO  [warn] 	::::::::::::::::::::::::::::::::::::::::::::::
INFO  [warn] 	:: mysql#mysql-connector-java_2.12;5.1.38: not found
INFO  [warn] 	::::::::::::::::::::::::::::::::::::::::::::::
INFO  [warn] 
INFO  [warn] 	Note: Unresolved dependencies path:
INFO  [warn] 		mysql:mysql-connector-java_2.12:5.1.38 (/Users/abyssparanoia/workspace/other/scala-playground/akka-slick/build.sbt#L11-12)
INFO  [warn] 		  +- default:akka-slick_2.12:0.1.0-SNAPSHOT
INFO  [error] sbt.librarymanagement.ResolveException: unresolved dependency: mysql#mysql-connector-java_2.12;5.1.38: not found
INFO  [error] 	at sbt.internal.librarymanagement.IvyActions$.resolveAndRetrieve(IvyActions.scala:332)
INFO  [error] 	at sbt.internal.librarymanagement.IvyActions$.$anonfun$updateEither$1(IvyActions.scala:208)
INFO  [error] 	at sbt.internal.librarymanagement.IvySbt$Module.$anonfun$withModule$1(Ivy.scala:239)
INFO  [error] 	at sbt.internal.librarymanagement.IvySbt.$anonfun$withIvy$1(Ivy.scala:204)
INFO  [error] 	at sbt.internal.librarymanagement.IvySbt.sbt$internal$librarymanagement$IvySbt$$action$1(Ivy.scala:70)
INFO  [error] 	at sbt.internal.librarymanagement.IvySbt$$anon$3.call(Ivy.scala:77)
INFO  [error] 	at xsbt.boot.Locks$GlobalLock.withChannel$1(Locks.scala:95)
INFO  [error] 	at xsbt.boot.Locks$GlobalLock.xsbt$boot$Locks$GlobalLock$$withChannelRetries$1(Locks.scala:80)
INFO  [error] 	at xsbt.boot.Locks$GlobalLock$$anonfun$withFileLock$1.apply(Locks.scala:99)
INFO  [error] 	at xsbt.boot.Using$.withResource(Using.scala:10)
INFO  [error] 	at xsbt.boot.Using$.apply(Using.scala:9)
INFO  [error] 	at xsbt.boot.Locks$GlobalLock.ignoringDeadlockAvoided(Locks.scala:60)
INFO  [error] 	at xsbt.boot.Locks$GlobalLock.withLock(Locks.scala:50)
INFO  [error] 	at xsbt.boot.Locks$.apply0(Locks.scala:31)
INFO  [error] 	at xsbt.boot.Locks$.apply(Locks.scala:28)
INFO  [error] 	at sbt.internal.librarymanagement.IvySbt.withDefaultLogger(Ivy.scala:77)
INFO  [error] 	at sbt.internal.librarymanagement.IvySbt.withIvy(Ivy.scala:199)
INFO  [error] 	at sbt.internal.librarymanagement.IvySbt.withIvy(Ivy.scala:196)
INFO  [error] 	at sbt.internal.librarymanagement.IvySbt$Module.withModule(Ivy.scala:238)
INFO  [error] 	at sbt.internal.librarymanagement.IvyActions$.updateEither(IvyActions.scala:193)
INFO  [error] 	at sbt.librarymanagement.ivy.IvyDependencyResolution.update(IvyDependencyResolution.scala:20)
INFO  [error] 	at sbt.librarymanagement.DependencyResolution.update(DependencyResolution.scala:56)
INFO  [error] 	at sbt.internal.LibraryManagement$.resolve$1(LibraryManagement.scala:45)
INFO  [error] 	at sbt.internal.LibraryManagement$.$anonfun$cachedUpdate$12(LibraryManagement.scala:93)
INFO  [error] 	at sbt.util.Tracked$.$anonfun$lastOutput$1(Tracked.scala:68)
INFO  [error] 	at sbt.internal.LibraryManagement$.$anonfun$cachedUpdate$19(LibraryManagement.scala:106)
INFO  [error] 	at scala.util.control.Exception$Catch.apply(Exception.scala:224)
INFO  [error] 	at sbt.internal.LibraryManagement$.$anonfun$cachedUpdate$11(LibraryManagement.scala:106)
INFO  [error] 	at sbt.internal.LibraryManagement$.$anonfun$cachedUpdate$11$adapted(LibraryManagement.scala:89)
INFO  [error] 	at sbt.util.Tracked$.$anonfun$inputChanged$1(Tracked.scala:149)
INFO  [error] 	at sbt.internal.LibraryManagement$.cachedUpdate(LibraryManagement.scala:120)
INFO  [error] 	at sbt.Classpaths$.$anonfun$updateTask$5(Defaults.scala:2561)
INFO  [error] 	at scala.Function1.$anonfun$compose$1(Function1.scala:44)
INFO  [error] 	at sbt.internal.util.$tilde$greater.$anonfun$$u2219$1(TypeFunctions.scala:40)
INFO  [error] 	at sbt.std.Transform$$anon$4.work(System.scala:67)
INFO  [error] 	at sbt.Execute.$anonfun$submit$2(Execute.scala:269)
INFO  [error] 	at sbt.internal.util.ErrorHandling$.wideConvert(ErrorHandling.scala:16)
INFO  [error] 	at sbt.Execute.work(Execute.scala:278)
INFO  [error] 	at sbt.Execute.$anonfun$submit$1(Execute.scala:269)
INFO  [error] 	at sbt.ConcurrentRestrictions$$anon$4.$anonfun$submitValid$1(ConcurrentRestrictions.scala:178)
INFO  [error] 	at sbt.CompletionService$$anon$2.call(CompletionService.scala:37)
INFO  [error] 	at java.util.concurrent.FutureTask.run(FutureTask.java:266)
INFO  [error] 	at java.util.concurrent.Executors$RunnableAdapter.call(Executors.java:511)
INFO  [error] 	at java.util.concurrent.FutureTask.run(FutureTask.java:266)
INFO  [error] 	at java.util.concurrent.ThreadPoolExecutor.runWorker(ThreadPoolExecutor.java:1149)
INFO  [error] 	at java.util.concurrent.ThreadPoolExecutor$Worker.run(ThreadPoolExecutor.java:624)
INFO  [error] 	at java.lang.Thread.run(Thread.java:748)
INFO  [error] (update) sbt.librarymanagement.ResolveException: unresolved dependency: mysql#mysql-connector-java_2.12;5.1.38: not found
INFO  [error] Total time: 2 s, completed Sep 30, 2019 1:39:44 AM
INFO  build tool exit: 1
INFO  time: ran 'sbt bloopInstall' in 9.41s
ERROR sbt command failed: /Library/Java/JavaVirtualMachines/amazon-corretto-8.jdk/Contents/Home/bin/java -Djline.terminal=jline.UnsupportedTerminal -Dsbt.log.noformat=true -Dfile.encoding=UTF-8 -jar /var/folders/mp/xq7jcdg54rz3v6m1kjp7nt3c0000gn/T/metals608417085164802865/sbt-launch.jar metalsEnable bloopInstall
INFO  disconnected: build server
shutdown request received: build/shutdown
Client in /Users/abyssparanoia/workspace/other/scala-playground/akka-slick/.bloop triggered cancellation. Cancelling tasks...
[0m[31m[E][0m BSP server cancelled, closing socket...
INFO  running embedded 'bloop bsp --protocol local --socket /var/folders/mp/xq7jcdg54rz3v6m1kjp7nt3c0000gn/T/bsp2413047169279785882/10aobsrrg2cco.socket'
INFO  bloop exit: 0
The server is listening for incoming connections at local:///var/folders/mp/xq7jcdg54rz3v6m1kjp7nt3c0000gn/T/bsp2413047169279785882/10aobsrrg2cco.socket...
Accepted incoming BSP client connection at local:///var/folders/mp/xq7jcdg54rz3v6m1kjp7nt3c0000gn/T/bsp2413047169279785882/10aobsrrg2cco.socket
INFO  tracing is disabled for protocol BSP, to enable tracing of incoming and outgoing JSON messages create an empty file at /Users/abyssparanoia/Library/Caches/org.scalameta.metals/bsp.trace.json
request received: build/initialize
INFO  time: connected to build server in 0.21s
BSP initialization handshake complete.
INFO  time: indexed workspace in 0.16s
INFO  compiling akka-slick (1 scala source)
INFO  time: compiled akka-slick in 63ms
ERROR Failed to compile 'akka-slick','akka-slick-test'
WARN  no build target: /Users/abyssparanoia/workspace/other/scala-playground/akka-slick/build.sbt
WARN  no build target: 
INFO  running '/Library/Java/JavaVirtualMachines/amazon-corretto-8.jdk/Contents/Home/bin/java -Djline.terminal=jline.UnsupportedTerminal -Dsbt.log.noformat=true -Dfile.encoding=UTF-8 -jar /var/folders/mp/xq7jcdg54rz3v6m1kjp7nt3c0000gn/T/metals7217586488971012712/sbt-launch.jar metalsEnable bloopInstall'
INFO  [info] Loading settings for project global-plugins from plugins.sbt,metals.sbt ...
INFO  [info] Loading global plugins from /Users/abyssparanoia/.sbt/1.0/plugins
INFO  [info] Loading project definition from /Users/abyssparanoia/workspace/other/scala-playground/akka-slick/project
INFO  [success] Generated .bloop/akka-slick-build.json
INFO  [success] Total time: 1 s, completed Sep 30, 2019 1:40:32 AM
INFO  [info] Loading settings for project akka-slick from build.sbt ...
INFO  [info] Set current project to akka-slick (in build file:/Users/abyssparanoia/workspace/other/scala-playground/akka-slick/)
INFO  [info] Set current project to akka-slick (in build file:/Users/abyssparanoia/workspace/other/scala-playground/akka-slick/)
INFO  [info] semanticdb-scalac is enabled
INFO  [info] Updating ...
INFO  [info] downloading https://repo1.maven.org/maven2/mysql/mysql-connector-java/8.0.11/mysql-connector-java-8.0.11.jar ...
INFO  [info] downloading https://repo1.maven.org/maven2/com/google/protobuf/protobuf-java/2.6.0/protobuf-java-2.6.0.jar ...
INFO  [info] 	[SUCCESSFUL ] mysql#mysql-connector-java;8.0.11!mysql-connector-java.jar (1703ms)
INFO  [info] 	[SUCCESSFUL ] com.google.protobuf#protobuf-java;2.6.0!protobuf-java.jar(bundle) (1655ms)
INFO  [info] Done updating.
INFO  [warn] There may be incompatibilities among your library dependencies; run 'evicted' to see detailed eviction warnings.
INFO  [info] downloading https://repo1.maven.org/maven2/com/google/protobuf/protobuf-java/2.6.0/protobuf-java-2.6.0-sources.jar ...
INFO  [info] downloading https://repo1.maven.org/maven2/com/typesafe/slick/slick-hikaricp_2.12/3.3.0/slick-hikaricp_2.12-3.3.0-sources.jar ...
INFO  [info] downloading https://repo1.maven.org/maven2/com/zaxxer/HikariCP/3.2.0/HikariCP-3.2.0-sources.jar ...
INFO  [info] downloading https://repo1.maven.org/maven2/com/typesafe/slick/slick_2.12/3.3.0/slick_2.12-3.3.0-sources.jar ...
INFO  [info] downloading https://repo1.maven.org/maven2/io/spray/spray-json_2.12/1.3.5/spray-json_2.12-1.3.5-sources.jar ...
INFO  [info] downloading https://repo1.maven.org/maven2/com/typesafe/akka/akka-http-core_2.12/10.1.10/akka-http-core_2.12-10.1.10-sources.jar ...
INFO  [info] 	[SUCCESSFUL ] com.typesafe.slick#slick-hikaricp_2.12;3.3.0!slick-hikaricp_2.12.jar(src) (643ms)
INFO  [info] 	[SUCCESSFUL ] com.google.protobuf#protobuf-java;2.6.0!protobuf-java.jar(src) (751ms)
INFO  [info] downloading https://repo1.maven.org/maven2/com/typesafe/akka/akka-http_2.12/10.1.10/akka-http_2.12-10.1.10-sources.jar ...
INFO  [info] downloading https://repo1.maven.org/maven2/com/typesafe/akka/akka-http-spray-json_2.12/10.1.10/akka-http-spray-json_2.12-10.1.10-sources.jar ...
INFO  [info] 	[SUCCESSFUL ] io.spray#spray-json_2.12;1.3.5!spray-json_2.12.jar(src) (1168ms)
INFO  [info] 	[SUCCESSFUL ] com.zaxxer#HikariCP;3.2.0!HikariCP.jar(src) (1283ms)
INFO  [info] downloading https://repo1.maven.org/maven2/org/slf4j/slf4j-api/1.7.25/slf4j-api-1.7.25-sources.jar ...
INFO  [info] 	[SUCCESSFUL ] com.typesafe.akka#akka-http_2.12;10.1.10!akka-http_2.12.jar(src) (654ms)
INFO  [info] 	[SUCCESSFUL ] com.typesafe.akka#akka-http-spray-json_2.12;10.1.10!akka-http-spray-json_2.12.jar(src) (616ms)
INFO  [info] downloading https://repo1.maven.org/maven2/mysql/mysql-connector-java/8.0.11/mysql-connector-java-8.0.11-sources.jar ...
INFO  [info] downloading https://repo1.maven.org/maven2/org/slf4j/slf4j-nop/1.6.4/slf4j-nop-1.6.4-sources.jar ...
INFO  [info] downloading https://repo1.maven.org/maven2/com/typesafe/akka/akka-parsing_2.12/10.1.10/akka-parsing_2.12-10.1.10-sources.jar ...
INFO  [info] 	[SUCCESSFUL ] com.typesafe.slick#slick_2.12;3.3.0!slick_2.12.jar(src) (1542ms)
INFO  [info] 	[SUCCESSFUL ] com.typesafe.akka#akka-http-core_2.12;10.1.10!akka-http-core_2.12.jar(src) (1699ms)
INFO  [info] 	[SUCCESSFUL ] org.slf4j#slf4j-api;1.7.25!slf4j-api.jar(src) (634ms)
INFO  [info] 	[SUCCESSFUL ] org.slf4j#slf4j-nop;1.6.4!slf4j-nop.jar(src) (621ms)
INFO  [info] 	[SUCCESSFUL ] com.typesafe.akka#akka-parsing_2.12;10.1.10!akka-parsing_2.12.jar(src) (625ms)
INFO  [info] 	[SUCCESSFUL ] mysql#mysql-connector-java;8.0.11!mysql-connector-java.jar(src) (1267ms)
INFO  [success] Generated .bloop/akka-slick-test.json
INFO  [success] Generated .bloop/akka-slick.json
INFO  [success] Total time: 9 s, completed Sep 30, 2019 1:40:43 AM
INFO  build tool exit: 0
INFO  time: ran 'sbt bloopInstall' in 16s
INFO  disconnected: build server
shutdown request received: build/shutdown
Client in /Users/abyssparanoia/workspace/other/scala-playground/akka-slick/.bloop triggered cancellation. Cancelling tasks...
[0m[31m[E][0m BSP server cancelled, closing socket...
INFO  bloop exit: 0
INFO  running embedded 'bloop bsp --protocol local --socket /var/folders/mp/xq7jcdg54rz3v6m1kjp7nt3c0000gn/T/bsp3963040284865154387/qphb0xczo4zy.socket'
The server is listening for incoming connections at local:///var/folders/mp/xq7jcdg54rz3v6m1kjp7nt3c0000gn/T/bsp3963040284865154387/qphb0xczo4zy.socket...
Accepted incoming BSP client connection at local:///var/folders/mp/xq7jcdg54rz3v6m1kjp7nt3c0000gn/T/bsp3963040284865154387/qphb0xczo4zy.socket
INFO  tracing is disabled for protocol BSP, to enable tracing of incoming and outgoing JSON messages create an empty file at /Users/abyssparanoia/Library/Caches/org.scalameta.metals/bsp.trace.json
request received: build/initialize
INFO  time: connected to build server in 0.21s
BSP initialization handshake complete.
INFO  time: indexed workspace in 0.37s
INFO  compiling akka-slick (2 scala sources)
WARN  there were two deprecation warnings (since 3.2); re-run with -deprecation for details
INFO  time: compiled akka-slick in 1.27s
INFO  compiling akka-slick (1 scala source)
INFO  time: compiled akka-slick in 0.24s
Sep 30, 2019 1:42:35 AM scala.meta.internal.pc.CompilerAccess retryWithCleanCompiler
INFO: compiler crashed due to an error in the Scala compiler, retrying with new compiler instance.
Sep 30, 2019 1:42:35 AM scala.meta.internal.pc.CompilerAccess handleError
SEVERE: implicit class <error> extends  (of class scala.reflect.internal.Trees$ClassDef)
scala.MatchError: implicit class <error> extends  (of class scala.reflect.internal.Trees$ClassDef)
	at scala.tools.nsc.typechecker.Unapplies.constrParamss(Unapplies.scala:64)
	at scala.tools.nsc.typechecker.Unapplies.factoryMeth(Unapplies.scala:141)
	at scala.tools.nsc.typechecker.Unapplies.factoryMeth$(Unapplies.scala:138)
	at scala.meta.internal.pc.MetalsGlobal$MetalsInteractiveAnalyzer.factoryMeth(MetalsGlobal.scala:40)
	at scala.tools.nsc.typechecker.MethodSynthesis$MethodSynth.enterImplicitWrapper(MethodSynthesis.scala:229)
	at scala.tools.nsc.typechecker.MethodSynthesis$MethodSynth.enterImplicitWrapper$(MethodSynthesis.scala:228)
	at scala.tools.nsc.typechecker.Namers$Namer.enterImplicitWrapper(Namers.scala:58)
	at scala.tools.nsc.interactive.InteractiveAnalyzer$InteractiveNamer.enterExistingSym(Global.scala:94)
	at scala.tools.nsc.interactive.InteractiveAnalyzer$InteractiveNamer.enterExistingSym$(Global.scala:80)
	at scala.tools.nsc.interactive.InteractiveAnalyzer$$anon$2.enterExistingSym(Global.scala:51)
	at scala.tools.nsc.typechecker.Namers$Namer.standardEnterSym(Namers.scala:298)
	at scala.tools.nsc.typechecker.AnalyzerPlugins.pluginsEnterSym(AnalyzerPlugins.scala:479)
	at scala.tools.nsc.typechecker.AnalyzerPlugins.pluginsEnterSym$(AnalyzerPlugins.scala:478)
	at scala.meta.internal.pc.MetalsGlobal$MetalsInteractiveAnalyzer.pluginsEnterSym(MetalsGlobal.scala:40)
	at scala.tools.nsc.typechecker.Namers$Namer.enterSym(Namers.scala:272)
	at scala.tools.nsc.typechecker.Typers$Typer.enterSym(Typers.scala:1929)
	at scala.tools.nsc.typechecker.Typers$Typer.$anonfun$enterSyms$1(Typers.scala:1924)
	at scala.tools.nsc.typechecker.Typers$Typer.enterSyms(Typers.scala:1924)
	at scala.tools.nsc.typechecker.Typers$Typer.typedTemplate(Typers.scala:1986)
	at scala.tools.nsc.typechecker.Typers$Typer.typedClassDef(Typers.scala:1826)
	at scala.tools.nsc.typechecker.Typers$Typer.typed1(Typers.scala:5636)
	at scala.tools.nsc.typechecker.Typers$Typer.typed(Typers.scala:5716)
	at scala.tools.nsc.typechecker.Typers$Typer.typedStat$1(Typers.scala:5780)
	at scala.tools.nsc.typechecker.Typers$Typer.$anonfun$typedStats$10(Typers.scala:3353)
	at scala.tools.nsc.typechecker.Typers$Typer.typedStats(Typers.scala:3353)
	at scala.tools.nsc.typechecker.Typers$Typer.typedPackageDef$1(Typers.scala:5346)
	at scala.tools.nsc.typechecker.Typers$Typer.typed1(Typers.scala:5639)
	at scala.tools.nsc.typechecker.Typers$Typer.typed(Typers.scala:5716)
	at scala.tools.nsc.typechecker.Analyzer$typerFactory$TyperPhase.apply(Analyzer.scala:114)
	at scala.tools.nsc.Global$GlobalPhase.applyPhase(Global.scala:453)
	at scala.tools.nsc.interactive.Global$TyperRun.$anonfun$applyPhase$1(Global.scala:1340)
	at scala.tools.nsc.interactive.Global$TyperRun.applyPhase(Global.scala:1340)
	at scala.tools.nsc.interactive.Global$TyperRun.typeCheck(Global.scala:1333)
	at scala.tools.nsc.interactive.Global.typeCheck(Global.scala:665)
	at scala.tools.nsc.interactive.Global.typedTreeAt(Global.scala:814)
	at scala.tools.nsc.interactive.Global.completionsAt(Global.scala:1225)
	at scala.meta.internal.pc.CompletionProvider.safeCompletionsAt(CompletionProvider.scala:357)
	at scala.meta.internal.pc.CompletionProvider.completions(CompletionProvider.scala:47)

Sep 30, 2019 1:42:36 AM scala.meta.internal.pc.CompilerAccess retryWithCleanCompiler
INFO: compiler crashed due to an error in the Scala compiler, retrying with new compiler instance.
Sep 30, 2019 1:42:36 AM scala.meta.internal.pc.CompilerAccess handleError
SEVERE: implicit class <error> extends  (of class scala.reflect.internal.Trees$ClassDef)
scala.MatchError: implicit class <error> extends  (of class scala.reflect.internal.Trees$ClassDef)
	at scala.tools.nsc.typechecker.Unapplies.constrParamss(Unapplies.scala:64)
	at scala.tools.nsc.typechecker.Unapplies.factoryMeth(Unapplies.scala:141)
	at scala.tools.nsc.typechecker.Unapplies.factoryMeth$(Unapplies.scala:138)
	at scala.meta.internal.pc.MetalsGlobal$MetalsInteractiveAnalyzer.factoryMeth(MetalsGlobal.scala:40)
	at scala.tools.nsc.typechecker.MethodSynthesis$MethodSynth.enterImplicitWrapper(MethodSynthesis.scala:229)
	at scala.tools.nsc.typechecker.MethodSynthesis$MethodSynth.enterImplicitWrapper$(MethodSynthesis.scala:228)
	at scala.tools.nsc.typechecker.Namers$Namer.enterImplicitWrapper(Namers.scala:58)
	at scala.tools.nsc.interactive.InteractiveAnalyzer$InteractiveNamer.enterExistingSym(Global.scala:94)
	at scala.tools.nsc.interactive.InteractiveAnalyzer$InteractiveNamer.enterExistingSym$(Global.scala:80)
	at scala.tools.nsc.interactive.InteractiveAnalyzer$$anon$2.enterExistingSym(Global.scala:51)
	at scala.tools.nsc.typechecker.Namers$Namer.standardEnterSym(Namers.scala:298)
	at scala.tools.nsc.typechecker.AnalyzerPlugins.pluginsEnterSym(AnalyzerPlugins.scala:479)
	at scala.tools.nsc.typechecker.AnalyzerPlugins.pluginsEnterSym$(AnalyzerPlugins.scala:478)
	at scala.meta.internal.pc.MetalsGlobal$MetalsInteractiveAnalyzer.pluginsEnterSym(MetalsGlobal.scala:40)
	at scala.tools.nsc.typechecker.Namers$Namer.enterSym(Namers.scala:272)
	at scala.tools.nsc.typechecker.Typers$Typer.enterSym(Typers.scala:1929)
	at scala.tools.nsc.typechecker.Typers$Typer.$anonfun$enterSyms$1(Typers.scala:1924)
	at scala.tools.nsc.typechecker.Typers$Typer.enterSyms(Typers.scala:1924)
	at scala.tools.nsc.typechecker.Typers$Typer.typedTemplate(Typers.scala:1986)
	at scala.tools.nsc.typechecker.Typers$Typer.typedClassDef(Typers.scala:1826)
	at scala.tools.nsc.typechecker.Typers$Typer.typed1(Typers.scala:5636)
	at scala.tools.nsc.typechecker.Typers$Typer.typed(Typers.scala:5716)
	at scala.tools.nsc.typechecker.Typers$Typer.typedStat$1(Typers.scala:5780)
	at scala.tools.nsc.typechecker.Typers$Typer.$anonfun$typedStats$10(Typers.scala:3353)
	at scala.tools.nsc.typechecker.Typers$Typer.typedStats(Typers.scala:3353)
	at scala.tools.nsc.typechecker.Typers$Typer.typedPackageDef$1(Typers.scala:5346)
	at scala.tools.nsc.typechecker.Typers$Typer.typed1(Typers.scala:5639)
	at scala.tools.nsc.typechecker.Typers$Typer.typed(Typers.scala:5716)
	at scala.tools.nsc.typechecker.Analyzer$typerFactory$TyperPhase.apply(Analyzer.scala:114)
	at scala.tools.nsc.Global$GlobalPhase.applyPhase(Global.scala:453)
	at scala.tools.nsc.interactive.Global$TyperRun.$anonfun$applyPhase$1(Global.scala:1340)
	at scala.tools.nsc.interactive.Global$TyperRun.applyPhase(Global.scala:1340)
	at scala.tools.nsc.interactive.Global$TyperRun.typeCheck(Global.scala:1333)
	at scala.tools.nsc.interactive.Global.typeCheck(Global.scala:665)
	at scala.tools.nsc.interactive.Global.typedTreeAt(Global.scala:814)
	at scala.tools.nsc.interactive.Global.completionsAt(Global.scala:1225)
	at scala.meta.internal.pc.CompletionProvider.safeCompletionsAt(CompletionProvider.scala:357)
	at scala.meta.internal.pc.CompletionProvider.completions(CompletionProvider.scala:47)

Sep 30, 2019 1:42:36 AM scala.meta.internal.pc.CompilerAccess retryWithCleanCompiler
INFO: compiler crashed due to an error in the Scala compiler, retrying with new compiler instance.
Sep 30, 2019 1:42:36 AM scala.meta.internal.pc.CompilerAccess handleError
SEVERE: implicit class <error> extends  (of class scala.reflect.internal.Trees$ClassDef)
scala.MatchError: implicit class <error> extends  (of class scala.reflect.internal.Trees$ClassDef)
	at scala.tools.nsc.typechecker.Unapplies.constrParamss(Unapplies.scala:64)
	at scala.tools.nsc.typechecker.Unapplies.factoryMeth(Unapplies.scala:141)
	at scala.tools.nsc.typechecker.Unapplies.factoryMeth$(Unapplies.scala:138)
	at scala.meta.internal.pc.MetalsGlobal$MetalsInteractiveAnalyzer.factoryMeth(MetalsGlobal.scala:40)
	at scala.tools.nsc.typechecker.MethodSynthesis$MethodSynth.enterImplicitWrapper(MethodSynthesis.scala:229)
	at scala.tools.nsc.typechecker.MethodSynthesis$MethodSynth.enterImplicitWrapper$(MethodSynthesis.scala:228)
	at scala.tools.nsc.typechecker.Namers$Namer.enterImplicitWrapper(Namers.scala:58)
	at scala.tools.nsc.interactive.InteractiveAnalyzer$InteractiveNamer.enterExistingSym(Global.scala:94)
	at scala.tools.nsc.interactive.InteractiveAnalyzer$InteractiveNamer.enterExistingSym$(Global.scala:80)
	at scala.tools.nsc.interactive.InteractiveAnalyzer$$anon$2.enterExistingSym(Global.scala:51)
	at scala.tools.nsc.typechecker.Namers$Namer.standardEnterSym(Namers.scala:298)
	at scala.tools.nsc.typechecker.AnalyzerPlugins.pluginsEnterSym(AnalyzerPlugins.scala:479)
	at scala.tools.nsc.typechecker.AnalyzerPlugins.pluginsEnterSym$(AnalyzerPlugins.scala:478)
	at scala.meta.internal.pc.MetalsGlobal$MetalsInteractiveAnalyzer.pluginsEnterSym(MetalsGlobal.scala:40)
	at scala.tools.nsc.typechecker.Namers$Namer.enterSym(Namers.scala:272)
	at scala.tools.nsc.typechecker.Typers$Typer.enterSym(Typers.scala:1929)
	at scala.tools.nsc.typechecker.Typers$Typer.$anonfun$enterSyms$1(Typers.scala:1924)
	at scala.tools.nsc.typechecker.Typers$Typer.enterSyms(Typers.scala:1924)
	at scala.tools.nsc.typechecker.Typers$Typer.typedTemplate(Typers.scala:1986)
	at scala.tools.nsc.typechecker.Typers$Typer.typedClassDef(Typers.scala:1826)
	at scala.tools.nsc.typechecker.Typers$Typer.typed1(Typers.scala:5636)
	at scala.tools.nsc.typechecker.Typers$Typer.typed(Typers.scala:5716)
	at scala.tools.nsc.typechecker.Typers$Typer.typedStat$1(Typers.scala:5780)
	at scala.tools.nsc.typechecker.Typers$Typer.$anonfun$typedStats$10(Typers.scala:3353)
	at scala.tools.nsc.typechecker.Typers$Typer.typedStats(Typers.scala:3353)
	at scala.tools.nsc.typechecker.Typers$Typer.typedPackageDef$1(Typers.scala:5346)
	at scala.tools.nsc.typechecker.Typers$Typer.typed1(Typers.scala:5639)
	at scala.tools.nsc.typechecker.Typers$Typer.typed(Typers.scala:5716)
	at scala.tools.nsc.typechecker.Analyzer$typerFactory$TyperPhase.apply(Analyzer.scala:114)
	at scala.tools.nsc.Global$GlobalPhase.applyPhase(Global.scala:453)
	at scala.tools.nsc.interactive.Global$TyperRun.$anonfun$applyPhase$1(Global.scala:1340)
	at scala.tools.nsc.interactive.Global$TyperRun.applyPhase(Global.scala:1340)
	at scala.tools.nsc.interactive.Global$TyperRun.typeCheck(Global.scala:1333)
	at scala.tools.nsc.interactive.Global.typeCheck(Global.scala:665)
	at scala.tools.nsc.interactive.Global.typedTreeAt(Global.scala:814)
	at scala.tools.nsc.interactive.Global.completionsAt(Global.scala:1225)
	at scala.meta.internal.pc.CompletionProvider.safeCompletionsAt(CompletionProvider.scala:357)
	at scala.meta.internal.pc.CompletionProvider.completions(CompletionProvider.scala:47)

Sep 30, 2019 1:42:36 AM scala.meta.internal.pc.CompilerAccess retryWithCleanCompiler
INFO: compiler crashed due to an error in the Scala compiler, retrying with new compiler instance.
Sep 30, 2019 1:42:36 AM scala.meta.internal.pc.CompilerAccess handleError
SEVERE: implicit class <error> extends  (of class scala.reflect.internal.Trees$ClassDef)
scala.MatchError: implicit class <error> extends  (of class scala.reflect.internal.Trees$ClassDef)
	at scala.tools.nsc.typechecker.Unapplies.constrParamss(Unapplies.scala:64)
	at scala.tools.nsc.typechecker.Unapplies.factoryMeth(Unapplies.scala:141)
	at scala.tools.nsc.typechecker.Unapplies.factoryMeth$(Unapplies.scala:138)
	at scala.meta.internal.pc.MetalsGlobal$MetalsInteractiveAnalyzer.factoryMeth(MetalsGlobal.scala:40)
	at scala.tools.nsc.typechecker.MethodSynthesis$MethodSynth.enterImplicitWrapper(MethodSynthesis.scala:229)
	at scala.tools.nsc.typechecker.MethodSynthesis$MethodSynth.enterImplicitWrapper$(MethodSynthesis.scala:228)
	at scala.tools.nsc.typechecker.Namers$Namer.enterImplicitWrapper(Namers.scala:58)
	at scala.tools.nsc.interactive.InteractiveAnalyzer$InteractiveNamer.enterExistingSym(Global.scala:94)
	at scala.tools.nsc.interactive.InteractiveAnalyzer$InteractiveNamer.enterExistingSym$(Global.scala:80)
	at scala.tools.nsc.interactive.InteractiveAnalyzer$$anon$2.enterExistingSym(Global.scala:51)
	at scala.tools.nsc.typechecker.Namers$Namer.standardEnterSym(Namers.scala:298)
	at scala.tools.nsc.typechecker.AnalyzerPlugins.pluginsEnterSym(AnalyzerPlugins.scala:479)
	at scala.tools.nsc.typechecker.AnalyzerPlugins.pluginsEnterSym$(AnalyzerPlugins.scala:478)
	at scala.meta.internal.pc.MetalsGlobal$MetalsInteractiveAnalyzer.pluginsEnterSym(MetalsGlobal.scala:40)
	at scala.tools.nsc.typechecker.Namers$Namer.enterSym(Namers.scala:272)
	at scala.tools.nsc.typechecker.Typers$Typer.enterSym(Typers.scala:1929)
	at scala.tools.nsc.typechecker.Typers$Typer.$anonfun$enterSyms$1(Typers.scala:1924)
	at scala.tools.nsc.typechecker.Typers$Typer.enterSyms(Typers.scala:1924)
	at scala.tools.nsc.typechecker.Typers$Typer.typedTemplate(Typers.scala:1986)
	at scala.tools.nsc.typechecker.Typers$Typer.typedClassDef(Typers.scala:1826)
	at scala.tools.nsc.typechecker.Typers$Typer.typed1(Typers.scala:5636)
	at scala.tools.nsc.typechecker.Typers$Typer.typed(Typers.scala:5716)
	at scala.tools.nsc.typechecker.Typers$Typer.typedStat$1(Typers.scala:5780)
	at scala.tools.nsc.typechecker.Typers$Typer.$anonfun$typedStats$10(Typers.scala:3353)
	at scala.tools.nsc.typechecker.Typers$Typer.typedStats(Typers.scala:3353)
	at scala.tools.nsc.typechecker.Typers$Typer.typedPackageDef$1(Typers.scala:5346)
	at scala.tools.nsc.typechecker.Typers$Typer.typed1(Typers.scala:5639)
	at scala.tools.nsc.typechecker.Typers$Typer.typed(Typers.scala:5716)
	at scala.tools.nsc.typechecker.Analyzer$typerFactory$TyperPhase.apply(Analyzer.scala:114)
	at scala.tools.nsc.Global$GlobalPhase.applyPhase(Global.scala:453)
	at scala.tools.nsc.interactive.Global$TyperRun.$anonfun$applyPhase$1(Global.scala:1340)
	at scala.tools.nsc.interactive.Global$TyperRun.applyPhase(Global.scala:1340)
	at scala.tools.nsc.interactive.Global$TyperRun.typeCheck(Global.scala:1333)
	at scala.tools.nsc.interactive.Global.typeCheck(Global.scala:665)
	at scala.tools.nsc.interactive.Global.typedTreeAt(Global.scala:814)
	at scala.tools.nsc.interactive.Global.completionsAt(Global.scala:1225)
	at scala.meta.internal.pc.CompletionProvider.safeCompletionsAt(CompletionProvider.scala:357)
	at scala.meta.internal.pc.CompletionProvider.completions(CompletionProvider.scala:47)

Sep 30, 2019 1:42:36 AM scala.meta.internal.pc.CompilerAccess retryWithCleanCompiler
INFO: compiler crashed due to an error in the Scala compiler, retrying with new compiler instance.
Sep 30, 2019 1:42:36 AM scala.meta.internal.pc.CompilerAccess handleError
SEVERE: implicit class <error> extends  (of class scala.reflect.internal.Trees$ClassDef)
scala.MatchError: implicit class <error> extends  (of class scala.reflect.internal.Trees$ClassDef)
	at scala.tools.nsc.typechecker.Unapplies.constrParamss(Unapplies.scala:64)
	at scala.tools.nsc.typechecker.Unapplies.factoryMeth(Unapplies.scala:141)
	at scala.tools.nsc.typechecker.Unapplies.factoryMeth$(Unapplies.scala:138)
	at scala.meta.internal.pc.MetalsGlobal$MetalsInteractiveAnalyzer.factoryMeth(MetalsGlobal.scala:40)
	at scala.tools.nsc.typechecker.MethodSynthesis$MethodSynth.enterImplicitWrapper(MethodSynthesis.scala:229)
	at scala.tools.nsc.typechecker.MethodSynthesis$MethodSynth.enterImplicitWrapper$(MethodSynthesis.scala:228)
	at scala.tools.nsc.typechecker.Namers$Namer.enterImplicitWrapper(Namers.scala:58)
	at scala.tools.nsc.interactive.InteractiveAnalyzer$InteractiveNamer.enterExistingSym(Global.scala:94)
	at scala.tools.nsc.interactive.InteractiveAnalyzer$InteractiveNamer.enterExistingSym$(Global.scala:80)
	at scala.tools.nsc.interactive.InteractiveAnalyzer$$anon$2.enterExistingSym(Global.scala:51)
	at scala.tools.nsc.typechecker.Namers$Namer.standardEnterSym(Namers.scala:298)
	at scala.tools.nsc.typechecker.AnalyzerPlugins.pluginsEnterSym(AnalyzerPlugins.scala:479)
	at scala.tools.nsc.typechecker.AnalyzerPlugins.pluginsEnterSym$(AnalyzerPlugins.scala:478)
	at scala.meta.internal.pc.MetalsGlobal$MetalsInteractiveAnalyzer.pluginsEnterSym(MetalsGlobal.scala:40)
	at scala.tools.nsc.typechecker.Namers$Namer.enterSym(Namers.scala:272)
	at scala.tools.nsc.typechecker.Typers$Typer.enterSym(Typers.scala:1929)
	at scala.tools.nsc.typechecker.Typers$Typer.$anonfun$enterSyms$1(Typers.scala:1924)
	at scala.tools.nsc.typechecker.Typers$Typer.enterSyms(Typers.scala:1924)
	at scala.tools.nsc.typechecker.Typers$Typer.typedTemplate(Typers.scala:1986)
	at scala.tools.nsc.typechecker.Typers$Typer.typedClassDef(Typers.scala:1826)
	at scala.tools.nsc.typechecker.Typers$Typer.typed1(Typers.scala:5636)
	at scala.tools.nsc.typechecker.Typers$Typer.typed(Typers.scala:5716)
	at scala.tools.nsc.typechecker.Typers$Typer.typedStat$1(Typers.scala:5780)
	at scala.tools.nsc.typechecker.Typers$Typer.$anonfun$typedStats$10(Typers.scala:3353)
	at scala.tools.nsc.typechecker.Typers$Typer.typedStats(Typers.scala:3353)
	at scala.tools.nsc.typechecker.Typers$Typer.typedPackageDef$1(Typers.scala:5346)
	at scala.tools.nsc.typechecker.Typers$Typer.typed1(Typers.scala:5639)
	at scala.tools.nsc.typechecker.Typers$Typer.typed(Typers.scala:5716)
	at scala.tools.nsc.typechecker.Analyzer$typerFactory$TyperPhase.apply(Analyzer.scala:114)
	at scala.tools.nsc.Global$GlobalPhase.applyPhase(Global.scala:453)
	at scala.tools.nsc.interactive.Global$TyperRun.$anonfun$applyPhase$1(Global.scala:1340)
	at scala.tools.nsc.interactive.Global$TyperRun.applyPhase(Global.scala:1340)
	at scala.tools.nsc.interactive.Global$TyperRun.typeCheck(Global.scala:1333)
	at scala.tools.nsc.interactive.Global.typeCheck(Global.scala:665)
	at scala.tools.nsc.interactive.Global.typedTreeAt(Global.scala:814)
	at scala.tools.nsc.interactive.Global.completionsAt(Global.scala:1225)
	at scala.meta.internal.pc.CompletionProvider.safeCompletionsAt(CompletionProvider.scala:357)
	at scala.meta.internal.pc.CompletionProvider.completions(CompletionProvider.scala:47)

Sep 30, 2019 1:42:37 AM scala.meta.internal.pc.CompilerAccess retryWithCleanCompiler
INFO: compiler crashed due to an error in the Scala compiler, retrying with new compiler instance.
Sep 30, 2019 1:42:38 AM scala.meta.internal.pc.CompilerAccess handleError
SEVERE: implicit lazy class <error> extends  (of class scala.reflect.internal.Trees$ClassDef)
scala.MatchError: implicit lazy class <error> extends  (of class scala.reflect.internal.Trees$ClassDef)
	at scala.tools.nsc.typechecker.Unapplies.constrParamss(Unapplies.scala:64)
	at scala.tools.nsc.typechecker.Unapplies.factoryMeth(Unapplies.scala:141)
	at scala.tools.nsc.typechecker.Unapplies.factoryMeth$(Unapplies.scala:138)
	at scala.meta.internal.pc.MetalsGlobal$MetalsInteractiveAnalyzer.factoryMeth(MetalsGlobal.scala:40)
	at scala.tools.nsc.typechecker.MethodSynthesis$MethodSynth.enterImplicitWrapper(MethodSynthesis.scala:229)
	at scala.tools.nsc.typechecker.MethodSynthesis$MethodSynth.enterImplicitWrapper$(MethodSynthesis.scala:228)
	at scala.tools.nsc.typechecker.Namers$Namer.enterImplicitWrapper(Namers.scala:58)
	at scala.tools.nsc.interactive.InteractiveAnalyzer$InteractiveNamer.enterExistingSym(Global.scala:94)
	at scala.tools.nsc.interactive.InteractiveAnalyzer$InteractiveNamer.enterExistingSym$(Global.scala:80)
	at scala.tools.nsc.interactive.InteractiveAnalyzer$$anon$2.enterExistingSym(Global.scala:51)
	at scala.tools.nsc.typechecker.Namers$Namer.standardEnterSym(Namers.scala:298)
	at scala.tools.nsc.typechecker.AnalyzerPlugins.pluginsEnterSym(AnalyzerPlugins.scala:479)
	at scala.tools.nsc.typechecker.AnalyzerPlugins.pluginsEnterSym$(AnalyzerPlugins.scala:478)
	at scala.meta.internal.pc.MetalsGlobal$MetalsInteractiveAnalyzer.pluginsEnterSym(MetalsGlobal.scala:40)
	at scala.tools.nsc.typechecker.Namers$Namer.enterSym(Namers.scala:272)
	at scala.tools.nsc.typechecker.Typers$Typer.enterSym(Typers.scala:1929)
	at scala.tools.nsc.typechecker.Typers$Typer.$anonfun$enterSyms$1(Typers.scala:1924)
	at scala.tools.nsc.typechecker.Typers$Typer.enterSyms(Typers.scala:1924)
	at scala.tools.nsc.typechecker.Typers$Typer.typedTemplate(Typers.scala:1986)
	at scala.tools.nsc.typechecker.Typers$Typer.typedClassDef(Typers.scala:1826)
	at scala.tools.nsc.typechecker.Typers$Typer.typed1(Typers.scala:5636)
	at scala.tools.nsc.typechecker.Typers$Typer.typed(Typers.scala:5716)
	at scala.tools.nsc.typechecker.Typers$Typer.typedStat$1(Typers.scala:5780)
	at scala.tools.nsc.typechecker.Typers$Typer.$anonfun$typedStats$10(Typers.scala:3353)
	at scala.tools.nsc.typechecker.Typers$Typer.typedStats(Typers.scala:3353)
	at scala.tools.nsc.typechecker.Typers$Typer.typedPackageDef$1(Typers.scala:5346)
	at scala.tools.nsc.typechecker.Typers$Typer.typed1(Typers.scala:5639)
	at scala.tools.nsc.typechecker.Typers$Typer.typed(Typers.scala:5716)
	at scala.tools.nsc.typechecker.Analyzer$typerFactory$TyperPhase.apply(Analyzer.scala:114)
	at scala.tools.nsc.Global$GlobalPhase.applyPhase(Global.scala:453)
	at scala.tools.nsc.interactive.Global$TyperRun.$anonfun$applyPhase$1(Global.scala:1340)
	at scala.tools.nsc.interactive.Global$TyperRun.applyPhase(Global.scala:1340)
	at scala.tools.nsc.interactive.Global$TyperRun.typeCheck(Global.scala:1333)
	at scala.tools.nsc.interactive.Global.typeCheck(Global.scala:665)
	at scala.tools.nsc.interactive.Global.typedTreeAt(Global.scala:814)
	at scala.tools.nsc.interactive.Global.completionsAt(Global.scala:1225)
	at scala.meta.internal.pc.CompletionProvider.safeCompletionsAt(CompletionProvider.scala:357)
	at scala.meta.internal.pc.CompletionProvider.completions(CompletionProvider.scala:47)

Sep 30, 2019 1:42:38 AM scala.meta.internal.pc.CompilerAccess retryWithCleanCompiler
INFO: compiler crashed due to an error in the Scala compiler, retrying with new compiler instance.
Sep 30, 2019 1:42:38 AM scala.meta.internal.pc.CompilerAccess handleError
SEVERE: implicit lazy class <error> extends  (of class scala.reflect.internal.Trees$ClassDef)
scala.MatchError: implicit lazy class <error> extends  (of class scala.reflect.internal.Trees$ClassDef)
	at scala.tools.nsc.typechecker.Unapplies.constrParamss(Unapplies.scala:64)
	at scala.tools.nsc.typechecker.Unapplies.factoryMeth(Unapplies.scala:141)
	at scala.tools.nsc.typechecker.Unapplies.factoryMeth$(Unapplies.scala:138)
	at scala.meta.internal.pc.MetalsGlobal$MetalsInteractiveAnalyzer.factoryMeth(MetalsGlobal.scala:40)
	at scala.tools.nsc.typechecker.MethodSynthesis$MethodSynth.enterImplicitWrapper(MethodSynthesis.scala:229)
	at scala.tools.nsc.typechecker.MethodSynthesis$MethodSynth.enterImplicitWrapper$(MethodSynthesis.scala:228)
	at scala.tools.nsc.typechecker.Namers$Namer.enterImplicitWrapper(Namers.scala:58)
	at scala.tools.nsc.interactive.InteractiveAnalyzer$InteractiveNamer.enterExistingSym(Global.scala:94)
	at scala.tools.nsc.interactive.InteractiveAnalyzer$InteractiveNamer.enterExistingSym$(Global.scala:80)
	at scala.tools.nsc.interactive.InteractiveAnalyzer$$anon$2.enterExistingSym(Global.scala:51)
	at scala.tools.nsc.typechecker.Namers$Namer.standardEnterSym(Namers.scala:298)
	at scala.tools.nsc.typechecker.AnalyzerPlugins.pluginsEnterSym(AnalyzerPlugins.scala:479)
	at scala.tools.nsc.typechecker.AnalyzerPlugins.pluginsEnterSym$(AnalyzerPlugins.scala:478)
	at scala.meta.internal.pc.MetalsGlobal$MetalsInteractiveAnalyzer.pluginsEnterSym(MetalsGlobal.scala:40)
	at scala.tools.nsc.typechecker.Namers$Namer.enterSym(Namers.scala:272)
	at scala.tools.nsc.typechecker.Typers$Typer.enterSym(Typers.scala:1929)
	at scala.tools.nsc.typechecker.Typers$Typer.$anonfun$enterSyms$1(Typers.scala:1924)
	at scala.tools.nsc.typechecker.Typers$Typer.enterSyms(Typers.scala:1924)
	at scala.tools.nsc.typechecker.Typers$Typer.typedTemplate(Typers.scala:1986)
	at scala.tools.nsc.typechecker.Typers$Typer.typedClassDef(Typers.scala:1826)
	at scala.tools.nsc.typechecker.Typers$Typer.typed1(Typers.scala:5636)
	at scala.tools.nsc.typechecker.Typers$Typer.typed(Typers.scala:5716)
	at scala.tools.nsc.typechecker.Typers$Typer.typedStat$1(Typers.scala:5780)
	at scala.tools.nsc.typechecker.Typers$Typer.$anonfun$typedStats$10(Typers.scala:3353)
	at scala.tools.nsc.typechecker.Typers$Typer.typedStats(Typers.scala:3353)
	at scala.tools.nsc.typechecker.Typers$Typer.typedPackageDef$1(Typers.scala:5346)
	at scala.tools.nsc.typechecker.Typers$Typer.typed1(Typers.scala:5639)
	at scala.tools.nsc.typechecker.Typers$Typer.typed(Typers.scala:5716)
	at scala.tools.nsc.typechecker.Analyzer$typerFactory$TyperPhase.apply(Analyzer.scala:114)
	at scala.tools.nsc.Global$GlobalPhase.applyPhase(Global.scala:453)
	at scala.tools.nsc.interactive.Global$TyperRun.$anonfun$applyPhase$1(Global.scala:1340)
	at scala.tools.nsc.interactive.Global$TyperRun.applyPhase(Global.scala:1340)
	at scala.tools.nsc.interactive.Global$TyperRun.typeCheck(Global.scala:1333)
	at scala.tools.nsc.interactive.Global.typeCheck(Global.scala:665)
	at scala.tools.nsc.interactive.Global.typedTreeAt(Global.scala:814)
	at scala.tools.nsc.interactive.Global.completionsAt(Global.scala:1225)
	at scala.meta.internal.pc.CompletionProvider.safeCompletionsAt(CompletionProvider.scala:357)
	at scala.meta.internal.pc.CompletionProvider.completions(CompletionProvider.scala:47)

Sep 30, 2019 1:42:38 AM scala.meta.internal.pc.CompilerAccess retryWithCleanCompiler
INFO: compiler crashed due to an error in the Scala compiler, retrying with new compiler instance.
Sep 30, 2019 1:42:38 AM scala.meta.internal.pc.CompilerAccess handleError
SEVERE: implicit lazy class <error> extends  (of class scala.reflect.internal.Trees$ClassDef)
scala.MatchError: implicit lazy class <error> extends  (of class scala.reflect.internal.Trees$ClassDef)
	at scala.tools.nsc.typechecker.Unapplies.constrParamss(Unapplies.scala:64)
	at scala.tools.nsc.typechecker.Unapplies.factoryMeth(Unapplies.scala:141)
	at scala.tools.nsc.typechecker.Unapplies.factoryMeth$(Unapplies.scala:138)
	at scala.meta.internal.pc.MetalsGlobal$MetalsInteractiveAnalyzer.factoryMeth(MetalsGlobal.scala:40)
	at scala.tools.nsc.typechecker.MethodSynthesis$MethodSynth.enterImplicitWrapper(MethodSynthesis.scala:229)
	at scala.tools.nsc.typechecker.MethodSynthesis$MethodSynth.enterImplicitWrapper$(MethodSynthesis.scala:228)
	at scala.tools.nsc.typechecker.Namers$Namer.enterImplicitWrapper(Namers.scala:58)
	at scala.tools.nsc.interactive.InteractiveAnalyzer$InteractiveNamer.enterExistingSym(Global.scala:94)
	at scala.tools.nsc.interactive.InteractiveAnalyzer$InteractiveNamer.enterExistingSym$(Global.scala:80)
	at scala.tools.nsc.interactive.InteractiveAnalyzer$$anon$2.enterExistingSym(Global.scala:51)
	at scala.tools.nsc.typechecker.Namers$Namer.standardEnterSym(Namers.scala:298)
	at scala.tools.nsc.typechecker.AnalyzerPlugins.pluginsEnterSym(AnalyzerPlugins.scala:479)
	at scala.tools.nsc.typechecker.AnalyzerPlugins.pluginsEnterSym$(AnalyzerPlugins.scala:478)
	at scala.meta.internal.pc.MetalsGlobal$MetalsInteractiveAnalyzer.pluginsEnterSym(MetalsGlobal.scala:40)
	at scala.tools.nsc.typechecker.Namers$Namer.enterSym(Namers.scala:272)
	at scala.tools.nsc.typechecker.Typers$Typer.enterSym(Typers.scala:1929)
	at scala.tools.nsc.typechecker.Typers$Typer.$anonfun$enterSyms$1(Typers.scala:1924)
	at scala.tools.nsc.typechecker.Typers$Typer.enterSyms(Typers.scala:1924)
	at scala.tools.nsc.typechecker.Typers$Typer.typedTemplate(Typers.scala:1986)
	at scala.tools.nsc.typechecker.Typers$Typer.typedClassDef(Typers.scala:1826)
	at scala.tools.nsc.typechecker.Typers$Typer.typed1(Typers.scala:5636)
	at scala.tools.nsc.typechecker.Typers$Typer.typed(Typers.scala:5716)
	at scala.tools.nsc.typechecker.Typers$Typer.typedStat$1(Typers.scala:5780)
	at scala.tools.nsc.typechecker.Typers$Typer.$anonfun$typedStats$10(Typers.scala:3353)
	at scala.tools.nsc.typechecker.Typers$Typer.typedStats(Typers.scala:3353)
	at scala.tools.nsc.typechecker.Typers$Typer.typedPackageDef$1(Typers.scala:5346)
	at scala.tools.nsc.typechecker.Typers$Typer.typed1(Typers.scala:5639)
	at scala.tools.nsc.typechecker.Typers$Typer.typed(Typers.scala:5716)
	at scala.tools.nsc.typechecker.Analyzer$typerFactory$TyperPhase.apply(Analyzer.scala:114)
	at scala.tools.nsc.Global$GlobalPhase.applyPhase(Global.scala:453)
	at scala.tools.nsc.interactive.Global$TyperRun.$anonfun$applyPhase$1(Global.scala:1340)
	at scala.tools.nsc.interactive.Global$TyperRun.applyPhase(Global.scala:1340)
	at scala.tools.nsc.interactive.Global$TyperRun.typeCheck(Global.scala:1333)
	at scala.tools.nsc.interactive.Global.typeCheck(Global.scala:665)
	at scala.tools.nsc.interactive.Global.typedTreeAt(Global.scala:814)
	at scala.tools.nsc.interactive.Global.completionsAt(Global.scala:1225)
	at scala.meta.internal.pc.CompletionProvider.safeCompletionsAt(CompletionProvider.scala:357)
	at scala.meta.internal.pc.CompletionProvider.completions(CompletionProvider.scala:47)

INFO  compiling akka-slick (1 scala source)
INFO  time: compiled akka-slick in 1.24s
INFO  compiling akka-slick (1 scala source)
INFO  time: compiled akka-slick in 1.02s
INFO  compiling akka-slick (3 scala sources)
WARN  there were two deprecation warnings (since 3.2); re-run with -deprecation for details
INFO  time: compiled akka-slick in 1.1s
INFO  compiling akka-slick (1 scala source)
INFO  time: compiled akka-slick in 0.25s
INFO  compiling akka-slick (1 scala source)
INFO  time: compiled akka-slick in 1.07s
Sep 30, 2019 1:44:58 AM scala.meta.internal.pc.CompilerAccess handleError
SEVERE: null
java.lang.NullPointerException
	at scala.meta.internal.pc.HoverProvider.seenFromType(HoverProvider.scala:106)
	at scala.meta.internal.pc.HoverProvider.hover(HoverProvider.scala:42)

Sep 30, 2019 1:45:34 AM scala.meta.internal.pc.CompilerAccess handleError
SEVERE: null
java.lang.NullPointerException
	at scala.meta.internal.pc.HoverProvider.seenFromType(HoverProvider.scala:106)
	at scala.meta.internal.pc.HoverProvider.hover(HoverProvider.scala:42)

INFO  compiling akka-slick (1 scala source)
INFO  time: compiled akka-slick in 0.23s
INFO  compiling akka-slick (1 scala source)
INFO  time: compiled akka-slick in 0.81s
INFO  compiling akka-slick (1 scala source)
INFO  time: compiled akka-slick in 0.25s
INFO  compiling akka-slick (1 scala source)
INFO  time: compiled akka-slick in 0.82s
WARN  no build target: /Users/abyssparanoia/workspace/other/scala-playground/akka-slick/build.sbt
WARN  no build target: 
INFO  running '/Library/Java/JavaVirtualMachines/amazon-corretto-8.jdk/Contents/Home/bin/java -Djline.terminal=jline.UnsupportedTerminal -Dsbt.log.noformat=true -Dfile.encoding=UTF-8 -jar /var/folders/mp/xq7jcdg54rz3v6m1kjp7nt3c0000gn/T/metals2863233696705932863/sbt-launch.jar metalsEnable bloopInstall'
INFO  [info] Loading settings for project global-plugins from plugins.sbt,metals.sbt ...
INFO  [info] Loading global plugins from /Users/abyssparanoia/.sbt/1.0/plugins
INFO  [info] Updating ProjectRef(uri("file:/Users/abyssparanoia/.sbt/1.0/plugins/"), "global-plugins")...
INFO  [info] Done updating.
INFO  [info] Loading project definition from /Users/abyssparanoia/workspace/other/scala-playground/akka-slick/project
INFO  [info] Updating ProjectRef(uri("file:/Users/abyssparanoia/workspace/other/scala-playground/akka-slick/project/"), "akka-slick-build")...
INFO  [info] Done updating.
INFO  [success] Generated .bloop/akka-slick-build.json
INFO  [success] Total time: 1 s, completed Sep 30, 2019 1:48:35 AM
INFO  [info] Updating ProjectRef(uri("file:/Users/abyssparanoia/workspace/other/scala-playground/akka-slick/project/"), "akka-slick-build")...
INFO  [info] Done updating.
INFO  [info] Loading settings for project akka-slick from build.sbt ...
INFO  [info] Set current project to akka-slick (in build file:/Users/abyssparanoia/workspace/other/scala-playground/akka-slick/)
INFO  [info] Set current project to akka-slick (in build file:/Users/abyssparanoia/workspace/other/scala-playground/akka-slick/)
INFO  [info] semanticdb-scalac is enabled
INFO  [info] Updating ...
INFO  [info] downloading https://repo1.maven.org/maven2/com/typesafe/akka/akka-stream_2.12/2.5.23/akka-stream_2.12-2.5.23.jar ...
INFO  [info] downloading https://repo1.maven.org/maven2/com/typesafe/akka/akka-actor_2.12/2.5.23/akka-actor_2.12-2.5.23.jar ...
INFO  [info] downloading https://repo1.maven.org/maven2/com/typesafe/ssl-config-core_2.12/0.3.7/ssl-config-core_2.12-0.3.7.jar ...
INFO  [info] downloading https://repo1.maven.org/maven2/com/typesafe/akka/akka-protobuf_2.12/2.5.23/akka-protobuf_2.12-2.5.23.jar ...
INFO  [info] downloading https://repo1.maven.org/maven2/org/scala-lang/modules/scala-parser-combinators_2.12/1.1.1/scala-parser-combinators_2.12-1.1.1.jar ...
INFO  [info] 	[SUCCESSFUL ] org.scala-lang.modules#scala-parser-combinators_2.12;1.1.1!scala-parser-combinators_2.12.jar(bundle) (1247ms)
INFO  [info] 	[SUCCESSFUL ] com.typesafe#ssl-config-core_2.12;0.3.7!ssl-config-core_2.12.jar(bundle) (1317ms)
INFO  [info] 	[SUCCESSFUL ] com.typesafe.akka#akka-protobuf_2.12;2.5.23!akka-protobuf_2.12.jar (1468ms)
INFO  [info] 	[SUCCESSFUL ] com.typesafe.akka#akka-actor_2.12;2.5.23!akka-actor_2.12.jar (2308ms)
INFO  [info] 	[SUCCESSFUL ] com.typesafe.akka#akka-stream_2.12;2.5.23!akka-stream_2.12.jar (2363ms)
INFO  [info] Done updating.
INFO  [warn] There may be incompatibilities among your library dependencies; run 'evicted' to see detailed eviction warnings.
INFO  [info] downloading https://repo1.maven.org/maven2/org/scala-lang/modules/scala-parser-combinators_2.12/1.1.1/scala-parser-combinators_2.12-1.1.1-sources.jar ...
INFO  [info] downloading https://repo1.maven.org/maven2/com/typesafe/akka/akka-protobuf_2.12/2.5.23/akka-protobuf_2.12-2.5.23-sources.jar ...
INFO  [info] downloading https://repo1.maven.org/maven2/com/typesafe/ssl-config-core_2.12/0.3.7/ssl-config-core_2.12-0.3.7-sources.jar ...
INFO  [info] downloading https://repo1.maven.org/maven2/com/typesafe/akka/akka-stream_2.12/2.5.23/akka-stream_2.12-2.5.23-sources.jar ...
INFO  [info] downloading https://repo1.maven.org/maven2/com/typesafe/akka/akka-actor_2.12/2.5.23/akka-actor_2.12-2.5.23-sources.jar ...
INFO  [info] 	[SUCCESSFUL ] org.scala-lang.modules#scala-parser-combinators_2.12;1.1.1!scala-parser-combinators_2.12.jar(src) (535ms)
INFO  [info] 	[SUCCESSFUL ] com.typesafe#ssl-config-core_2.12;0.3.7!ssl-config-core_2.12.jar(src) (600ms)
INFO  [info] 	[SUCCESSFUL ] com.typesafe.akka#akka-protobuf_2.12;2.5.23!akka-protobuf_2.12.jar(src) (665ms)
INFO  [info] 	[SUCCESSFUL ] com.typesafe.akka#akka-stream_2.12;2.5.23!akka-stream_2.12.jar(src) (695ms)
INFO  [info] 	[SUCCESSFUL ] com.typesafe.akka#akka-actor_2.12;2.5.23!akka-actor_2.12.jar(src) (829ms)
INFO  [success] Generated .bloop/akka-slick.json
INFO  [success] Generated .bloop/akka-slick-test.json
INFO  [success] Total time: 8 s, completed Sep 30, 2019 1:48:47 AM
INFO  build tool exit: 0
INFO  time: ran 'sbt bloopInstall' in 19s
INFO  disconnected: build server
shutdown request received: build/shutdown
[0m[31m[E][0m BSP server cancelled, closing socket...
Client in /Users/abyssparanoia/workspace/other/scala-playground/akka-slick/.bloop triggered cancellation. Cancelling tasks...
INFO  bloop exit: 0
INFO  running embedded 'bloop bsp --protocol local --socket /var/folders/mp/xq7jcdg54rz3v6m1kjp7nt3c0000gn/T/bsp8363039969749691424/-1ppwbfamtbbpy.socket'
The server is listening for incoming connections at local:///var/folders/mp/xq7jcdg54rz3v6m1kjp7nt3c0000gn/T/bsp8363039969749691424/-1ppwbfamtbbpy.socket...
Accepted incoming BSP client connection at local:///var/folders/mp/xq7jcdg54rz3v6m1kjp7nt3c0000gn/T/bsp8363039969749691424/-1ppwbfamtbbpy.socket
INFO  tracing is disabled for protocol BSP, to enable tracing of incoming and outgoing JSON messages create an empty file at /Users/abyssparanoia/Library/Caches/org.scalameta.metals/bsp.trace.json
request received: build/initialize
INFO  time: connected to build server in 0.21s
BSP initialization handshake complete.
INFO  time: indexed workspace in 0.39s
INFO  compiling akka-slick (5 scala sources)
WARN  there were two deprecation warnings (since 3.2); re-run with -deprecation for details
INFO  time: compiled akka-slick in 1.58s
